<?xml version="1.0" encoding="UTF-8"?>
<robot generator="Robot 3.1.2 (Python 3.7.6 on win32)" generated="20200720 13:17:52.590" rpa="false">
<suite id="s1" name="Sinamope" source="C:\TEST_SINAMOPE\test\sinamope.robot">
<test id="s1-t1" name="CC001 SINAMOPE (SISTEMA SINAMOPE)(DESCARGAR REPORTE PDF)">
<kw name="Esperar Iniciar ok" library="recursos">
<arguments>
<arg>35</arg>
</arguments>
<kw name="Set Selenium Timeout" library="SeleniumLibrary">
<doc>Sets the timeout that is used by various keywords.</doc>
<arguments>
<arg>${arg1} seconds</arg>
</arguments>
<status status="PASS" starttime="20200720 13:17:54.323" endtime="20200720 13:17:54.323"></status>
</kw>
<status status="PASS" starttime="20200720 13:17:54.322" endtime="20200720 13:17:54.323"></status>
</kw>
<kw name="Descargar_pdf_ok" library="casos_sinamope">
<arguments>
<arg>${url}</arg>
<arg>${navegador}</arg>
</arguments>
<kw name="Esperar Iniciar Forzar" library="recursos">
<arguments>
<arg>15</arg>
</arguments>
<kw name="Set Selenium Implicit Wait" library="SeleniumLibrary">
<doc>Sets the implicit wait value used by Selenium.</doc>
<arguments>
<arg>${arg1} seconds</arg>
</arguments>
<status status="PASS" starttime="20200720 13:17:54.324" endtime="20200720 13:17:54.325"></status>
</kw>
<status status="PASS" starttime="20200720 13:17:54.324" endtime="20200720 13:17:54.325"></status>
</kw>
<kw name="Esperar Iniciar ok" library="recursos">
<arguments>
<arg>5</arg>
</arguments>
<kw name="Set Selenium Timeout" library="SeleniumLibrary">
<doc>Sets the timeout that is used by various keywords.</doc>
<arguments>
<arg>${arg1} seconds</arg>
</arguments>
<status status="PASS" starttime="20200720 13:17:54.325" endtime="20200720 13:17:54.325"></status>
</kw>
<status status="PASS" starttime="20200720 13:17:54.325" endtime="20200720 13:17:54.325"></status>
</kw>
<kw name="Dormir Todos" library="recursos">
<arguments>
<arg>${tiempo}</arg>
</arguments>
<kw name="Set Selenium Speed" library="SeleniumLibrary">
<doc>Sets the delay that is waited after each Selenium command.</doc>
<arguments>
<arg>${arg1} seconds</arg>
</arguments>
<status status="PASS" starttime="20200720 13:17:54.326" endtime="20200720 13:17:54.326"></status>
</kw>
<status status="PASS" starttime="20200720 13:17:54.325" endtime="20200720 13:17:54.326"></status>
</kw>
<kw name="Abrir navegador" library="recursos">
<arguments>
<arg>${arg1}</arg>
<arg>${arg2}</arg>
</arguments>
<kw name="Open Browser" library="SeleniumLibrary">
<doc>Opens a new browser instance to the optional ``url``.</doc>
<arguments>
<arg>${arg1}</arg>
<arg>${arg2}</arg>
</arguments>
<msg timestamp="20200720 13:17:54.326" level="INFO">Opening browser 'chrome' to base url 'https://libssl.senasica.gob.mx/sinamope/login.xhtml'.</msg>
<status status="PASS" starttime="20200720 13:17:54.326" endtime="20200720 13:17:59.612"></status>
</kw>
<status status="PASS" starttime="20200720 13:17:54.326" endtime="20200720 13:17:59.612"></status>
</kw>
<kw name="Maximizar" library="recursos">
<kw name="Maximize Browser Window" library="SeleniumLibrary">
<doc>Maximizes current browser window.</doc>
<status status="PASS" starttime="20200720 13:17:59.612" endtime="20200720 13:18:01.833"></status>
</kw>
<status status="PASS" starttime="20200720 13:17:59.612" endtime="20200720 13:18:01.833"></status>
</kw>
<kw name="Click" library="recursos">
<arguments>
<arg>//*[@id="details-button"]</arg>
</arguments>
<kw name="Click Element" library="SeleniumLibrary">
<doc>Click the element identified by ``locator``.</doc>
<arguments>
<arg>xpath=${arg1}</arg>
</arguments>
<msg timestamp="20200720 13:18:01.833" level="INFO">Clicking element 'xpath=//*[@id="details-button"]'.</msg>
<status status="PASS" starttime="20200720 13:18:01.833" endtime="20200720 13:18:02.089"></status>
</kw>
<status status="PASS" starttime="20200720 13:18:01.833" endtime="20200720 13:18:02.089"></status>
</kw>
<kw name="Click" library="recursos">
<arguments>
<arg>//*[@id="proceed-link"]</arg>
</arguments>
<kw name="Click Element" library="SeleniumLibrary">
<doc>Click the element identified by ``locator``.</doc>
<arguments>
<arg>xpath=${arg1}</arg>
</arguments>
<msg timestamp="20200720 13:18:02.091" level="INFO">Clicking element 'xpath=//*[@id="proceed-link"]'.</msg>
<status status="PASS" starttime="20200720 13:18:02.090" endtime="20200720 13:18:03.235"></status>
</kw>
<status status="PASS" starttime="20200720 13:18:02.089" endtime="20200720 13:18:03.235"></status>
</kw>
<kw name="Texto" library="recursos">
<arguments>
<arg>(//input[@class='form-control'])[1]</arg>
<arg>${usr1}</arg>
</arguments>
<kw name="Input Text" library="SeleniumLibrary">
<doc>Types the given ``text`` into the text field identified by ``locator``.</doc>
<arguments>
<arg>xpath=${arg1}</arg>
<arg>${arg2}</arg>
</arguments>
<msg timestamp="20200720 13:18:03.236" level="INFO">Typing text 'diego.garcia' into text field 'xpath=(//input[@class='form-control'])[1]'.</msg>
<status status="PASS" starttime="20200720 13:18:03.236" endtime="20200720 13:18:03.665"></status>
</kw>
<status status="PASS" starttime="20200720 13:18:03.235" endtime="20200720 13:18:03.665"></status>
</kw>
<kw name="Texto" library="recursos">
<arguments>
<arg>(//input[@class='form-control'])[2]</arg>
<arg>${pass1}</arg>
</arguments>
<kw name="Input Text" library="SeleniumLibrary">
<doc>Types the given ``text`` into the text field identified by ``locator``.</doc>
<arguments>
<arg>xpath=${arg1}</arg>
<arg>${arg2}</arg>
</arguments>
<msg timestamp="20200720 13:18:03.666" level="INFO">Typing text 'lib18' into text field 'xpath=(//input[@class='form-control'])[2]'.</msg>
<status status="PASS" starttime="20200720 13:18:03.665" endtime="20200720 13:18:04.085"></status>
</kw>
<status status="PASS" starttime="20200720 13:18:03.665" endtime="20200720 13:18:04.085"></status>
</kw>
<kw name="Click" library="recursos">
<arguments>
<arg>//input[@id='sinamope:btnEntrar']</arg>
</arguments>
<kw name="Click Element" library="SeleniumLibrary">
<doc>Click the element identified by ``locator``.</doc>
<arguments>
<arg>xpath=${arg1}</arg>
</arguments>
<msg timestamp="20200720 13:18:04.086" level="INFO">Clicking element 'xpath=//input[@id='sinamope:btnEntrar']'.</msg>
<status status="PASS" starttime="20200720 13:18:04.086" endtime="20200720 13:18:05.376"></status>
</kw>
<status status="PASS" starttime="20200720 13:18:04.085" endtime="20200720 13:18:05.376"></status>
</kw>
<kw name="Dormir" library="recursos">
<arguments>
<arg>1</arg>
</arguments>
<kw name="Sleep" library="BuiltIn">
<doc>Pauses the test executed for the given time.</doc>
<arguments>
<arg>${arg1}</arg>
</arguments>
<msg timestamp="20200720 13:18:06.378" level="INFO">Slept 1 second</msg>
<status status="PASS" starttime="20200720 13:18:05.377" endtime="20200720 13:18:06.378"></status>
</kw>
<status status="PASS" starttime="20200720 13:18:05.376" endtime="20200720 13:18:06.379"></status>
</kw>
<kw name="Click" library="recursos">
<arguments>
<arg>(//a[@data-advertencia='no'][contains(.,'Movilización')])[1]</arg>
</arguments>
<kw name="Click Element" library="SeleniumLibrary">
<doc>Click the element identified by ``locator``.</doc>
<arguments>
<arg>xpath=${arg1}</arg>
</arguments>
<msg timestamp="20200720 13:18:06.381" level="INFO">Clicking element 'xpath=(//a[@data-advertencia='no'][contains(.,'Movilización')])[1]'.</msg>
<status status="PASS" starttime="20200720 13:18:06.380" endtime="20200720 13:18:06.700"></status>
</kw>
<status status="PASS" starttime="20200720 13:18:06.379" endtime="20200720 13:18:06.700"></status>
</kw>
<kw name="Dormir" library="recursos">
<arguments>
<arg>1</arg>
</arguments>
<kw name="Sleep" library="BuiltIn">
<doc>Pauses the test executed for the given time.</doc>
<arguments>
<arg>${arg1}</arg>
</arguments>
<msg timestamp="20200720 13:18:07.702" level="INFO">Slept 1 second</msg>
<status status="PASS" starttime="20200720 13:18:06.700" endtime="20200720 13:18:07.702"></status>
</kw>
<status status="PASS" starttime="20200720 13:18:06.700" endtime="20200720 13:18:07.702"></status>
</kw>
<kw name="Click" library="recursos">
<arguments>
<arg>//a[contains(@id,'sinamope:lnkMovilizacionAnimales')]</arg>
</arguments>
<kw name="Click Element" library="SeleniumLibrary">
<doc>Click the element identified by ``locator``.</doc>
<arguments>
<arg>xpath=${arg1}</arg>
</arguments>
<msg timestamp="20200720 13:18:07.705" level="INFO">Clicking element 'xpath=//a[contains(@id,'sinamope:lnkMovilizacionAnimales')]'.</msg>
<status status="PASS" starttime="20200720 13:18:07.704" endtime="20200720 13:18:08.557"></status>
</kw>
<status status="PASS" starttime="20200720 13:18:07.703" endtime="20200720 13:18:08.557"></status>
</kw>
<kw name="Dormir" library="recursos">
<arguments>
<arg>2</arg>
</arguments>
<kw name="Sleep" library="BuiltIn">
<doc>Pauses the test executed for the given time.</doc>
<arguments>
<arg>${arg1}</arg>
</arguments>
<msg timestamp="20200720 13:18:10.559" level="INFO">Slept 2 seconds</msg>
<status status="PASS" starttime="20200720 13:18:08.557" endtime="20200720 13:18:10.559"></status>
</kw>
<status status="PASS" starttime="20200720 13:18:08.557" endtime="20200720 13:18:10.560"></status>
</kw>
<kw name="Leer numero de filas" library="recursos">
<arguments>
<arg>Hoja1</arg>
</arguments>
<assign>
<var>${rows}</var>
</assign>
<kw name="Numero De Filas" library="ReadData">
<arguments>
<arg>${hoja}</arg>
</arguments>
<assign>
<var>${maxr}</var>
</assign>
<msg timestamp="20200720 13:18:10.562" level="INFO">${maxr} = 15</msg>
<status status="PASS" starttime="20200720 13:18:10.561" endtime="20200720 13:18:10.562"></status>
</kw>
<msg timestamp="20200720 13:18:10.562" level="INFO">${rows} = 15</msg>
<status status="PASS" starttime="20200720 13:18:10.560" endtime="20200720 13:18:10.562"></status>
</kw>
<kw name="${i} IN RANGE [ 1 | ${rows}+1 ]" type="for">
<kw name="${i} = 1" type="foritem">
<kw name="Leer celda" library="recursos">
<arguments>
<arg>Hoja1</arg>
<arg>${i}</arg>
<arg>1</arg>
</arguments>
<assign>
<var>${usuario}</var>
</assign>
<kw name="Cell Data" library="ReadData">
<arguments>
<arg>${hoja}</arg>
<arg>${fila}</arg>
<arg>${celda}</arg>
</arguments>
<assign>
<var>${celldata}</var>
</assign>
<msg timestamp="20200720 13:18:10.566" level="INFO">${celldata} = DONOVAN GUTIERREZ</msg>
<status status="PASS" starttime="20200720 13:18:10.564" endtime="20200720 13:18:10.566"></status>
</kw>
<msg timestamp="20200720 13:18:10.567" level="INFO">${usuario} = DONOVAN GUTIERREZ</msg>
<status status="PASS" starttime="20200720 13:18:10.563" endtime="20200720 13:18:10.567"></status>
</kw>
<kw name="Leer celda" library="recursos">
<arguments>
<arg>Hoja1</arg>
<arg>${i}</arg>
<arg>3</arg>
</arguments>
<assign>
<var>${direccion}</var>
</assign>
<kw name="Cell Data" library="ReadData">
<arguments>
<arg>${hoja}</arg>
<arg>${fila}</arg>
<arg>${celda}</arg>
</arguments>
<assign>
<var>${celldata}</var>
</assign>
<msg timestamp="20200720 13:18:10.569" level="INFO">${celldata} = SUCURSAL 29 COLONIA VALLEJO SUR</msg>
<status status="PASS" starttime="20200720 13:18:10.568" endtime="20200720 13:18:10.569"></status>
</kw>
<msg timestamp="20200720 13:18:10.570" level="INFO">${direccion} = SUCURSAL 29 COLONIA VALLEJO SUR</msg>
<status status="PASS" starttime="20200720 13:18:10.567" endtime="20200720 13:18:10.570"></status>
</kw>
<kw name="Texto" library="recursos">
<arguments>
<arg>(//input[contains(@type,'text')])[1]</arg>
<arg>${usuario}</arg>
</arguments>
<kw name="Input Text" library="SeleniumLibrary">
<doc>Types the given ``text`` into the text field identified by ``locator``.</doc>
<arguments>
<arg>xpath=${arg1}</arg>
<arg>${arg2}</arg>
</arguments>
<msg timestamp="20200720 13:18:10.573" level="INFO">Typing text 'DONOVAN GUTIERREZ' into text field 'xpath=(//input[contains(@type,'text')])[1]'.</msg>
<status status="PASS" starttime="20200720 13:18:10.573" endtime="20200720 13:18:11.285"></status>
</kw>
<status status="PASS" starttime="20200720 13:18:10.570" endtime="20200720 13:18:11.285"></status>
</kw>
<kw name="Click" library="recursos">
<arguments>
<arg>(//input[contains(@type,'button')])[1]</arg>
</arguments>
<kw name="Click Element" library="SeleniumLibrary">
<doc>Click the element identified by ``locator``.</doc>
<arguments>
<arg>xpath=${arg1}</arg>
</arguments>
<msg timestamp="20200720 13:18:11.286" level="INFO">Clicking element 'xpath=(//input[contains(@type,'button')])[1]'.</msg>
<status status="PASS" starttime="20200720 13:18:11.285" endtime="20200720 13:18:11.582"></status>
</kw>
<status status="PASS" starttime="20200720 13:18:11.285" endtime="20200720 13:18:11.582"></status>
</kw>
<kw name="Dormir" library="recursos">
<arguments>
<arg>1</arg>
</arguments>
<kw name="Sleep" library="BuiltIn">
<doc>Pauses the test executed for the given time.</doc>
<arguments>
<arg>${arg1}</arg>
</arguments>
<msg timestamp="20200720 13:18:12.586" level="INFO">Slept 1 second</msg>
<status status="PASS" starttime="20200720 13:18:11.584" endtime="20200720 13:18:12.586"></status>
</kw>
<status status="PASS" starttime="20200720 13:18:11.583" endtime="20200720 13:18:12.588"></status>
</kw>
<kw name="SLI" library="recursos">
<arguments>
<arg>(//select[contains(@class,'form-control')])[4]</arg>
<arg>2</arg>
</arguments>
<kw name="Select From List By Index" library="SeleniumLibrary">
<doc>Selects options from selection list ``locator`` by ``indexes``.</doc>
<arguments>
<arg>${arg1}</arg>
<arg>${arg2}</arg>
</arguments>
<msg timestamp="20200720 13:18:12.590" level="INFO">Selecting options from selection list '(//select[contains(@class,'form-control')])[4]' by index 2.</msg>
<status status="PASS" starttime="20200720 13:18:12.589" endtime="20200720 13:18:13.890"></status>
</kw>
<status status="PASS" starttime="20200720 13:18:12.588" endtime="20200720 13:18:13.890"></status>
</kw>
<kw name="Dormir" library="recursos">
<arguments>
<arg>1</arg>
</arguments>
<kw name="Sleep" library="BuiltIn">
<doc>Pauses the test executed for the given time.</doc>
<arguments>
<arg>${arg1}</arg>
</arguments>
<msg timestamp="20200720 13:18:14.891" level="INFO">Slept 1 second</msg>
<status status="PASS" starttime="20200720 13:18:13.890" endtime="20200720 13:18:14.891"></status>
</kw>
<status status="PASS" starttime="20200720 13:18:13.890" endtime="20200720 13:18:14.892"></status>
</kw>
<kw name="Click" library="recursos">
<arguments>
<arg>//a[contains(@id,'sinamope:dtSucursales:0:lnkSelSucursal')]</arg>
</arguments>
<kw name="Click Element" library="SeleniumLibrary">
<doc>Click the element identified by ``locator``.</doc>
<arguments>
<arg>xpath=${arg1}</arg>
</arguments>
<msg timestamp="20200720 13:18:14.894" level="INFO">Clicking element 'xpath=//a[contains(@id,'sinamope:dtSucursales:0:lnkSelSucursal')]'.</msg>
<status status="PASS" starttime="20200720 13:18:14.894" endtime="20200720 13:18:15.473"></status>
</kw>
<status status="PASS" starttime="20200720 13:18:14.892" endtime="20200720 13:18:15.473"></status>
</kw>
<kw name="Dormir" library="recursos">
<arguments>
<arg>1</arg>
</arguments>
<kw name="Sleep" library="BuiltIn">
<doc>Pauses the test executed for the given time.</doc>
<arguments>
<arg>${arg1}</arg>
</arguments>
<msg timestamp="20200720 13:18:16.475" level="INFO">Slept 1 second</msg>
<status status="PASS" starttime="20200720 13:18:15.473" endtime="20200720 13:18:16.475"></status>
</kw>
<status status="PASS" starttime="20200720 13:18:15.473" endtime="20200720 13:18:16.476"></status>
</kw>
<kw name="Texto" library="recursos">
<arguments>
<arg>(//input[contains(@class,'form-control')])[2]</arg>
<arg>${direccion}</arg>
</arguments>
<kw name="Input Text" library="SeleniumLibrary">
<doc>Types the given ``text`` into the text field identified by ``locator``.</doc>
<arguments>
<arg>xpath=${arg1}</arg>
<arg>${arg2}</arg>
</arguments>
<msg timestamp="20200720 13:18:16.478" level="INFO">Typing text 'SUCURSAL 29 COLONIA VALLEJO SUR' into text field 'xpath=(//input[contains(@class,'form-control')])[2]'.</msg>
<status status="PASS" starttime="20200720 13:18:16.477" endtime="20200720 13:18:17.204"></status>
</kw>
<status status="PASS" starttime="20200720 13:18:16.476" endtime="20200720 13:18:17.204"></status>
</kw>
<kw name="Dormir" library="recursos">
<arguments>
<arg>1</arg>
</arguments>
<kw name="Sleep" library="BuiltIn">
<doc>Pauses the test executed for the given time.</doc>
<arguments>
<arg>${arg1}</arg>
</arguments>
<msg timestamp="20200720 13:18:18.206" level="INFO">Slept 1 second</msg>
<status status="PASS" starttime="20200720 13:18:17.205" endtime="20200720 13:18:18.206"></status>
</kw>
<status status="PASS" starttime="20200720 13:18:17.204" endtime="20200720 13:18:18.207"></status>
</kw>
<kw name="Click" library="recursos">
<arguments>
<arg>(//input[contains(@type,'button')])[2]</arg>
</arguments>
<kw name="Click Element" library="SeleniumLibrary">
<doc>Click the element identified by ``locator``.</doc>
<arguments>
<arg>xpath=${arg1}</arg>
</arguments>
<msg timestamp="20200720 13:18:18.211" level="INFO">Clicking element 'xpath=(//input[contains(@type,'button')])[2]'.</msg>
<status status="PASS" starttime="20200720 13:18:18.210" endtime="20200720 13:18:18.554"></status>
</kw>
<status status="PASS" starttime="20200720 13:18:18.208" endtime="20200720 13:18:18.554"></status>
</kw>
<kw name="Dormir" library="recursos">
<arguments>
<arg>1</arg>
</arguments>
<kw name="Sleep" library="BuiltIn">
<doc>Pauses the test executed for the given time.</doc>
<arguments>
<arg>${arg1}</arg>
</arguments>
<msg timestamp="20200720 13:18:19.557" level="INFO">Slept 1 second</msg>
<status status="PASS" starttime="20200720 13:18:18.555" endtime="20200720 13:18:19.557"></status>
</kw>
<status status="PASS" starttime="20200720 13:18:18.554" endtime="20200720 13:18:19.558"></status>
</kw>
<kw name="SLI" library="recursos">
<arguments>
<arg>(//select[contains(@class,'form-control')])[4]</arg>
<arg>2</arg>
</arguments>
<kw name="Select From List By Index" library="SeleniumLibrary">
<doc>Selects options from selection list ``locator`` by ``indexes``.</doc>
<arguments>
<arg>${arg1}</arg>
<arg>${arg2}</arg>
</arguments>
<msg timestamp="20200720 13:18:19.560" level="INFO">Selecting options from selection list '(//select[contains(@class,'form-control')])[4]' by index 2.</msg>
<status status="PASS" starttime="20200720 13:18:19.560" endtime="20200720 13:18:20.834"></status>
</kw>
<status status="PASS" starttime="20200720 13:18:19.558" endtime="20200720 13:18:20.834"></status>
</kw>
<kw name="Dormir" library="recursos">
<arguments>
<arg>1</arg>
</arguments>
<kw name="Sleep" library="BuiltIn">
<doc>Pauses the test executed for the given time.</doc>
<arguments>
<arg>${arg1}</arg>
</arguments>
<msg timestamp="20200720 13:18:21.836" level="INFO">Slept 1 second</msg>
<status status="PASS" starttime="20200720 13:18:20.836" endtime="20200720 13:18:21.836"></status>
</kw>
<status status="PASS" starttime="20200720 13:18:20.835" endtime="20200720 13:18:21.837"></status>
</kw>
<kw name="Click" library="recursos">
<arguments>
<arg>//a[@title='Seleccionar sucursal']</arg>
</arguments>
<kw name="Click Element" library="SeleniumLibrary">
<doc>Click the element identified by ``locator``.</doc>
<arguments>
<arg>xpath=${arg1}</arg>
</arguments>
<msg timestamp="20200720 13:18:21.839" level="INFO">Clicking element 'xpath=//a[@title='Seleccionar sucursal']'.</msg>
<status status="PASS" starttime="20200720 13:18:21.839" endtime="20200720 13:18:22.451"></status>
</kw>
<status status="PASS" starttime="20200720 13:18:21.837" endtime="20200720 13:18:22.451"></status>
</kw>
<kw name="Scroll" library="recursos">
<arguments>
<arg>0</arg>
<arg>600</arg>
</arguments>
<kw name="Execute Javascript" library="SeleniumLibrary">
<doc>Executes the given JavaScript code with possible arguments.</doc>
<arguments>
<arg>window.scrollTo(${arg1},${arg2})</arg>
</arguments>
<msg timestamp="20200720 13:18:22.452" level="INFO">Executing JavaScript:
window.scrollTo(0,600)
Without any arguments.</msg>
<status status="PASS" starttime="20200720 13:18:22.451" endtime="20200720 13:18:22.561"></status>
</kw>
<status status="PASS" starttime="20200720 13:18:22.451" endtime="20200720 13:18:22.561"></status>
</kw>
<kw name="Dormir" library="recursos">
<arguments>
<arg>2</arg>
</arguments>
<kw name="Sleep" library="BuiltIn">
<doc>Pauses the test executed for the given time.</doc>
<arguments>
<arg>${arg1}</arg>
</arguments>
<msg timestamp="20200720 13:18:24.565" level="INFO">Slept 2 seconds</msg>
<status status="PASS" starttime="20200720 13:18:22.563" endtime="20200720 13:18:24.565"></status>
</kw>
<status status="PASS" starttime="20200720 13:18:22.562" endtime="20200720 13:18:24.566"></status>
</kw>
<kw name="Click" library="recursos">
<arguments>
<arg>//*[@id="sinamope:j_idt165:4:especie"]</arg>
</arguments>
<kw name="Click Element" library="SeleniumLibrary">
<doc>Click the element identified by ``locator``.</doc>
<arguments>
<arg>xpath=${arg1}</arg>
</arguments>
<msg timestamp="20200720 13:18:24.568" level="INFO">Clicking element 'xpath=//*[@id="sinamope:j_idt165:4:especie"]'.</msg>
<status status="PASS" starttime="20200720 13:18:24.567" endtime="20200720 13:18:24.909"></status>
</kw>
<status status="PASS" starttime="20200720 13:18:24.566" endtime="20200720 13:18:24.909"></status>
</kw>
<kw name="Dormir" library="recursos">
<arguments>
<arg>2</arg>
</arguments>
<kw name="Sleep" library="BuiltIn">
<doc>Pauses the test executed for the given time.</doc>
<arguments>
<arg>${arg1}</arg>
</arguments>
<msg timestamp="20200720 13:18:26.913" level="INFO">Slept 2 seconds</msg>
<status status="PASS" starttime="20200720 13:18:24.911" endtime="20200720 13:18:26.913"></status>
</kw>
<status status="PASS" starttime="20200720 13:18:24.910" endtime="20200720 13:18:26.913"></status>
</kw>
<kw name="Scroll" library="recursos">
<arguments>
<arg>0</arg>
<arg>800</arg>
</arguments>
<kw name="Execute Javascript" library="SeleniumLibrary">
<doc>Executes the given JavaScript code with possible arguments.</doc>
<arguments>
<arg>window.scrollTo(${arg1},${arg2})</arg>
</arguments>
<msg timestamp="20200720 13:18:26.915" level="INFO">Executing JavaScript:
window.scrollTo(0,800)
Without any arguments.</msg>
<status status="PASS" starttime="20200720 13:18:26.914" endtime="20200720 13:18:27.024"></status>
</kw>
<status status="PASS" starttime="20200720 13:18:26.914" endtime="20200720 13:18:27.025"></status>
</kw>
<kw name="Texto" library="recursos">
<arguments>
<arg>(//input[contains(@type,'text')])[4]</arg>
<arg>10</arg>
</arguments>
<kw name="Input Text" library="SeleniumLibrary">
<doc>Types the given ``text`` into the text field identified by ``locator``.</doc>
<arguments>
<arg>xpath=${arg1}</arg>
<arg>${arg2}</arg>
</arguments>
<msg timestamp="20200720 13:18:27.027" level="INFO">Typing text '10' into text field 'xpath=(//input[contains(@type,'text')])[4]'.</msg>
<status status="PASS" starttime="20200720 13:18:27.026" endtime="20200720 13:18:27.565"></status>
</kw>
<status status="PASS" starttime="20200720 13:18:27.025" endtime="20200720 13:18:27.565"></status>
</kw>
<kw name="SLI" library="recursos">
<arguments>
<arg>(//select[contains(@class,'form-control')])[1]</arg>
<arg>3</arg>
</arguments>
<kw name="Select From List By Index" library="SeleniumLibrary">
<doc>Selects options from selection list ``locator`` by ``indexes``.</doc>
<arguments>
<arg>${arg1}</arg>
<arg>${arg2}</arg>
</arguments>
<msg timestamp="20200720 13:18:27.567" level="INFO">Selecting options from selection list '(//select[contains(@class,'form-control')])[1]' by index 3.</msg>
<status status="PASS" starttime="20200720 13:18:27.566" endtime="20200720 13:18:28.975"></status>
</kw>
<status status="PASS" starttime="20200720 13:18:27.565" endtime="20200720 13:18:28.975"></status>
</kw>
<kw name="Dormir" library="recursos">
<arguments>
<arg>1</arg>
</arguments>
<kw name="Sleep" library="BuiltIn">
<doc>Pauses the test executed for the given time.</doc>
<arguments>
<arg>${arg1}</arg>
</arguments>
<msg timestamp="20200720 13:18:29.977" level="INFO">Slept 1 second</msg>
<status status="PASS" starttime="20200720 13:18:28.976" endtime="20200720 13:18:29.977"></status>
</kw>
<status status="PASS" starttime="20200720 13:18:28.975" endtime="20200720 13:18:29.977"></status>
</kw>
<kw name="SLI" library="recursos">
<arguments>
<arg>(//select[contains(@class,'form-control')])[2]</arg>
<arg>3</arg>
</arguments>
<kw name="Select From List By Index" library="SeleniumLibrary">
<doc>Selects options from selection list ``locator`` by ``indexes``.</doc>
<arguments>
<arg>${arg1}</arg>
<arg>${arg2}</arg>
</arguments>
<msg timestamp="20200720 13:18:29.978" level="INFO">Selecting options from selection list '(//select[contains(@class,'form-control')])[2]' by index 3.</msg>
<status status="PASS" starttime="20200720 13:18:29.978" endtime="20200720 13:18:31.301"></status>
</kw>
<status status="PASS" starttime="20200720 13:18:29.977" endtime="20200720 13:18:31.302"></status>
</kw>
<kw name="SLI" library="recursos">
<arguments>
<arg>(//select[contains(@class,'form-control')])[3]</arg>
<arg>1</arg>
</arguments>
<kw name="Select From List By Index" library="SeleniumLibrary">
<doc>Selects options from selection list ``locator`` by ``indexes``.</doc>
<arguments>
<arg>${arg1}</arg>
<arg>${arg2}</arg>
</arguments>
<msg timestamp="20200720 13:18:31.304" level="INFO">Selecting options from selection list '(//select[contains(@class,'form-control')])[3]' by index 1.</msg>
<status status="PASS" starttime="20200720 13:18:31.304" endtime="20200720 13:18:32.451"></status>
</kw>
<status status="PASS" starttime="20200720 13:18:31.302" endtime="20200720 13:18:32.451"></status>
</kw>
<kw name="Scroll" library="recursos">
<arguments>
<arg>0</arg>
<arg>1300</arg>
</arguments>
<kw name="Execute Javascript" library="SeleniumLibrary">
<doc>Executes the given JavaScript code with possible arguments.</doc>
<arguments>
<arg>window.scrollTo(${arg1},${arg2})</arg>
</arguments>
<msg timestamp="20200720 13:18:32.453" level="INFO">Executing JavaScript:
window.scrollTo(0,1300)
Without any arguments.</msg>
<status status="PASS" starttime="20200720 13:18:32.452" endtime="20200720 13:18:32.567"></status>
</kw>
<status status="PASS" starttime="20200720 13:18:32.451" endtime="20200720 13:18:32.567"></status>
</kw>
<kw name="Dormir" library="recursos">
<arguments>
<arg>1</arg>
</arguments>
<kw name="Sleep" library="BuiltIn">
<doc>Pauses the test executed for the given time.</doc>
<arguments>
<arg>${arg1}</arg>
</arguments>
<msg timestamp="20200720 13:18:33.568" level="INFO">Slept 1 second</msg>
<status status="PASS" starttime="20200720 13:18:32.568" endtime="20200720 13:18:33.568"></status>
</kw>
<status status="PASS" starttime="20200720 13:18:32.567" endtime="20200720 13:18:33.569"></status>
</kw>
<kw name="Click" library="recursos">
<arguments>
<arg>(//input[contains(@value,'1')])[2]</arg>
</arguments>
<kw name="Click Element" library="SeleniumLibrary">
<doc>Click the element identified by ``locator``.</doc>
<arguments>
<arg>xpath=${arg1}</arg>
</arguments>
<msg timestamp="20200720 13:18:33.571" level="INFO">Clicking element 'xpath=(//input[contains(@value,'1')])[2]'.</msg>
<status status="PASS" starttime="20200720 13:18:33.570" endtime="20200720 13:18:33.907"></status>
</kw>
<status status="PASS" starttime="20200720 13:18:33.569" endtime="20200720 13:18:33.907"></status>
</kw>
<kw name="Dormir" library="recursos">
<arguments>
<arg>1</arg>
</arguments>
<kw name="Sleep" library="BuiltIn">
<doc>Pauses the test executed for the given time.</doc>
<arguments>
<arg>${arg1}</arg>
</arguments>
<msg timestamp="20200720 13:18:34.911" level="INFO">Slept 1 second</msg>
<status status="PASS" starttime="20200720 13:18:33.909" endtime="20200720 13:18:34.911"></status>
</kw>
<status status="PASS" starttime="20200720 13:18:33.908" endtime="20200720 13:18:34.912"></status>
</kw>
<kw name="SLI" library="recursos">
<arguments>
<arg>(//select[contains(@class,'form-control')])[4]</arg>
<arg>5</arg>
</arguments>
<kw name="Select From List By Index" library="SeleniumLibrary">
<doc>Selects options from selection list ``locator`` by ``indexes``.</doc>
<arguments>
<arg>${arg1}</arg>
<arg>${arg2}</arg>
</arguments>
<msg timestamp="20200720 13:18:34.914" level="INFO">Selecting options from selection list '(//select[contains(@class,'form-control')])[4]' by index 5.</msg>
<status status="PASS" starttime="20200720 13:18:34.913" endtime="20200720 13:18:36.494"></status>
</kw>
<status status="PASS" starttime="20200720 13:18:34.912" endtime="20200720 13:18:36.494"></status>
</kw>
<kw name="Click" library="recursos">
<arguments>
<arg>(//input[contains(@value,'4')])[2]</arg>
</arguments>
<kw name="Click Element" library="SeleniumLibrary">
<doc>Click the element identified by ``locator``.</doc>
<arguments>
<arg>xpath=${arg1}</arg>
</arguments>
<msg timestamp="20200720 13:18:36.495" level="INFO">Clicking element 'xpath=(//input[contains(@value,'4')])[2]'.</msg>
<status status="PASS" starttime="20200720 13:18:36.495" endtime="20200720 13:18:37.046"></status>
</kw>
<status status="PASS" starttime="20200720 13:18:36.494" endtime="20200720 13:18:37.046"></status>
</kw>
<kw name="Dormir" library="recursos">
<arguments>
<arg>1</arg>
</arguments>
<kw name="Sleep" library="BuiltIn">
<doc>Pauses the test executed for the given time.</doc>
<arguments>
<arg>${arg1}</arg>
</arguments>
<msg timestamp="20200720 13:18:38.049" level="INFO">Slept 1 second</msg>
<status status="PASS" starttime="20200720 13:18:37.046" endtime="20200720 13:18:38.049"></status>
</kw>
<status status="PASS" starttime="20200720 13:18:37.046" endtime="20200720 13:18:38.049"></status>
</kw>
<kw name="Texto" library="recursos">
<arguments>
<arg>(//input[contains(@type,'text')])[7]</arg>
<arg>NISSAN</arg>
</arguments>
<kw name="Input Text" library="SeleniumLibrary">
<doc>Types the given ``text`` into the text field identified by ``locator``.</doc>
<arguments>
<arg>xpath=${arg1}</arg>
<arg>${arg2}</arg>
</arguments>
<msg timestamp="20200720 13:18:38.050" level="INFO">Typing text 'NISSAN' into text field 'xpath=(//input[contains(@type,'text')])[7]'.</msg>
<status status="PASS" starttime="20200720 13:18:38.049" endtime="20200720 13:18:38.508"></status>
</kw>
<status status="PASS" starttime="20200720 13:18:38.049" endtime="20200720 13:18:38.508"></status>
</kw>
<kw name="Texto" library="recursos">
<arguments>
<arg>(//input[contains(@type,'text')])[8]</arg>
<arg>HTRG-345</arg>
</arguments>
<kw name="Input Text" library="SeleniumLibrary">
<doc>Types the given ``text`` into the text field identified by ``locator``.</doc>
<arguments>
<arg>xpath=${arg1}</arg>
<arg>${arg2}</arg>
</arguments>
<msg timestamp="20200720 13:18:38.508" level="INFO">Typing text 'HTRG-345' into text field 'xpath=(//input[contains(@type,'text')])[8]'.</msg>
<status status="PASS" starttime="20200720 13:18:38.508" endtime="20200720 13:18:38.955"></status>
</kw>
<status status="PASS" starttime="20200720 13:18:38.508" endtime="20200720 13:18:38.955"></status>
</kw>
<kw name="Dormir" library="recursos">
<arguments>
<arg>1</arg>
</arguments>
<kw name="Sleep" library="BuiltIn">
<doc>Pauses the test executed for the given time.</doc>
<arguments>
<arg>${arg1}</arg>
</arguments>
<msg timestamp="20200720 13:18:39.958" level="INFO">Slept 1 second</msg>
<status status="PASS" starttime="20200720 13:18:38.956" endtime="20200720 13:18:39.958"></status>
</kw>
<status status="PASS" starttime="20200720 13:18:38.955" endtime="20200720 13:18:39.958"></status>
</kw>
<kw name="Scroll" library="recursos">
<arguments>
<arg>0</arg>
<arg>1700</arg>
</arguments>
<kw name="Execute Javascript" library="SeleniumLibrary">
<doc>Executes the given JavaScript code with possible arguments.</doc>
<arguments>
<arg>window.scrollTo(${arg1},${arg2})</arg>
</arguments>
<msg timestamp="20200720 13:18:39.958" level="INFO">Executing JavaScript:
window.scrollTo(0,1700)
Without any arguments.</msg>
<status status="PASS" starttime="20200720 13:18:39.958" endtime="20200720 13:18:40.066"></status>
</kw>
<status status="PASS" starttime="20200720 13:18:39.958" endtime="20200720 13:18:40.066"></status>
</kw>
<kw name="Dormir" library="recursos">
<arguments>
<arg>1</arg>
</arguments>
<kw name="Sleep" library="BuiltIn">
<doc>Pauses the test executed for the given time.</doc>
<arguments>
<arg>${arg1}</arg>
</arguments>
<msg timestamp="20200720 13:18:41.069" level="INFO">Slept 1 second</msg>
<status status="PASS" starttime="20200720 13:18:40.066" endtime="20200720 13:18:41.069"></status>
</kw>
<status status="PASS" starttime="20200720 13:18:40.066" endtime="20200720 13:18:41.069"></status>
</kw>
<kw name="Texto" library="recursos">
<arguments>
<arg>(//input[contains(@type,'text')])[11]</arg>
<arg>ok</arg>
</arguments>
<kw name="Input Text" library="SeleniumLibrary">
<doc>Types the given ``text`` into the text field identified by ``locator``.</doc>
<arguments>
<arg>xpath=${arg1}</arg>
<arg>${arg2}</arg>
</arguments>
<msg timestamp="20200720 13:18:41.070" level="INFO">Typing text 'ok' into text field 'xpath=(//input[contains(@type,'text')])[11]'.</msg>
<status status="PASS" starttime="20200720 13:18:41.069" endtime="20200720 13:18:41.470"></status>
</kw>
<status status="PASS" starttime="20200720 13:18:41.069" endtime="20200720 13:18:41.470"></status>
</kw>
<kw name="Texto" library="recursos">
<arguments>
<arg>(//input[contains(@type,'text')])[12]</arg>
<arg>X173126</arg>
</arguments>
<kw name="Input Text" library="SeleniumLibrary">
<doc>Types the given ``text`` into the text field identified by ``locator``.</doc>
<arguments>
<arg>xpath=${arg1}</arg>
<arg>${arg2}</arg>
</arguments>
<msg timestamp="20200720 13:18:41.471" level="INFO">Typing text 'X173126' into text field 'xpath=(//input[contains(@type,'text')])[12]'.</msg>
<status status="PASS" starttime="20200720 13:18:41.471" endtime="20200720 13:18:41.905"></status>
</kw>
<status status="PASS" starttime="20200720 13:18:41.470" endtime="20200720 13:18:41.905"></status>
</kw>
<kw name="Dormir" library="recursos">
<arguments>
<arg>1</arg>
</arguments>
<kw name="Sleep" library="BuiltIn">
<doc>Pauses the test executed for the given time.</doc>
<arguments>
<arg>${arg1}</arg>
</arguments>
<msg timestamp="20200720 13:18:42.908" level="INFO">Slept 1 second</msg>
<status status="PASS" starttime="20200720 13:18:41.905" endtime="20200720 13:18:42.908"></status>
</kw>
<status status="PASS" starttime="20200720 13:18:41.905" endtime="20200720 13:18:42.908"></status>
</kw>
<kw name="Scroll" library="recursos">
<arguments>
<arg>0</arg>
<arg>2000</arg>
</arguments>
<kw name="Execute Javascript" library="SeleniumLibrary">
<doc>Executes the given JavaScript code with possible arguments.</doc>
<arguments>
<arg>window.scrollTo(${arg1},${arg2})</arg>
</arguments>
<msg timestamp="20200720 13:18:42.909" level="INFO">Executing JavaScript:
window.scrollTo(0,2000)
Without any arguments.</msg>
<status status="PASS" starttime="20200720 13:18:42.908" endtime="20200720 13:18:43.017"></status>
</kw>
<status status="PASS" starttime="20200720 13:18:42.908" endtime="20200720 13:18:43.017"></status>
</kw>
<kw name="Dormir" library="recursos">
<arguments>
<arg>1</arg>
</arguments>
<kw name="Sleep" library="BuiltIn">
<doc>Pauses the test executed for the given time.</doc>
<arguments>
<arg>${arg1}</arg>
</arguments>
<msg timestamp="20200720 13:18:44.020" level="INFO">Slept 1 second</msg>
<status status="PASS" starttime="20200720 13:18:43.017" endtime="20200720 13:18:44.020"></status>
</kw>
<status status="PASS" starttime="20200720 13:18:43.017" endtime="20200720 13:18:44.020"></status>
</kw>
<kw name="Click" library="recursos">
<arguments>
<arg>(//input[contains(@type,'submit')])[1]</arg>
</arguments>
<kw name="Click Element" library="SeleniumLibrary">
<doc>Click the element identified by ``locator``.</doc>
<arguments>
<arg>xpath=${arg1}</arg>
</arguments>
<msg timestamp="20200720 13:18:44.021" level="INFO">Clicking element 'xpath=(//input[contains(@type,'submit')])[1]'.</msg>
<status status="PASS" starttime="20200720 13:18:44.021" endtime="20200720 13:18:44.450"></status>
</kw>
<status status="PASS" starttime="20200720 13:18:44.020" endtime="20200720 13:18:44.450"></status>
</kw>
<kw name="Dormir" library="recursos">
<arguments>
<arg>1</arg>
</arguments>
<kw name="Sleep" library="BuiltIn">
<doc>Pauses the test executed for the given time.</doc>
<arguments>
<arg>${arg1}</arg>
</arguments>
<msg timestamp="20200720 13:18:45.451" level="INFO">Slept 1 second</msg>
<status status="PASS" starttime="20200720 13:18:44.450" endtime="20200720 13:18:45.451"></status>
</kw>
<status status="PASS" starttime="20200720 13:18:44.450" endtime="20200720 13:18:45.452"></status>
</kw>
<kw name="Scroll" library="recursos">
<arguments>
<arg>0</arg>
<arg>250</arg>
</arguments>
<kw name="Execute Javascript" library="SeleniumLibrary">
<doc>Executes the given JavaScript code with possible arguments.</doc>
<arguments>
<arg>window.scrollTo(${arg1},${arg2})</arg>
</arguments>
<msg timestamp="20200720 13:18:45.455" level="INFO">Executing JavaScript:
window.scrollTo(0,250)
Without any arguments.</msg>
<status status="PASS" starttime="20200720 13:18:45.453" endtime="20200720 13:18:45.574"></status>
</kw>
<status status="PASS" starttime="20200720 13:18:45.452" endtime="20200720 13:18:45.575"></status>
</kw>
<kw name="Click" library="recursos">
<arguments>
<arg>(//input[contains(@type,'submit')])[2]</arg>
</arguments>
<kw name="Click Element" library="SeleniumLibrary">
<doc>Click the element identified by ``locator``.</doc>
<arguments>
<arg>xpath=${arg1}</arg>
</arguments>
<msg timestamp="20200720 13:18:45.577" level="INFO">Clicking element 'xpath=(//input[contains(@type,'submit')])[2]'.</msg>
<status status="PASS" starttime="20200720 13:18:45.576" endtime="20200720 13:18:46.847"></status>
</kw>
<status status="PASS" starttime="20200720 13:18:45.575" endtime="20200720 13:18:46.847"></status>
</kw>
<kw name="Dormir" library="recursos">
<arguments>
<arg>3</arg>
</arguments>
<kw name="Sleep" library="BuiltIn">
<doc>Pauses the test executed for the given time.</doc>
<arguments>
<arg>${arg1}</arg>
</arguments>
<msg timestamp="20200720 13:18:49.848" level="INFO">Slept 3 seconds</msg>
<status status="PASS" starttime="20200720 13:18:46.847" endtime="20200720 13:18:49.848"></status>
</kw>
<status status="PASS" starttime="20200720 13:18:46.847" endtime="20200720 13:18:49.849"></status>
</kw>
<kw name="Scroll" library="recursos">
<arguments>
<arg>0</arg>
<arg>900</arg>
</arguments>
<kw name="Execute Javascript" library="SeleniumLibrary">
<doc>Executes the given JavaScript code with possible arguments.</doc>
<arguments>
<arg>window.scrollTo(${arg1},${arg2})</arg>
</arguments>
<msg timestamp="20200720 13:18:49.852" level="INFO">Executing JavaScript:
window.scrollTo(0,900)
Without any arguments.</msg>
<status status="PASS" starttime="20200720 13:18:49.850" endtime="20200720 13:18:49.972"></status>
</kw>
<status status="PASS" starttime="20200720 13:18:49.849" endtime="20200720 13:18:49.973"></status>
</kw>
<kw name="Dormir" library="recursos">
<arguments>
<arg>1</arg>
</arguments>
<kw name="Sleep" library="BuiltIn">
<doc>Pauses the test executed for the given time.</doc>
<arguments>
<arg>${arg1}</arg>
</arguments>
<msg timestamp="20200720 13:18:50.975" level="INFO">Slept 1 second</msg>
<status status="PASS" starttime="20200720 13:18:49.974" endtime="20200720 13:18:50.975"></status>
</kw>
<status status="PASS" starttime="20200720 13:18:49.973" endtime="20200720 13:18:50.976"></status>
</kw>
<kw name="Click" library="recursos">
<arguments>
<arg>(//input[contains(@type,'submit')])[2]</arg>
</arguments>
<kw name="Click Element" library="SeleniumLibrary">
<doc>Click the element identified by ``locator``.</doc>
<arguments>
<arg>xpath=${arg1}</arg>
</arguments>
<msg timestamp="20200720 13:18:50.978" level="INFO">Clicking element 'xpath=(//input[contains(@type,'submit')])[2]'.</msg>
<status status="PASS" starttime="20200720 13:18:50.977" endtime="20200720 13:18:51.765"></status>
</kw>
<status status="PASS" starttime="20200720 13:18:50.976" endtime="20200720 13:18:51.765"></status>
</kw>
<kw name="Dormir" library="recursos">
<arguments>
<arg>1</arg>
</arguments>
<kw name="Sleep" library="BuiltIn">
<doc>Pauses the test executed for the given time.</doc>
<arguments>
<arg>${arg1}</arg>
</arguments>
<msg timestamp="20200720 13:18:52.769" level="INFO">Slept 1 second</msg>
<status status="PASS" starttime="20200720 13:18:51.767" endtime="20200720 13:18:52.769"></status>
</kw>
<status status="PASS" starttime="20200720 13:18:51.766" endtime="20200720 13:18:52.770"></status>
</kw>
<kw name="Click" library="recursos">
<arguments>
<arg>//input[contains(@id,'sinamope:btnImprimir')]</arg>
</arguments>
<kw name="Click Element" library="SeleniumLibrary">
<doc>Click the element identified by ``locator``.</doc>
<arguments>
<arg>xpath=${arg1}</arg>
</arguments>
<msg timestamp="20200720 13:18:52.772" level="INFO">Clicking element 'xpath=//input[contains(@id,'sinamope:btnImprimir')]'.</msg>
<status status="PASS" starttime="20200720 13:18:52.771" endtime="20200720 13:18:54.051"></status>
</kw>
<status status="PASS" starttime="20200720 13:18:52.770" endtime="20200720 13:18:54.051"></status>
</kw>
<kw name="Dormir" library="recursos">
<arguments>
<arg>2</arg>
</arguments>
<kw name="Sleep" library="BuiltIn">
<doc>Pauses the test executed for the given time.</doc>
<arguments>
<arg>${arg1}</arg>
</arguments>
<msg timestamp="20200720 13:18:56.054" level="INFO">Slept 2 seconds</msg>
<status status="PASS" starttime="20200720 13:18:54.052" endtime="20200720 13:18:56.054"></status>
</kw>
<status status="PASS" starttime="20200720 13:18:54.051" endtime="20200720 13:18:56.055"></status>
</kw>
<kw name="Click" library="recursos">
<arguments>
<arg>(//a[@data-advertencia='no'][contains(.,'Movilización')])[1]</arg>
</arguments>
<kw name="Click Element" library="SeleniumLibrary">
<doc>Click the element identified by ``locator``.</doc>
<arguments>
<arg>xpath=${arg1}</arg>
</arguments>
<msg timestamp="20200720 13:18:56.058" level="INFO">Clicking element 'xpath=(//a[@data-advertencia='no'][contains(.,'Movilización')])[1]'.</msg>
<status status="PASS" starttime="20200720 13:18:56.057" endtime="20200720 13:18:56.408"></status>
</kw>
<status status="PASS" starttime="20200720 13:18:56.055" endtime="20200720 13:18:56.408"></status>
</kw>
<kw name="Dormir" library="recursos">
<arguments>
<arg>1</arg>
</arguments>
<kw name="Sleep" library="BuiltIn">
<doc>Pauses the test executed for the given time.</doc>
<arguments>
<arg>${arg1}</arg>
</arguments>
<msg timestamp="20200720 13:18:57.411" level="INFO">Slept 1 second</msg>
<status status="PASS" starttime="20200720 13:18:56.410" endtime="20200720 13:18:57.411"></status>
</kw>
<status status="PASS" starttime="20200720 13:18:56.409" endtime="20200720 13:18:57.412"></status>
</kw>
<kw name="Click" library="recursos">
<arguments>
<arg>//*[@id="Movilizacion_animales"]/a</arg>
</arguments>
<kw name="Click Element" library="SeleniumLibrary">
<doc>Click the element identified by ``locator``.</doc>
<arguments>
<arg>xpath=${arg1}</arg>
</arguments>
<msg timestamp="20200720 13:18:57.414" level="INFO">Clicking element 'xpath=//*[@id="Movilizacion_animales"]/a'.</msg>
<status status="PASS" starttime="20200720 13:18:57.413" endtime="20200720 13:18:57.767"></status>
</kw>
<status status="PASS" starttime="20200720 13:18:57.412" endtime="20200720 13:18:57.767"></status>
</kw>
<kw name="Dormir" library="recursos">
<arguments>
<arg>2</arg>
</arguments>
<kw name="Sleep" library="BuiltIn">
<doc>Pauses the test executed for the given time.</doc>
<arguments>
<arg>${arg1}</arg>
</arguments>
<msg timestamp="20200720 13:18:59.771" level="INFO">Slept 2 seconds</msg>
<status status="PASS" starttime="20200720 13:18:57.768" endtime="20200720 13:18:59.771"></status>
</kw>
<status status="PASS" starttime="20200720 13:18:57.767" endtime="20200720 13:18:59.771"></status>
</kw>
<kw name="Click" library="recursos">
<arguments>
<arg>(//input[contains(@type,'submit')])[6]</arg>
</arguments>
<kw name="Click Element" library="SeleniumLibrary">
<doc>Click the element identified by ``locator``.</doc>
<arguments>
<arg>xpath=${arg1}</arg>
</arguments>
<msg timestamp="20200720 13:18:59.772" level="INFO">Clicking element 'xpath=(//input[contains(@type,'submit')])[6]'.</msg>
<status status="PASS" starttime="20200720 13:18:59.771" endtime="20200720 13:19:00.653"></status>
</kw>
<status status="PASS" starttime="20200720 13:18:59.771" endtime="20200720 13:19:00.653"></status>
</kw>
<kw name="Dormir" library="recursos">
<arguments>
<arg>2</arg>
</arguments>
<kw name="Sleep" library="BuiltIn">
<doc>Pauses the test executed for the given time.</doc>
<arguments>
<arg>${arg1}</arg>
</arguments>
<msg timestamp="20200720 13:19:02.654" level="INFO">Slept 2 seconds</msg>
<status status="PASS" starttime="20200720 13:19:00.653" endtime="20200720 13:19:02.654"></status>
</kw>
<status status="PASS" starttime="20200720 13:19:00.653" endtime="20200720 13:19:02.655"></status>
</kw>
<kw name="Run Keyword If" library="BuiltIn">
<doc>Runs the given keyword with the given arguments, if ``condition`` is true.</doc>
<arguments>
<arg>'${i}'=='${reg}'</arg>
<arg>Exit For Loop</arg>
</arguments>
<status status="PASS" starttime="20200720 13:19:02.655" endtime="20200720 13:19:02.656"></status>
</kw>
<status status="PASS" starttime="20200720 13:18:10.563" endtime="20200720 13:19:02.656"></status>
</kw>
<kw name="${i} = 2" type="foritem">
<kw name="Leer celda" library="recursos">
<arguments>
<arg>Hoja1</arg>
<arg>${i}</arg>
<arg>1</arg>
</arguments>
<assign>
<var>${usuario}</var>
</assign>
<kw name="Cell Data" library="ReadData">
<arguments>
<arg>${hoja}</arg>
<arg>${fila}</arg>
<arg>${celda}</arg>
</arguments>
<assign>
<var>${celldata}</var>
</assign>
<msg timestamp="20200720 13:19:02.659" level="INFO">${celldata} = DONOVAN GUTIERREZ</msg>
<status status="PASS" starttime="20200720 13:19:02.658" endtime="20200720 13:19:02.660"></status>
</kw>
<msg timestamp="20200720 13:19:02.660" level="INFO">${usuario} = DONOVAN GUTIERREZ</msg>
<status status="PASS" starttime="20200720 13:19:02.657" endtime="20200720 13:19:02.660"></status>
</kw>
<kw name="Leer celda" library="recursos">
<arguments>
<arg>Hoja1</arg>
<arg>${i}</arg>
<arg>3</arg>
</arguments>
<assign>
<var>${direccion}</var>
</assign>
<kw name="Cell Data" library="ReadData">
<arguments>
<arg>${hoja}</arg>
<arg>${fila}</arg>
<arg>${celda}</arg>
</arguments>
<assign>
<var>${celldata}</var>
</assign>
<msg timestamp="20200720 13:19:02.663" level="INFO">${celldata} = COLONIA MIRAMONTES</msg>
<status status="PASS" starttime="20200720 13:19:02.662" endtime="20200720 13:19:02.663"></status>
</kw>
<msg timestamp="20200720 13:19:02.663" level="INFO">${direccion} = COLONIA MIRAMONTES</msg>
<status status="PASS" starttime="20200720 13:19:02.661" endtime="20200720 13:19:02.663"></status>
</kw>
<kw name="Texto" library="recursos">
<arguments>
<arg>(//input[contains(@type,'text')])[1]</arg>
<arg>${usuario}</arg>
</arguments>
<kw name="Input Text" library="SeleniumLibrary">
<doc>Types the given ``text`` into the text field identified by ``locator``.</doc>
<arguments>
<arg>xpath=${arg1}</arg>
<arg>${arg2}</arg>
</arguments>
<msg timestamp="20200720 13:19:02.666" level="INFO">Typing text 'DONOVAN GUTIERREZ' into text field 'xpath=(//input[contains(@type,'text')])[1]'.</msg>
<status status="PASS" starttime="20200720 13:19:02.665" endtime="20200720 13:19:03.338"></status>
</kw>
<status status="PASS" starttime="20200720 13:19:02.664" endtime="20200720 13:19:03.338"></status>
</kw>
<kw name="Click" library="recursos">
<arguments>
<arg>(//input[contains(@type,'button')])[1]</arg>
</arguments>
<kw name="Click Element" library="SeleniumLibrary">
<doc>Click the element identified by ``locator``.</doc>
<arguments>
<arg>xpath=${arg1}</arg>
</arguments>
<msg timestamp="20200720 13:19:03.340" level="INFO">Clicking element 'xpath=(//input[contains(@type,'button')])[1]'.</msg>
<status status="PASS" starttime="20200720 13:19:03.339" endtime="20200720 13:19:03.689"></status>
</kw>
<status status="PASS" starttime="20200720 13:19:03.338" endtime="20200720 13:19:03.689"></status>
</kw>
<kw name="Dormir" library="recursos">
<arguments>
<arg>1</arg>
</arguments>
<kw name="Sleep" library="BuiltIn">
<doc>Pauses the test executed for the given time.</doc>
<arguments>
<arg>${arg1}</arg>
</arguments>
<msg timestamp="20200720 13:19:04.692" level="INFO">Slept 1 second</msg>
<status status="PASS" starttime="20200720 13:19:03.691" endtime="20200720 13:19:04.692"></status>
</kw>
<status status="PASS" starttime="20200720 13:19:03.690" endtime="20200720 13:19:04.693"></status>
</kw>
<kw name="SLI" library="recursos">
<arguments>
<arg>(//select[contains(@class,'form-control')])[4]</arg>
<arg>2</arg>
</arguments>
<kw name="Select From List By Index" library="SeleniumLibrary">
<doc>Selects options from selection list ``locator`` by ``indexes``.</doc>
<arguments>
<arg>${arg1}</arg>
<arg>${arg2}</arg>
</arguments>
<msg timestamp="20200720 13:19:04.695" level="INFO">Selecting options from selection list '(//select[contains(@class,'form-control')])[4]' by index 2.</msg>
<status status="PASS" starttime="20200720 13:19:04.695" endtime="20200720 13:19:05.899"></status>
</kw>
<status status="PASS" starttime="20200720 13:19:04.693" endtime="20200720 13:19:05.899"></status>
</kw>
<kw name="Dormir" library="recursos">
<arguments>
<arg>1</arg>
</arguments>
<kw name="Sleep" library="BuiltIn">
<doc>Pauses the test executed for the given time.</doc>
<arguments>
<arg>${arg1}</arg>
</arguments>
<msg timestamp="20200720 13:19:06.901" level="INFO">Slept 1 second</msg>
<status status="PASS" starttime="20200720 13:19:05.900" endtime="20200720 13:19:06.901"></status>
</kw>
<status status="PASS" starttime="20200720 13:19:05.899" endtime="20200720 13:19:06.901"></status>
</kw>
<kw name="Click" library="recursos">
<arguments>
<arg>//a[contains(@id,'sinamope:dtSucursales:0:lnkSelSucursal')]</arg>
</arguments>
<kw name="Click Element" library="SeleniumLibrary">
<doc>Click the element identified by ``locator``.</doc>
<arguments>
<arg>xpath=${arg1}</arg>
</arguments>
<msg timestamp="20200720 13:19:06.903" level="INFO">Clicking element 'xpath=//a[contains(@id,'sinamope:dtSucursales:0:lnkSelSucursal')]'.</msg>
<status status="PASS" starttime="20200720 13:19:06.902" endtime="20200720 13:19:07.449"></status>
</kw>
<status status="PASS" starttime="20200720 13:19:06.901" endtime="20200720 13:19:07.449"></status>
</kw>
<kw name="Dormir" library="recursos">
<arguments>
<arg>1</arg>
</arguments>
<kw name="Sleep" library="BuiltIn">
<doc>Pauses the test executed for the given time.</doc>
<arguments>
<arg>${arg1}</arg>
</arguments>
<msg timestamp="20200720 13:19:08.451" level="INFO">Slept 1 second</msg>
<status status="PASS" starttime="20200720 13:19:07.450" endtime="20200720 13:19:08.451"></status>
</kw>
<status status="PASS" starttime="20200720 13:19:07.449" endtime="20200720 13:19:08.452"></status>
</kw>
<kw name="Texto" library="recursos">
<arguments>
<arg>(//input[contains(@class,'form-control')])[2]</arg>
<arg>${direccion}</arg>
</arguments>
<kw name="Input Text" library="SeleniumLibrary">
<doc>Types the given ``text`` into the text field identified by ``locator``.</doc>
<arguments>
<arg>xpath=${arg1}</arg>
<arg>${arg2}</arg>
</arguments>
<msg timestamp="20200720 13:19:08.454" level="INFO">Typing text 'COLONIA MIRAMONTES' into text field 'xpath=(//input[contains(@class,'form-control')])[2]'.</msg>
<status status="PASS" starttime="20200720 13:19:08.453" endtime="20200720 13:19:09.089"></status>
</kw>
<status status="PASS" starttime="20200720 13:19:08.452" endtime="20200720 13:19:09.089"></status>
</kw>
<kw name="Dormir" library="recursos">
<arguments>
<arg>1</arg>
</arguments>
<kw name="Sleep" library="BuiltIn">
<doc>Pauses the test executed for the given time.</doc>
<arguments>
<arg>${arg1}</arg>
</arguments>
<msg timestamp="20200720 13:19:10.093" level="INFO">Slept 1 second</msg>
<status status="PASS" starttime="20200720 13:19:09.091" endtime="20200720 13:19:10.093"></status>
</kw>
<status status="PASS" starttime="20200720 13:19:09.090" endtime="20200720 13:19:10.093"></status>
</kw>
<kw name="Click" library="recursos">
<arguments>
<arg>(//input[contains(@type,'button')])[2]</arg>
</arguments>
<kw name="Click Element" library="SeleniumLibrary">
<doc>Click the element identified by ``locator``.</doc>
<arguments>
<arg>xpath=${arg1}</arg>
</arguments>
<msg timestamp="20200720 13:19:10.095" level="INFO">Clicking element 'xpath=(//input[contains(@type,'button')])[2]'.</msg>
<status status="PASS" starttime="20200720 13:19:10.094" endtime="20200720 13:19:10.389"></status>
</kw>
<status status="PASS" starttime="20200720 13:19:10.093" endtime="20200720 13:19:10.389"></status>
</kw>
<kw name="Dormir" library="recursos">
<arguments>
<arg>1</arg>
</arguments>
<kw name="Sleep" library="BuiltIn">
<doc>Pauses the test executed for the given time.</doc>
<arguments>
<arg>${arg1}</arg>
</arguments>
<msg timestamp="20200720 13:19:11.390" level="INFO">Slept 1 second</msg>
<status status="PASS" starttime="20200720 13:19:10.389" endtime="20200720 13:19:11.390"></status>
</kw>
<status status="PASS" starttime="20200720 13:19:10.389" endtime="20200720 13:19:11.391"></status>
</kw>
<kw name="SLI" library="recursos">
<arguments>
<arg>(//select[contains(@class,'form-control')])[4]</arg>
<arg>2</arg>
</arguments>
<kw name="Select From List By Index" library="SeleniumLibrary">
<doc>Selects options from selection list ``locator`` by ``indexes``.</doc>
<arguments>
<arg>${arg1}</arg>
<arg>${arg2}</arg>
</arguments>
<msg timestamp="20200720 13:19:11.393" level="INFO">Selecting options from selection list '(//select[contains(@class,'form-control')])[4]' by index 2.</msg>
<status status="PASS" starttime="20200720 13:19:11.393" endtime="20200720 13:19:12.636"></status>
</kw>
<status status="PASS" starttime="20200720 13:19:11.391" endtime="20200720 13:19:12.636"></status>
</kw>
<kw name="Dormir" library="recursos">
<arguments>
<arg>1</arg>
</arguments>
<kw name="Sleep" library="BuiltIn">
<doc>Pauses the test executed for the given time.</doc>
<arguments>
<arg>${arg1}</arg>
</arguments>
<msg timestamp="20200720 13:19:13.638" level="INFO">Slept 1 second</msg>
<status status="PASS" starttime="20200720 13:19:12.638" endtime="20200720 13:19:13.638"></status>
</kw>
<status status="PASS" starttime="20200720 13:19:12.637" endtime="20200720 13:19:13.639"></status>
</kw>
<kw name="Click" library="recursos">
<arguments>
<arg>//a[@title='Seleccionar sucursal']</arg>
</arguments>
<kw name="Click Element" library="SeleniumLibrary">
<doc>Click the element identified by ``locator``.</doc>
<arguments>
<arg>xpath=${arg1}</arg>
</arguments>
<msg timestamp="20200720 13:19:13.641" level="INFO">Clicking element 'xpath=//a[@title='Seleccionar sucursal']'.</msg>
<status status="PASS" starttime="20200720 13:19:13.640" endtime="20200720 13:19:14.237"></status>
</kw>
<status status="PASS" starttime="20200720 13:19:13.639" endtime="20200720 13:19:14.237"></status>
</kw>
<kw name="Scroll" library="recursos">
<arguments>
<arg>0</arg>
<arg>600</arg>
</arguments>
<kw name="Execute Javascript" library="SeleniumLibrary">
<doc>Executes the given JavaScript code with possible arguments.</doc>
<arguments>
<arg>window.scrollTo(${arg1},${arg2})</arg>
</arguments>
<msg timestamp="20200720 13:19:14.239" level="INFO">Executing JavaScript:
window.scrollTo(0,600)
Without any arguments.</msg>
<status status="PASS" starttime="20200720 13:19:14.238" endtime="20200720 13:19:14.351"></status>
</kw>
<status status="PASS" starttime="20200720 13:19:14.238" endtime="20200720 13:19:14.351"></status>
</kw>
<kw name="Dormir" library="recursos">
<arguments>
<arg>2</arg>
</arguments>
<kw name="Sleep" library="BuiltIn">
<doc>Pauses the test executed for the given time.</doc>
<arguments>
<arg>${arg1}</arg>
</arguments>
<msg timestamp="20200720 13:19:16.356" level="INFO">Slept 2 seconds</msg>
<status status="PASS" starttime="20200720 13:19:14.353" endtime="20200720 13:19:16.356"></status>
</kw>
<status status="PASS" starttime="20200720 13:19:14.352" endtime="20200720 13:19:16.357"></status>
</kw>
<kw name="Click" library="recursos">
<arguments>
<arg>//*[@id="sinamope:j_idt165:4:especie"]</arg>
</arguments>
<kw name="Click Element" library="SeleniumLibrary">
<doc>Click the element identified by ``locator``.</doc>
<arguments>
<arg>xpath=${arg1}</arg>
</arguments>
<msg timestamp="20200720 13:19:16.359" level="INFO">Clicking element 'xpath=//*[@id="sinamope:j_idt165:4:especie"]'.</msg>
<status status="PASS" starttime="20200720 13:19:16.358" endtime="20200720 13:19:16.687"></status>
</kw>
<status status="PASS" starttime="20200720 13:19:16.357" endtime="20200720 13:19:16.687"></status>
</kw>
<kw name="Dormir" library="recursos">
<arguments>
<arg>2</arg>
</arguments>
<kw name="Sleep" library="BuiltIn">
<doc>Pauses the test executed for the given time.</doc>
<arguments>
<arg>${arg1}</arg>
</arguments>
<msg timestamp="20200720 13:19:18.690" level="INFO">Slept 2 seconds</msg>
<status status="PASS" starttime="20200720 13:19:16.688" endtime="20200720 13:19:18.690"></status>
</kw>
<status status="PASS" starttime="20200720 13:19:16.688" endtime="20200720 13:19:18.691"></status>
</kw>
<kw name="Scroll" library="recursos">
<arguments>
<arg>0</arg>
<arg>800</arg>
</arguments>
<kw name="Execute Javascript" library="SeleniumLibrary">
<doc>Executes the given JavaScript code with possible arguments.</doc>
<arguments>
<arg>window.scrollTo(${arg1},${arg2})</arg>
</arguments>
<msg timestamp="20200720 13:19:18.694" level="INFO">Executing JavaScript:
window.scrollTo(0,800)
Without any arguments.</msg>
<status status="PASS" starttime="20200720 13:19:18.692" endtime="20200720 13:19:18.814"></status>
</kw>
<status status="PASS" starttime="20200720 13:19:18.691" endtime="20200720 13:19:18.814"></status>
</kw>
<kw name="Texto" library="recursos">
<arguments>
<arg>(//input[contains(@type,'text')])[4]</arg>
<arg>10</arg>
</arguments>
<kw name="Input Text" library="SeleniumLibrary">
<doc>Types the given ``text`` into the text field identified by ``locator``.</doc>
<arguments>
<arg>xpath=${arg1}</arg>
<arg>${arg2}</arg>
</arguments>
<msg timestamp="20200720 13:19:18.817" level="INFO">Typing text '10' into text field 'xpath=(//input[contains(@type,'text')])[4]'.</msg>
<status status="PASS" starttime="20200720 13:19:18.816" endtime="20200720 13:19:19.320"></status>
</kw>
<status status="PASS" starttime="20200720 13:19:18.815" endtime="20200720 13:19:19.320"></status>
</kw>
<kw name="SLI" library="recursos">
<arguments>
<arg>(//select[contains(@class,'form-control')])[1]</arg>
<arg>3</arg>
</arguments>
<kw name="Select From List By Index" library="SeleniumLibrary">
<doc>Selects options from selection list ``locator`` by ``indexes``.</doc>
<arguments>
<arg>${arg1}</arg>
<arg>${arg2}</arg>
</arguments>
<msg timestamp="20200720 13:19:19.321" level="INFO">Selecting options from selection list '(//select[contains(@class,'form-control')])[1]' by index 3.</msg>
<status status="PASS" starttime="20200720 13:19:19.321" endtime="20200720 13:19:20.705"></status>
</kw>
<status status="PASS" starttime="20200720 13:19:19.320" endtime="20200720 13:19:20.705"></status>
</kw>
<kw name="Dormir" library="recursos">
<arguments>
<arg>1</arg>
</arguments>
<kw name="Sleep" library="BuiltIn">
<doc>Pauses the test executed for the given time.</doc>
<arguments>
<arg>${arg1}</arg>
</arguments>
<msg timestamp="20200720 13:19:21.708" level="INFO">Slept 1 second</msg>
<status status="PASS" starttime="20200720 13:19:20.706" endtime="20200720 13:19:21.708"></status>
</kw>
<status status="PASS" starttime="20200720 13:19:20.706" endtime="20200720 13:19:21.709"></status>
</kw>
<kw name="SLI" library="recursos">
<arguments>
<arg>(//select[contains(@class,'form-control')])[2]</arg>
<arg>3</arg>
</arguments>
<kw name="Select From List By Index" library="SeleniumLibrary">
<doc>Selects options from selection list ``locator`` by ``indexes``.</doc>
<arguments>
<arg>${arg1}</arg>
<arg>${arg2}</arg>
</arguments>
<msg timestamp="20200720 13:19:21.712" level="INFO">Selecting options from selection list '(//select[contains(@class,'form-control')])[2]' by index 3.</msg>
<status status="PASS" starttime="20200720 13:19:21.711" endtime="20200720 13:19:23.084"></status>
</kw>
<status status="PASS" starttime="20200720 13:19:21.709" endtime="20200720 13:19:23.084"></status>
</kw>
<kw name="SLI" library="recursos">
<arguments>
<arg>(//select[contains(@class,'form-control')])[3]</arg>
<arg>1</arg>
</arguments>
<kw name="Select From List By Index" library="SeleniumLibrary">
<doc>Selects options from selection list ``locator`` by ``indexes``.</doc>
<arguments>
<arg>${arg1}</arg>
<arg>${arg2}</arg>
</arguments>
<msg timestamp="20200720 13:19:23.086" level="INFO">Selecting options from selection list '(//select[contains(@class,'form-control')])[3]' by index 1.</msg>
<status status="PASS" starttime="20200720 13:19:23.085" endtime="20200720 13:19:24.249"></status>
</kw>
<status status="PASS" starttime="20200720 13:19:23.084" endtime="20200720 13:19:24.250"></status>
</kw>
<kw name="Scroll" library="recursos">
<arguments>
<arg>0</arg>
<arg>1300</arg>
</arguments>
<kw name="Execute Javascript" library="SeleniumLibrary">
<doc>Executes the given JavaScript code with possible arguments.</doc>
<arguments>
<arg>window.scrollTo(${arg1},${arg2})</arg>
</arguments>
<msg timestamp="20200720 13:19:24.253" level="INFO">Executing JavaScript:
window.scrollTo(0,1300)
Without any arguments.</msg>
<status status="PASS" starttime="20200720 13:19:24.251" endtime="20200720 13:19:24.366"></status>
</kw>
<status status="PASS" starttime="20200720 13:19:24.250" endtime="20200720 13:19:24.366"></status>
</kw>
<kw name="Dormir" library="recursos">
<arguments>
<arg>1</arg>
</arguments>
<kw name="Sleep" library="BuiltIn">
<doc>Pauses the test executed for the given time.</doc>
<arguments>
<arg>${arg1}</arg>
</arguments>
<msg timestamp="20200720 13:19:25.369" level="INFO">Slept 1 second</msg>
<status status="PASS" starttime="20200720 13:19:24.367" endtime="20200720 13:19:25.369"></status>
</kw>
<status status="PASS" starttime="20200720 13:19:24.366" endtime="20200720 13:19:25.370"></status>
</kw>
<kw name="Click" library="recursos">
<arguments>
<arg>(//input[contains(@value,'1')])[2]</arg>
</arguments>
<kw name="Click Element" library="SeleniumLibrary">
<doc>Click the element identified by ``locator``.</doc>
<arguments>
<arg>xpath=${arg1}</arg>
</arguments>
<msg timestamp="20200720 13:19:25.372" level="INFO">Clicking element 'xpath=(//input[contains(@value,'1')])[2]'.</msg>
<status status="PASS" starttime="20200720 13:19:25.371" endtime="20200720 13:19:25.699"></status>
</kw>
<status status="PASS" starttime="20200720 13:19:25.370" endtime="20200720 13:19:25.699"></status>
</kw>
<kw name="Dormir" library="recursos">
<arguments>
<arg>1</arg>
</arguments>
<kw name="Sleep" library="BuiltIn">
<doc>Pauses the test executed for the given time.</doc>
<arguments>
<arg>${arg1}</arg>
</arguments>
<msg timestamp="20200720 13:19:26.702" level="INFO">Slept 1 second</msg>
<status status="PASS" starttime="20200720 13:19:25.700" endtime="20200720 13:19:26.702"></status>
</kw>
<status status="PASS" starttime="20200720 13:19:25.700" endtime="20200720 13:19:26.703"></status>
</kw>
<kw name="SLI" library="recursos">
<arguments>
<arg>(//select[contains(@class,'form-control')])[4]</arg>
<arg>5</arg>
</arguments>
<kw name="Select From List By Index" library="SeleniumLibrary">
<doc>Selects options from selection list ``locator`` by ``indexes``.</doc>
<arguments>
<arg>${arg1}</arg>
<arg>${arg2}</arg>
</arguments>
<msg timestamp="20200720 13:19:26.705" level="INFO">Selecting options from selection list '(//select[contains(@class,'form-control')])[4]' by index 5.</msg>
<status status="PASS" starttime="20200720 13:19:26.704" endtime="20200720 13:19:28.331"></status>
</kw>
<status status="PASS" starttime="20200720 13:19:26.703" endtime="20200720 13:19:28.331"></status>
</kw>
<kw name="Click" library="recursos">
<arguments>
<arg>(//input[contains(@value,'4')])[2]</arg>
</arguments>
<kw name="Click Element" library="SeleniumLibrary">
<doc>Click the element identified by ``locator``.</doc>
<arguments>
<arg>xpath=${arg1}</arg>
</arguments>
<msg timestamp="20200720 13:19:28.334" level="INFO">Clicking element 'xpath=(//input[contains(@value,'4')])[2]'.</msg>
<status status="PASS" starttime="20200720 13:19:28.333" endtime="20200720 13:19:28.918"></status>
</kw>
<status status="PASS" starttime="20200720 13:19:28.332" endtime="20200720 13:19:28.918"></status>
</kw>
<kw name="Dormir" library="recursos">
<arguments>
<arg>1</arg>
</arguments>
<kw name="Sleep" library="BuiltIn">
<doc>Pauses the test executed for the given time.</doc>
<arguments>
<arg>${arg1}</arg>
</arguments>
<msg timestamp="20200720 13:19:29.926" level="INFO">Slept 1 second</msg>
<status status="PASS" starttime="20200720 13:19:28.922" endtime="20200720 13:19:29.926"></status>
</kw>
<status status="PASS" starttime="20200720 13:19:28.919" endtime="20200720 13:19:29.926"></status>
</kw>
<kw name="Texto" library="recursos">
<arguments>
<arg>(//input[contains(@type,'text')])[7]</arg>
<arg>NISSAN</arg>
</arguments>
<kw name="Input Text" library="SeleniumLibrary">
<doc>Types the given ``text`` into the text field identified by ``locator``.</doc>
<arguments>
<arg>xpath=${arg1}</arg>
<arg>${arg2}</arg>
</arguments>
<msg timestamp="20200720 13:19:29.927" level="INFO">Typing text 'NISSAN' into text field 'xpath=(//input[contains(@type,'text')])[7]'.</msg>
<status status="PASS" starttime="20200720 13:19:29.926" endtime="20200720 13:19:30.372"></status>
</kw>
<status status="PASS" starttime="20200720 13:19:29.926" endtime="20200720 13:19:30.372"></status>
</kw>
<kw name="Texto" library="recursos">
<arguments>
<arg>(//input[contains(@type,'text')])[8]</arg>
<arg>HTRG-345</arg>
</arguments>
<kw name="Input Text" library="SeleniumLibrary">
<doc>Types the given ``text`` into the text field identified by ``locator``.</doc>
<arguments>
<arg>xpath=${arg1}</arg>
<arg>${arg2}</arg>
</arguments>
<msg timestamp="20200720 13:19:30.373" level="INFO">Typing text 'HTRG-345' into text field 'xpath=(//input[contains(@type,'text')])[8]'.</msg>
<status status="PASS" starttime="20200720 13:19:30.372" endtime="20200720 13:19:30.944"></status>
</kw>
<status status="PASS" starttime="20200720 13:19:30.372" endtime="20200720 13:19:30.944"></status>
</kw>
<kw name="Dormir" library="recursos">
<arguments>
<arg>1</arg>
</arguments>
<kw name="Sleep" library="BuiltIn">
<doc>Pauses the test executed for the given time.</doc>
<arguments>
<arg>${arg1}</arg>
</arguments>
<msg timestamp="20200720 13:19:31.948" level="INFO">Slept 1 second</msg>
<status status="PASS" starttime="20200720 13:19:30.945" endtime="20200720 13:19:31.948"></status>
</kw>
<status status="PASS" starttime="20200720 13:19:30.944" endtime="20200720 13:19:31.949"></status>
</kw>
<kw name="Scroll" library="recursos">
<arguments>
<arg>0</arg>
<arg>1700</arg>
</arguments>
<kw name="Execute Javascript" library="SeleniumLibrary">
<doc>Executes the given JavaScript code with possible arguments.</doc>
<arguments>
<arg>window.scrollTo(${arg1},${arg2})</arg>
</arguments>
<msg timestamp="20200720 13:19:31.953" level="INFO">Executing JavaScript:
window.scrollTo(0,1700)
Without any arguments.</msg>
<status status="PASS" starttime="20200720 13:19:31.951" endtime="20200720 13:19:32.075"></status>
</kw>
<status status="PASS" starttime="20200720 13:19:31.949" endtime="20200720 13:19:32.075"></status>
</kw>
<kw name="Dormir" library="recursos">
<arguments>
<arg>1</arg>
</arguments>
<kw name="Sleep" library="BuiltIn">
<doc>Pauses the test executed for the given time.</doc>
<arguments>
<arg>${arg1}</arg>
</arguments>
<msg timestamp="20200720 13:19:33.078" level="INFO">Slept 1 second</msg>
<status status="PASS" starttime="20200720 13:19:32.077" endtime="20200720 13:19:33.078"></status>
</kw>
<status status="PASS" starttime="20200720 13:19:32.076" endtime="20200720 13:19:33.079"></status>
</kw>
<kw name="Texto" library="recursos">
<arguments>
<arg>(//input[contains(@type,'text')])[11]</arg>
<arg>ok</arg>
</arguments>
<kw name="Input Text" library="SeleniumLibrary">
<doc>Types the given ``text`` into the text field identified by ``locator``.</doc>
<arguments>
<arg>xpath=${arg1}</arg>
<arg>${arg2}</arg>
</arguments>
<msg timestamp="20200720 13:19:33.081" level="INFO">Typing text 'ok' into text field 'xpath=(//input[contains(@type,'text')])[11]'.</msg>
<status status="PASS" starttime="20200720 13:19:33.080" endtime="20200720 13:19:33.599"></status>
</kw>
<status status="PASS" starttime="20200720 13:19:33.079" endtime="20200720 13:19:33.599"></status>
</kw>
<kw name="Texto" library="recursos">
<arguments>
<arg>(//input[contains(@type,'text')])[12]</arg>
<arg>X173126</arg>
</arguments>
<kw name="Input Text" library="SeleniumLibrary">
<doc>Types the given ``text`` into the text field identified by ``locator``.</doc>
<arguments>
<arg>xpath=${arg1}</arg>
<arg>${arg2}</arg>
</arguments>
<msg timestamp="20200720 13:19:33.602" level="INFO">Typing text 'X173126' into text field 'xpath=(//input[contains(@type,'text')])[12]'.</msg>
<status status="PASS" starttime="20200720 13:19:33.601" endtime="20200720 13:19:34.169"></status>
</kw>
<status status="PASS" starttime="20200720 13:19:33.600" endtime="20200720 13:19:34.170"></status>
</kw>
<kw name="Dormir" library="recursos">
<arguments>
<arg>1</arg>
</arguments>
<kw name="Sleep" library="BuiltIn">
<doc>Pauses the test executed for the given time.</doc>
<arguments>
<arg>${arg1}</arg>
</arguments>
<msg timestamp="20200720 13:19:35.171" level="INFO">Slept 1 second</msg>
<status status="PASS" starttime="20200720 13:19:34.171" endtime="20200720 13:19:35.171"></status>
</kw>
<status status="PASS" starttime="20200720 13:19:34.170" endtime="20200720 13:19:35.172"></status>
</kw>
<kw name="Scroll" library="recursos">
<arguments>
<arg>0</arg>
<arg>2000</arg>
</arguments>
<kw name="Execute Javascript" library="SeleniumLibrary">
<doc>Executes the given JavaScript code with possible arguments.</doc>
<arguments>
<arg>window.scrollTo(${arg1},${arg2})</arg>
</arguments>
<msg timestamp="20200720 13:19:35.176" level="INFO">Executing JavaScript:
window.scrollTo(0,2000)
Without any arguments.</msg>
<status status="PASS" starttime="20200720 13:19:35.173" endtime="20200720 13:19:35.294"></status>
</kw>
<status status="PASS" starttime="20200720 13:19:35.172" endtime="20200720 13:19:35.294"></status>
</kw>
<kw name="Dormir" library="recursos">
<arguments>
<arg>1</arg>
</arguments>
<kw name="Sleep" library="BuiltIn">
<doc>Pauses the test executed for the given time.</doc>
<arguments>
<arg>${arg1}</arg>
</arguments>
<msg timestamp="20200720 13:19:36.299" level="INFO">Slept 1 second</msg>
<status status="PASS" starttime="20200720 13:19:35.296" endtime="20200720 13:19:36.299"></status>
</kw>
<status status="PASS" starttime="20200720 13:19:35.295" endtime="20200720 13:19:36.300"></status>
</kw>
<kw name="Click" library="recursos">
<arguments>
<arg>(//input[contains(@type,'submit')])[1]</arg>
</arguments>
<kw name="Click Element" library="SeleniumLibrary">
<doc>Click the element identified by ``locator``.</doc>
<arguments>
<arg>xpath=${arg1}</arg>
</arguments>
<msg timestamp="20200720 13:19:36.302" level="INFO">Clicking element 'xpath=(//input[contains(@type,'submit')])[1]'.</msg>
<status status="PASS" starttime="20200720 13:19:36.302" endtime="20200720 13:19:36.814"></status>
</kw>
<status status="PASS" starttime="20200720 13:19:36.300" endtime="20200720 13:19:36.814"></status>
</kw>
<kw name="Dormir" library="recursos">
<arguments>
<arg>1</arg>
</arguments>
<kw name="Sleep" library="BuiltIn">
<doc>Pauses the test executed for the given time.</doc>
<arguments>
<arg>${arg1}</arg>
</arguments>
<msg timestamp="20200720 13:19:37.817" level="INFO">Slept 1 second</msg>
<status status="PASS" starttime="20200720 13:19:36.815" endtime="20200720 13:19:37.817"></status>
</kw>
<status status="PASS" starttime="20200720 13:19:36.814" endtime="20200720 13:19:37.818"></status>
</kw>
<kw name="Scroll" library="recursos">
<arguments>
<arg>0</arg>
<arg>250</arg>
</arguments>
<kw name="Execute Javascript" library="SeleniumLibrary">
<doc>Executes the given JavaScript code with possible arguments.</doc>
<arguments>
<arg>window.scrollTo(${arg1},${arg2})</arg>
</arguments>
<msg timestamp="20200720 13:19:37.821" level="INFO">Executing JavaScript:
window.scrollTo(0,250)
Without any arguments.</msg>
<status status="PASS" starttime="20200720 13:19:37.820" endtime="20200720 13:19:37.939"></status>
</kw>
<status status="PASS" starttime="20200720 13:19:37.818" endtime="20200720 13:19:37.940"></status>
</kw>
<kw name="Click" library="recursos">
<arguments>
<arg>(//input[contains(@type,'submit')])[2]</arg>
</arguments>
<kw name="Click Element" library="SeleniumLibrary">
<doc>Click the element identified by ``locator``.</doc>
<arguments>
<arg>xpath=${arg1}</arg>
</arguments>
<msg timestamp="20200720 13:19:37.942" level="INFO">Clicking element 'xpath=(//input[contains(@type,'submit')])[2]'.</msg>
<status status="PASS" starttime="20200720 13:19:37.941" endtime="20200720 13:19:39.236"></status>
</kw>
<status status="PASS" starttime="20200720 13:19:37.940" endtime="20200720 13:19:39.236"></status>
</kw>
<kw name="Dormir" library="recursos">
<arguments>
<arg>3</arg>
</arguments>
<kw name="Sleep" library="BuiltIn">
<doc>Pauses the test executed for the given time.</doc>
<arguments>
<arg>${arg1}</arg>
</arguments>
<msg timestamp="20200720 13:19:42.238" level="INFO">Slept 3 seconds</msg>
<status status="PASS" starttime="20200720 13:19:39.237" endtime="20200720 13:19:42.238"></status>
</kw>
<status status="PASS" starttime="20200720 13:19:39.236" endtime="20200720 13:19:42.239"></status>
</kw>
<kw name="Scroll" library="recursos">
<arguments>
<arg>0</arg>
<arg>900</arg>
</arguments>
<kw name="Execute Javascript" library="SeleniumLibrary">
<doc>Executes the given JavaScript code with possible arguments.</doc>
<arguments>
<arg>window.scrollTo(${arg1},${arg2})</arg>
</arguments>
<msg timestamp="20200720 13:19:42.242" level="INFO">Executing JavaScript:
window.scrollTo(0,900)
Without any arguments.</msg>
<status status="PASS" starttime="20200720 13:19:42.240" endtime="20200720 13:19:42.363"></status>
</kw>
<status status="PASS" starttime="20200720 13:19:42.239" endtime="20200720 13:19:42.363"></status>
</kw>
<kw name="Dormir" library="recursos">
<arguments>
<arg>1</arg>
</arguments>
<kw name="Sleep" library="BuiltIn">
<doc>Pauses the test executed for the given time.</doc>
<arguments>
<arg>${arg1}</arg>
</arguments>
<msg timestamp="20200720 13:19:43.367" level="INFO">Slept 1 second</msg>
<status status="PASS" starttime="20200720 13:19:42.365" endtime="20200720 13:19:43.367"></status>
</kw>
<status status="PASS" starttime="20200720 13:19:42.364" endtime="20200720 13:19:43.368"></status>
</kw>
<kw name="Click" library="recursos">
<arguments>
<arg>(//input[contains(@type,'submit')])[2]</arg>
</arguments>
<kw name="Click Element" library="SeleniumLibrary">
<doc>Click the element identified by ``locator``.</doc>
<arguments>
<arg>xpath=${arg1}</arg>
</arguments>
<msg timestamp="20200720 13:19:43.370" level="INFO">Clicking element 'xpath=(//input[contains(@type,'submit')])[2]'.</msg>
<status status="PASS" starttime="20200720 13:19:43.369" endtime="20200720 13:19:44.145"></status>
</kw>
<status status="PASS" starttime="20200720 13:19:43.368" endtime="20200720 13:19:44.145"></status>
</kw>
<kw name="Dormir" library="recursos">
<arguments>
<arg>1</arg>
</arguments>
<kw name="Sleep" library="BuiltIn">
<doc>Pauses the test executed for the given time.</doc>
<arguments>
<arg>${arg1}</arg>
</arguments>
<msg timestamp="20200720 13:19:45.147" level="INFO">Slept 1 second</msg>
<status status="PASS" starttime="20200720 13:19:44.146" endtime="20200720 13:19:45.147"></status>
</kw>
<status status="PASS" starttime="20200720 13:19:44.145" endtime="20200720 13:19:45.148"></status>
</kw>
<kw name="Click" library="recursos">
<arguments>
<arg>//input[contains(@id,'sinamope:btnImprimir')]</arg>
</arguments>
<kw name="Click Element" library="SeleniumLibrary">
<doc>Click the element identified by ``locator``.</doc>
<arguments>
<arg>xpath=${arg1}</arg>
</arguments>
<msg timestamp="20200720 13:19:45.151" level="INFO">Clicking element 'xpath=//input[contains(@id,'sinamope:btnImprimir')]'.</msg>
<status status="PASS" starttime="20200720 13:19:45.150" endtime="20200720 13:19:48.179"></status>
</kw>
<status status="PASS" starttime="20200720 13:19:45.148" endtime="20200720 13:19:48.179"></status>
</kw>
<kw name="Dormir" library="recursos">
<arguments>
<arg>2</arg>
</arguments>
<kw name="Sleep" library="BuiltIn">
<doc>Pauses the test executed for the given time.</doc>
<arguments>
<arg>${arg1}</arg>
</arguments>
<msg timestamp="20200720 13:19:50.181" level="INFO">Slept 2 seconds</msg>
<status status="PASS" starttime="20200720 13:19:48.180" endtime="20200720 13:19:50.181"></status>
</kw>
<status status="PASS" starttime="20200720 13:19:48.179" endtime="20200720 13:19:50.182"></status>
</kw>
<kw name="Click" library="recursos">
<arguments>
<arg>(//a[@data-advertencia='no'][contains(.,'Movilización')])[1]</arg>
</arguments>
<kw name="Click Element" library="SeleniumLibrary">
<doc>Click the element identified by ``locator``.</doc>
<arguments>
<arg>xpath=${arg1}</arg>
</arguments>
<msg timestamp="20200720 13:19:50.185" level="INFO">Clicking element 'xpath=(//a[@data-advertencia='no'][contains(.,'Movilización')])[1]'.</msg>
<status status="PASS" starttime="20200720 13:19:50.184" endtime="20200720 13:19:50.554"></status>
</kw>
<status status="PASS" starttime="20200720 13:19:50.183" endtime="20200720 13:19:50.554"></status>
</kw>
<kw name="Dormir" library="recursos">
<arguments>
<arg>1</arg>
</arguments>
<kw name="Sleep" library="BuiltIn">
<doc>Pauses the test executed for the given time.</doc>
<arguments>
<arg>${arg1}</arg>
</arguments>
<msg timestamp="20200720 13:19:51.557" level="INFO">Slept 1 second</msg>
<status status="PASS" starttime="20200720 13:19:50.556" endtime="20200720 13:19:51.557"></status>
</kw>
<status status="PASS" starttime="20200720 13:19:50.555" endtime="20200720 13:19:51.558"></status>
</kw>
<kw name="Click" library="recursos">
<arguments>
<arg>//*[@id="Movilizacion_animales"]/a</arg>
</arguments>
<kw name="Click Element" library="SeleniumLibrary">
<doc>Click the element identified by ``locator``.</doc>
<arguments>
<arg>xpath=${arg1}</arg>
</arguments>
<msg timestamp="20200720 13:19:51.560" level="INFO">Clicking element 'xpath=//*[@id="Movilizacion_animales"]/a'.</msg>
<status status="PASS" starttime="20200720 13:19:51.559" endtime="20200720 13:19:51.924"></status>
</kw>
<status status="PASS" starttime="20200720 13:19:51.558" endtime="20200720 13:19:51.924"></status>
</kw>
<kw name="Dormir" library="recursos">
<arguments>
<arg>2</arg>
</arguments>
<kw name="Sleep" library="BuiltIn">
<doc>Pauses the test executed for the given time.</doc>
<arguments>
<arg>${arg1}</arg>
</arguments>
<msg timestamp="20200720 13:19:53.927" level="INFO">Slept 2 seconds</msg>
<status status="PASS" starttime="20200720 13:19:51.925" endtime="20200720 13:19:53.927"></status>
</kw>
<status status="PASS" starttime="20200720 13:19:51.924" endtime="20200720 13:19:53.927"></status>
</kw>
<kw name="Click" library="recursos">
<arguments>
<arg>(//input[contains(@type,'submit')])[6]</arg>
</arguments>
<kw name="Click Element" library="SeleniumLibrary">
<doc>Click the element identified by ``locator``.</doc>
<arguments>
<arg>xpath=${arg1}</arg>
</arguments>
<msg timestamp="20200720 13:19:53.929" level="INFO">Clicking element 'xpath=(//input[contains(@type,'submit')])[6]'.</msg>
<status status="PASS" starttime="20200720 13:19:53.928" endtime="20200720 13:19:55.188"></status>
</kw>
[...]
<doc>Click the element identified by ``locator``.</doc>
<arguments>
<arg>xpath=${arg1}</arg>
</arguments>
<msg timestamp="20200720 13:21:13.119" level="INFO">Clicking element 'xpath=(//input[contains(@value,'1')])[2]'.</msg>
<status status="PASS" starttime="20200720 13:21:13.118" endtime="20200720 13:21:13.444"></status>
</kw>
<status status="PASS" starttime="20200720 13:21:13.117" endtime="20200720 13:21:13.444"></status>
</kw>
<kw name="Dormir" library="recursos">
<arguments>
<arg>1</arg>
</arguments>
<kw name="Sleep" library="BuiltIn">
<doc>Pauses the test executed for the given time.</doc>
<arguments>
<arg>${arg1}</arg>
</arguments>
<msg timestamp="20200720 13:21:14.448" level="INFO">Slept 1 second</msg>
<status status="PASS" starttime="20200720 13:21:13.446" endtime="20200720 13:21:14.448"></status>
</kw>
<status status="PASS" starttime="20200720 13:21:13.445" endtime="20200720 13:21:14.448"></status>
</kw>
<kw name="SLI" library="recursos">
<arguments>
<arg>(//select[contains(@class,'form-control')])[4]</arg>
<arg>5</arg>
</arguments>
<kw name="Select From List By Index" library="SeleniumLibrary">
<doc>Selects options from selection list ``locator`` by ``indexes``.</doc>
<arguments>
<arg>${arg1}</arg>
<arg>${arg2}</arg>
</arguments>
<msg timestamp="20200720 13:21:14.449" level="INFO">Selecting options from selection list '(//select[contains(@class,'form-control')])[4]' by index 5.</msg>
<status status="PASS" starttime="20200720 13:21:14.448" endtime="20200720 13:21:16.098"></status>
</kw>
<status status="PASS" starttime="20200720 13:21:14.448" endtime="20200720 13:21:16.098"></status>
</kw>
<kw name="Click" library="recursos">
<arguments>
<arg>(//input[contains(@value,'4')])[2]</arg>
</arguments>
<kw name="Click Element" library="SeleniumLibrary">
<doc>Click the element identified by ``locator``.</doc>
<arguments>
<arg>xpath=${arg1}</arg>
</arguments>
<msg timestamp="20200720 13:21:16.101" level="INFO">Clicking element 'xpath=(//input[contains(@value,'4')])[2]'.</msg>
<status status="PASS" starttime="20200720 13:21:16.100" endtime="20200720 13:21:16.661"></status>
</kw>
<status status="PASS" starttime="20200720 13:21:16.099" endtime="20200720 13:21:16.661"></status>
</kw>
<kw name="Dormir" library="recursos">
<arguments>
<arg>1</arg>
</arguments>
<kw name="Sleep" library="BuiltIn">
<doc>Pauses the test executed for the given time.</doc>
<arguments>
<arg>${arg1}</arg>
</arguments>
<msg timestamp="20200720 13:21:17.665" level="INFO">Slept 1 second</msg>
<status status="PASS" starttime="20200720 13:21:16.664" endtime="20200720 13:21:17.665"></status>
</kw>
<status status="PASS" starttime="20200720 13:21:16.662" endtime="20200720 13:21:17.666"></status>
</kw>
<kw name="Texto" library="recursos">
<arguments>
<arg>(//input[contains(@type,'text')])[7]</arg>
<arg>NISSAN</arg>
</arguments>
<kw name="Input Text" library="SeleniumLibrary">
<doc>Types the given ``text`` into the text field identified by ``locator``.</doc>
<arguments>
<arg>xpath=${arg1}</arg>
<arg>${arg2}</arg>
</arguments>
<msg timestamp="20200720 13:21:17.668" level="INFO">Typing text 'NISSAN' into text field 'xpath=(//input[contains(@type,'text')])[7]'.</msg>
<status status="PASS" starttime="20200720 13:21:17.668" endtime="20200720 13:21:18.233"></status>
</kw>
<status status="PASS" starttime="20200720 13:21:17.666" endtime="20200720 13:21:18.234"></status>
</kw>
<kw name="Texto" library="recursos">
<arguments>
<arg>(//input[contains(@type,'text')])[8]</arg>
<arg>HTRG-345</arg>
</arguments>
<kw name="Input Text" library="SeleniumLibrary">
<doc>Types the given ``text`` into the text field identified by ``locator``.</doc>
<arguments>
<arg>xpath=${arg1}</arg>
<arg>${arg2}</arg>
</arguments>
<msg timestamp="20200720 13:21:18.236" level="INFO">Typing text 'HTRG-345' into text field 'xpath=(//input[contains(@type,'text')])[8]'.</msg>
<status status="PASS" starttime="20200720 13:21:18.235" endtime="20200720 13:21:18.828"></status>
</kw>
<status status="PASS" starttime="20200720 13:21:18.234" endtime="20200720 13:21:18.828"></status>
</kw>
<kw name="Dormir" library="recursos">
<arguments>
<arg>1</arg>
</arguments>
<kw name="Sleep" library="BuiltIn">
<doc>Pauses the test executed for the given time.</doc>
<arguments>
<arg>${arg1}</arg>
</arguments>
<msg timestamp="20200720 13:21:19.832" level="INFO">Slept 1 second</msg>
<status status="PASS" starttime="20200720 13:21:18.830" endtime="20200720 13:21:19.833"></status>
</kw>
<status status="PASS" starttime="20200720 13:21:18.829" endtime="20200720 13:21:19.833"></status>
</kw>
<kw name="Scroll" library="recursos">
<arguments>
<arg>0</arg>
<arg>1700</arg>
</arguments>
<kw name="Execute Javascript" library="SeleniumLibrary">
<doc>Executes the given JavaScript code with possible arguments.</doc>
<arguments>
<arg>window.scrollTo(${arg1},${arg2})</arg>
</arguments>
<msg timestamp="20200720 13:21:19.838" level="INFO">Executing JavaScript:
window.scrollTo(0,1700)
Without any arguments.</msg>
<status status="PASS" starttime="20200720 13:21:19.835" endtime="20200720 13:21:19.959"></status>
</kw>
<status status="PASS" starttime="20200720 13:21:19.834" endtime="20200720 13:21:19.959"></status>
</kw>
<kw name="Dormir" library="recursos">
<arguments>
<arg>1</arg>
</arguments>
<kw name="Sleep" library="BuiltIn">
<doc>Pauses the test executed for the given time.</doc>
<arguments>
<arg>${arg1}</arg>
</arguments>
<msg timestamp="20200720 13:21:20.962" level="INFO">Slept 1 second</msg>
<status status="PASS" starttime="20200720 13:21:19.961" endtime="20200720 13:21:20.962"></status>
</kw>
<status status="PASS" starttime="20200720 13:21:19.960" endtime="20200720 13:21:20.963"></status>
</kw>
<kw name="Texto" library="recursos">
<arguments>
<arg>(//input[contains(@type,'text')])[11]</arg>
<arg>ok</arg>
</arguments>
<kw name="Input Text" library="SeleniumLibrary">
<doc>Types the given ``text`` into the text field identified by ``locator``.</doc>
<arguments>
<arg>xpath=${arg1}</arg>
<arg>${arg2}</arg>
</arguments>
<msg timestamp="20200720 13:21:20.966" level="INFO">Typing text 'ok' into text field 'xpath=(//input[contains(@type,'text')])[11]'.</msg>
<status status="PASS" starttime="20200720 13:21:20.965" endtime="20200720 13:21:21.463"></status>
</kw>
<status status="PASS" starttime="20200720 13:21:20.963" endtime="20200720 13:21:21.463"></status>
</kw>
<kw name="Texto" library="recursos">
<arguments>
<arg>(//input[contains(@type,'text')])[12]</arg>
<arg>X173126</arg>
</arguments>
<kw name="Input Text" library="SeleniumLibrary">
<doc>Types the given ``text`` into the text field identified by ``locator``.</doc>
<arguments>
<arg>xpath=${arg1}</arg>
<arg>${arg2}</arg>
</arguments>
<msg timestamp="20200720 13:21:21.465" level="INFO">Typing text 'X173126' into text field 'xpath=(//input[contains(@type,'text')])[12]'.</msg>
<status status="PASS" starttime="20200720 13:21:21.465" endtime="20200720 13:21:21.991"></status>
</kw>
<status status="PASS" starttime="20200720 13:21:21.464" endtime="20200720 13:21:21.991"></status>
</kw>
<kw name="Dormir" library="recursos">
<arguments>
<arg>1</arg>
</arguments>
<kw name="Sleep" library="BuiltIn">
<doc>Pauses the test executed for the given time.</doc>
<arguments>
<arg>${arg1}</arg>
</arguments>
<msg timestamp="20200720 13:21:22.994" level="INFO">Slept 1 second</msg>
<status status="PASS" starttime="20200720 13:21:21.992" endtime="20200720 13:21:22.994"></status>
</kw>
<status status="PASS" starttime="20200720 13:21:21.991" endtime="20200720 13:21:22.995"></status>
</kw>
<kw name="Scroll" library="recursos">
<arguments>
<arg>0</arg>
<arg>2000</arg>
</arguments>
<kw name="Execute Javascript" library="SeleniumLibrary">
<doc>Executes the given JavaScript code with possible arguments.</doc>
<arguments>
<arg>window.scrollTo(${arg1},${arg2})</arg>
</arguments>
<msg timestamp="20200720 13:21:22.998" level="INFO">Executing JavaScript:
window.scrollTo(0,2000)
Without any arguments.</msg>
<status status="PASS" starttime="20200720 13:21:22.997" endtime="20200720 13:21:23.116"></status>
</kw>
<status status="PASS" starttime="20200720 13:21:22.995" endtime="20200720 13:21:23.117"></status>
</kw>
<kw name="Dormir" library="recursos">
<arguments>
<arg>1</arg>
</arguments>
<kw name="Sleep" library="BuiltIn">
<doc>Pauses the test executed for the given time.</doc>
<arguments>
<arg>${arg1}</arg>
</arguments>
<msg timestamp="20200720 13:21:24.119" level="INFO">Slept 1 second</msg>
<status status="PASS" starttime="20200720 13:21:23.118" endtime="20200720 13:21:24.120"></status>
</kw>
<status status="PASS" starttime="20200720 13:21:23.117" endtime="20200720 13:21:24.120"></status>
</kw>
<kw name="Click" library="recursos">
<arguments>
<arg>(//input[contains(@type,'submit')])[1]</arg>
</arguments>
<kw name="Click Element" library="SeleniumLibrary">
<doc>Click the element identified by ``locator``.</doc>
<arguments>
<arg>xpath=${arg1}</arg>
</arguments>
<msg timestamp="20200720 13:21:24.123" level="INFO">Clicking element 'xpath=(//input[contains(@type,'submit')])[1]'.</msg>
<status status="PASS" starttime="20200720 13:21:24.122" endtime="20200720 13:21:24.653"></status>
</kw>
<status status="PASS" starttime="20200720 13:21:24.121" endtime="20200720 13:21:24.654"></status>
</kw>
<kw name="Dormir" library="recursos">
<arguments>
<arg>1</arg>
</arguments>
<kw name="Sleep" library="BuiltIn">
<doc>Pauses the test executed for the given time.</doc>
<arguments>
<arg>${arg1}</arg>
</arguments>
<msg timestamp="20200720 13:21:25.658" level="INFO">Slept 1 second</msg>
<status status="PASS" starttime="20200720 13:21:24.656" endtime="20200720 13:21:25.658"></status>
</kw>
<status status="PASS" starttime="20200720 13:21:24.655" endtime="20200720 13:21:25.659"></status>
</kw>
<kw name="Scroll" library="recursos">
<arguments>
<arg>0</arg>
<arg>250</arg>
</arguments>
<kw name="Execute Javascript" library="SeleniumLibrary">
<doc>Executes the given JavaScript code with possible arguments.</doc>
<arguments>
<arg>window.scrollTo(${arg1},${arg2})</arg>
</arguments>
<msg timestamp="20200720 13:21:25.662" level="INFO">Executing JavaScript:
window.scrollTo(0,250)
Without any arguments.</msg>
<status status="PASS" starttime="20200720 13:21:25.661" endtime="20200720 13:21:25.781"></status>
</kw>
<status status="PASS" starttime="20200720 13:21:25.659" endtime="20200720 13:21:25.781"></status>
</kw>
<kw name="Click" library="recursos">
<arguments>
<arg>(//input[contains(@type,'submit')])[2]</arg>
</arguments>
<kw name="Click Element" library="SeleniumLibrary">
<doc>Click the element identified by ``locator``.</doc>
<arguments>
<arg>xpath=${arg1}</arg>
</arguments>
<msg timestamp="20200720 13:21:25.784" level="INFO">Clicking element 'xpath=(//input[contains(@type,'submit')])[2]'.</msg>
<status status="PASS" starttime="20200720 13:21:25.783" endtime="20200720 13:21:27.047"></status>
</kw>
<status status="PASS" starttime="20200720 13:21:25.782" endtime="20200720 13:21:27.047"></status>
</kw>
<kw name="Dormir" library="recursos">
<arguments>
<arg>3</arg>
</arguments>
<kw name="Sleep" library="BuiltIn">
<doc>Pauses the test executed for the given time.</doc>
<arguments>
<arg>${arg1}</arg>
</arguments>
<msg timestamp="20200720 13:21:30.049" level="INFO">Slept 3 seconds</msg>
<status status="PASS" starttime="20200720 13:21:27.048" endtime="20200720 13:21:30.049"></status>
</kw>
<status status="PASS" starttime="20200720 13:21:27.047" endtime="20200720 13:21:30.049"></status>
</kw>
<kw name="Scroll" library="recursos">
<arguments>
<arg>0</arg>
<arg>900</arg>
</arguments>
<kw name="Execute Javascript" library="SeleniumLibrary">
<doc>Executes the given JavaScript code with possible arguments.</doc>
<arguments>
<arg>window.scrollTo(${arg1},${arg2})</arg>
</arguments>
<msg timestamp="20200720 13:21:30.050" level="INFO">Executing JavaScript:
window.scrollTo(0,900)
Without any arguments.</msg>
<status status="PASS" starttime="20200720 13:21:30.049" endtime="20200720 13:21:30.157"></status>
</kw>
<status status="PASS" starttime="20200720 13:21:30.049" endtime="20200720 13:21:30.157"></status>
</kw>
<kw name="Dormir" library="recursos">
<arguments>
<arg>1</arg>
</arguments>
<kw name="Sleep" library="BuiltIn">
<doc>Pauses the test executed for the given time.</doc>
<arguments>
<arg>${arg1}</arg>
</arguments>
<msg timestamp="20200720 13:21:31.158" level="INFO">Slept 1 second</msg>
<status status="PASS" starttime="20200720 13:21:30.157" endtime="20200720 13:21:31.158"></status>
</kw>
<status status="PASS" starttime="20200720 13:21:30.157" endtime="20200720 13:21:31.159"></status>
</kw>
<kw name="Click" library="recursos">
<arguments>
<arg>(//input[contains(@type,'submit')])[2]</arg>
</arguments>
<kw name="Click Element" library="SeleniumLibrary">
<doc>Click the element identified by ``locator``.</doc>
<arguments>
<arg>xpath=${arg1}</arg>
</arguments>
<msg timestamp="20200720 13:21:31.161" level="INFO">Clicking element 'xpath=(//input[contains(@type,'submit')])[2]'.</msg>
<status status="PASS" starttime="20200720 13:21:31.160" endtime="20200720 13:21:31.836"></status>
</kw>
<status status="PASS" starttime="20200720 13:21:31.159" endtime="20200720 13:21:31.836"></status>
</kw>
<kw name="Dormir" library="recursos">
<arguments>
<arg>1</arg>
</arguments>
<kw name="Sleep" library="BuiltIn">
<doc>Pauses the test executed for the given time.</doc>
<arguments>
<arg>${arg1}</arg>
</arguments>
<msg timestamp="20200720 13:21:32.838" level="INFO">Slept 1 second</msg>
<status status="PASS" starttime="20200720 13:21:31.837" endtime="20200720 13:21:32.838"></status>
</kw>
<status status="PASS" starttime="20200720 13:21:31.837" endtime="20200720 13:21:32.839"></status>
</kw>
<kw name="Click" library="recursos">
<arguments>
<arg>//input[contains(@id,'sinamope:btnImprimir')]</arg>
</arguments>
<kw name="Click Element" library="SeleniumLibrary">
<doc>Click the element identified by ``locator``.</doc>
<arguments>
<arg>xpath=${arg1}</arg>
</arguments>
<msg timestamp="20200720 13:21:32.841" level="INFO">Clicking element 'xpath=//input[contains(@id,'sinamope:btnImprimir')]'.</msg>
<status status="PASS" starttime="20200720 13:21:32.840" endtime="20200720 13:21:39.295"></status>
</kw>
<status status="PASS" starttime="20200720 13:21:32.839" endtime="20200720 13:21:39.295"></status>
</kw>
<kw name="Dormir" library="recursos">
<arguments>
<arg>2</arg>
</arguments>
<kw name="Sleep" library="BuiltIn">
<doc>Pauses the test executed for the given time.</doc>
<arguments>
<arg>${arg1}</arg>
</arguments>
<msg timestamp="20200720 13:21:41.298" level="INFO">Slept 2 seconds</msg>
<status status="PASS" starttime="20200720 13:21:39.296" endtime="20200720 13:21:41.298"></status>
</kw>
<status status="PASS" starttime="20200720 13:21:39.295" endtime="20200720 13:21:41.299"></status>
</kw>
<kw name="Click" library="recursos">
<arguments>
<arg>(//a[@data-advertencia='no'][contains(.,'Movilización')])[1]</arg>
</arguments>
<kw name="Click Element" library="SeleniumLibrary">
<doc>Click the element identified by ``locator``.</doc>
<arguments>
<arg>xpath=${arg1}</arg>
</arguments>
<msg timestamp="20200720 13:21:41.301" level="INFO">Clicking element 'xpath=(//a[@data-advertencia='no'][contains(.,'Movilización')])[1]'.</msg>
<status status="PASS" starttime="20200720 13:21:41.300" endtime="20200720 13:21:41.674"></status>
</kw>
<status status="PASS" starttime="20200720 13:21:41.299" endtime="20200720 13:21:41.675"></status>
</kw>
<kw name="Dormir" library="recursos">
<arguments>
<arg>1</arg>
</arguments>
<kw name="Sleep" library="BuiltIn">
<doc>Pauses the test executed for the given time.</doc>
<arguments>
<arg>${arg1}</arg>
</arguments>
<msg timestamp="20200720 13:21:42.680" level="INFO">Slept 1 second</msg>
<status status="PASS" starttime="20200720 13:21:41.678" endtime="20200720 13:21:42.680"></status>
</kw>
<status status="PASS" starttime="20200720 13:21:41.676" endtime="20200720 13:21:42.681"></status>
</kw>
<kw name="Click" library="recursos">
<arguments>
<arg>//*[@id="Movilizacion_animales"]/a</arg>
</arguments>
<kw name="Click Element" library="SeleniumLibrary">
<doc>Click the element identified by ``locator``.</doc>
<arguments>
<arg>xpath=${arg1}</arg>
</arguments>
<msg timestamp="20200720 13:21:42.684" level="INFO">Clicking element 'xpath=//*[@id="Movilizacion_animales"]/a'.</msg>
<status status="PASS" starttime="20200720 13:21:42.683" endtime="20200720 13:21:43.024"></status>
</kw>
<status status="PASS" starttime="20200720 13:21:42.681" endtime="20200720 13:21:43.025"></status>
</kw>
<kw name="Dormir" library="recursos">
<arguments>
<arg>2</arg>
</arguments>
<kw name="Sleep" library="BuiltIn">
<doc>Pauses the test executed for the given time.</doc>
<arguments>
<arg>${arg1}</arg>
</arguments>
<msg timestamp="20200720 13:21:45.028" level="INFO">Slept 2 seconds</msg>
<status status="PASS" starttime="20200720 13:21:43.026" endtime="20200720 13:21:45.028"></status>
</kw>
<status status="PASS" starttime="20200720 13:21:43.025" endtime="20200720 13:21:45.029"></status>
</kw>
<kw name="Click" library="recursos">
<arguments>
<arg>(//input[contains(@type,'submit')])[6]</arg>
</arguments>
<kw name="Click Element" library="SeleniumLibrary">
<doc>Click the element identified by ``locator``.</doc>
<arguments>
<arg>xpath=${arg1}</arg>
</arguments>
<msg timestamp="20200720 13:21:45.031" level="INFO">Clicking element 'xpath=(//input[contains(@type,'submit')])[6]'.</msg>
<status status="PASS" starttime="20200720 13:21:45.030" endtime="20200720 13:21:46.668"></status>
</kw>
<status status="PASS" starttime="20200720 13:21:45.029" endtime="20200720 13:21:46.668"></status>
</kw>
<kw name="Dormir" library="recursos">
<arguments>
<arg>2</arg>
</arguments>
<kw name="Sleep" library="BuiltIn">
<doc>Pauses the test executed for the given time.</doc>
<arguments>
<arg>${arg1}</arg>
</arguments>
<msg timestamp="20200720 13:21:48.670" level="INFO">Slept 2 seconds</msg>
<status status="PASS" starttime="20200720 13:21:46.669" endtime="20200720 13:21:48.670"></status>
</kw>
<status status="PASS" starttime="20200720 13:21:46.669" endtime="20200720 13:21:48.671"></status>
</kw>
<kw name="Run Keyword If" library="BuiltIn">
<doc>Runs the given keyword with the given arguments, if ``condition`` is true.</doc>
<arguments>
<arg>'${i}'=='${reg}'</arg>
<arg>Exit For Loop</arg>
</arguments>
<kw name="Exit For Loop" library="BuiltIn">
<doc>Stops executing the enclosing for loop.</doc>
<msg timestamp="20200720 13:21:48.673" level="INFO">Exiting for loop altogether.</msg>
<status status="PASS" starttime="20200720 13:21:48.673" endtime="20200720 13:21:48.673"></status>
</kw>
<status status="PASS" starttime="20200720 13:21:48.671" endtime="20200720 13:21:48.674"></status>
</kw>
<status status="PASS" starttime="20200720 13:20:50.418" endtime="20200720 13:21:48.674"></status>
</kw>
<status status="PASS" starttime="20200720 13:18:10.562" endtime="20200720 13:21:48.674"></status>
</kw>
<kw name="Cerrar" library="recursos">
<kw name="Close Browser" library="SeleniumLibrary">
<doc>Closes the current browser.</doc>
<status status="PASS" starttime="20200720 13:21:48.675" endtime="20200720 13:21:50.901"></status>
</kw>
<status status="PASS" starttime="20200720 13:21:48.674" endtime="20200720 13:21:50.902"></status>
</kw>
<status status="PASS" starttime="20200720 13:17:54.324" endtime="20200720 13:21:50.902"></status>
</kw>
<doc>PRUEBA SINAMOPE 001 (DESCARGAR REPORTE PDF)</doc>
<tags>
<tag>s001</tag>
</tags>
<status status="PASS" starttime="20200720 13:17:54.321" endtime="20200720 13:21:50.904" critical="yes"></status>
</test>
<doc>Casos de Prueba Proyecto SINAMOPE</doc>
<status status="PASS" starttime="20200720 13:17:52.590" endtime="20200720 13:21:50.913"></status>
</suite>
<statistics>
<total>
<stat pass="1" fail="0">Critical Tests</stat>
<stat pass="1" fail="0">All Tests</stat>
</total>
<tag>
<stat pass="1" fail="0">s001</stat>
</tag>
<suite>
<stat pass="1" fail="0" id="s1" name="Sinamope">Sinamope</stat>
</suite>
</statistics>
<errors>
</errors>
</robot>
