<?xml version="1.0" encoding="UTF-8"?>
<robot generator="Robot 3.1.2 (Python 3.7.6 on win32)" generated="20200720 13:24:16.485" rpa="false">
<suite id="s1" name="Suites">
<suite id="s1-s1" name="Sinamope3" source="C:\TEST_SINAMOPE\test\sinamope3.robot">
<test id="s1-s1-t1" name="CC001 SINAMOPE (SISTEMA SINAMOPE)(DESCARGAR REPORTE PDF)">
<kw name="Esperar Iniciar ok" library="recursos">
<arguments>
<arg>35</arg>
</arguments>
<kw name="Set Selenium Timeout" library="SeleniumLibrary">
<doc>Sets the timeout that is used by various keywords.</doc>
<arguments>
<arg>${arg1} seconds</arg>
</arguments>
<status status="PASS" starttime="20200720 13:24:18.239" endtime="20200720 13:24:18.239"></status>
</kw>
<status status="PASS" starttime="20200720 13:24:18.239" endtime="20200720 13:24:18.239"></status>
</kw>
<kw name="Descargar_pdf_ok" library="casos_sinamope">
<arguments>
<arg>${url}</arg>
<arg>${navegador}</arg>
</arguments>
<kw name="Esperar Iniciar Forzar" library="recursos">
<arguments>
<arg>15</arg>
</arguments>
<kw name="Set Selenium Implicit Wait" library="SeleniumLibrary">
<doc>Sets the implicit wait value used by Selenium.</doc>
<arguments>
<arg>${arg1} seconds</arg>
</arguments>
<status status="PASS" starttime="20200720 13:24:18.240" endtime="20200720 13:24:18.240"></status>
</kw>
<status status="PASS" starttime="20200720 13:24:18.240" endtime="20200720 13:24:18.240"></status>
</kw>
<kw name="Esperar Iniciar ok" library="recursos">
<arguments>
<arg>5</arg>
</arguments>
<kw name="Set Selenium Timeout" library="SeleniumLibrary">
<doc>Sets the timeout that is used by various keywords.</doc>
<arguments>
<arg>${arg1} seconds</arg>
</arguments>
<status status="PASS" starttime="20200720 13:24:18.241" endtime="20200720 13:24:18.241"></status>
</kw>
<status status="PASS" starttime="20200720 13:24:18.240" endtime="20200720 13:24:18.241"></status>
</kw>
<kw name="Dormir Todos" library="recursos">
<arguments>
<arg>${tiempo}</arg>
</arguments>
<kw name="Set Selenium Speed" library="SeleniumLibrary">
<doc>Sets the delay that is waited after each Selenium command.</doc>
<arguments>
<arg>${arg1} seconds</arg>
</arguments>
<status status="PASS" starttime="20200720 13:24:18.241" endtime="20200720 13:24:18.242"></status>
</kw>
<status status="PASS" starttime="20200720 13:24:18.241" endtime="20200720 13:24:18.242"></status>
</kw>
<kw name="Abrir navegador" library="recursos">
<arguments>
<arg>${arg1}</arg>
<arg>${arg2}</arg>
</arguments>
<kw name="Open Browser" library="SeleniumLibrary">
<doc>Opens a new browser instance to the optional ``url``.</doc>
<arguments>
<arg>${arg1}</arg>
<arg>${arg2}</arg>
</arguments>
<msg timestamp="20200720 13:24:18.242" level="INFO">Opening browser 'chrome' to base url 'https://libssl.senasica.gob.mx/sinamope/login.xhtml'.</msg>
<status status="PASS" starttime="20200720 13:24:18.242" endtime="20200720 13:24:24.547"></status>
</kw>
<status status="PASS" starttime="20200720 13:24:18.242" endtime="20200720 13:24:24.547"></status>
</kw>
<kw name="Maximizar" library="recursos">
<kw name="Maximize Browser Window" library="SeleniumLibrary">
<doc>Maximizes current browser window.</doc>
<status status="PASS" starttime="20200720 13:24:24.548" endtime="20200720 13:24:26.806"></status>
</kw>
<status status="PASS" starttime="20200720 13:24:24.547" endtime="20200720 13:24:26.806"></status>
</kw>
<kw name="Click" library="recursos">
<arguments>
<arg>//*[@id="details-button"]</arg>
</arguments>
<kw name="Click Element" library="SeleniumLibrary">
<doc>Click the element identified by ``locator``.</doc>
<arguments>
<arg>xpath=${arg1}</arg>
</arguments>
<msg timestamp="20200720 13:24:26.807" level="INFO">Clicking element 'xpath=//*[@id="details-button"]'.</msg>
<status status="PASS" starttime="20200720 13:24:26.807" endtime="20200720 13:24:27.074"></status>
</kw>
<status status="PASS" starttime="20200720 13:24:26.806" endtime="20200720 13:24:27.074"></status>
</kw>
<kw name="Click" library="recursos">
<arguments>
<arg>//*[@id="proceed-link"]</arg>
</arguments>
<kw name="Click Element" library="SeleniumLibrary">
<doc>Click the element identified by ``locator``.</doc>
<arguments>
<arg>xpath=${arg1}</arg>
</arguments>
<msg timestamp="20200720 13:24:27.075" level="INFO">Clicking element 'xpath=//*[@id="proceed-link"]'.</msg>
<status status="PASS" starttime="20200720 13:24:27.075" endtime="20200720 13:24:28.455"></status>
</kw>
<status status="PASS" starttime="20200720 13:24:27.074" endtime="20200720 13:24:28.455"></status>
</kw>
<kw name="Texto" library="recursos">
<arguments>
<arg>(//input[@class='form-control'])[1]</arg>
<arg>${usr1}</arg>
</arguments>
<kw name="Input Text" library="SeleniumLibrary">
<doc>Types the given ``text`` into the text field identified by ``locator``.</doc>
<arguments>
<arg>xpath=${arg1}</arg>
<arg>${arg2}</arg>
</arguments>
<msg timestamp="20200720 13:24:28.456" level="INFO">Typing text 'diego.garcia' into text field 'xpath=(//input[@class='form-control'])[1]'.</msg>
<status status="PASS" starttime="20200720 13:24:28.456" endtime="20200720 13:24:29.062"></status>
</kw>
<status status="PASS" starttime="20200720 13:24:28.455" endtime="20200720 13:24:29.062"></status>
</kw>
<kw name="Texto" library="recursos">
<arguments>
<arg>(//input[@class='form-control'])[2]</arg>
<arg>${pass1}</arg>
</arguments>
<kw name="Input Text" library="SeleniumLibrary">
<doc>Types the given ``text`` into the text field identified by ``locator``.</doc>
<arguments>
<arg>xpath=${arg1}</arg>
<arg>${arg2}</arg>
</arguments>
<msg timestamp="20200720 13:24:29.063" level="INFO">Typing text 'lib18' into text field 'xpath=(//input[@class='form-control'])[2]'.</msg>
<status status="PASS" starttime="20200720 13:24:29.063" endtime="20200720 13:24:29.560"></status>
</kw>
<status status="PASS" starttime="20200720 13:24:29.062" endtime="20200720 13:24:29.560"></status>
</kw>
<kw name="Click" library="recursos">
<arguments>
<arg>//input[@id='sinamope:btnEntrar']</arg>
</arguments>
<kw name="Click Element" library="SeleniumLibrary">
<doc>Click the element identified by ``locator``.</doc>
<arguments>
<arg>xpath=${arg1}</arg>
</arguments>
<msg timestamp="20200720 13:24:29.561" level="INFO">Clicking element 'xpath=//input[@id='sinamope:btnEntrar']'.</msg>
<status status="PASS" starttime="20200720 13:24:29.561" endtime="20200720 13:24:30.928"></status>
</kw>
<status status="PASS" starttime="20200720 13:24:29.560" endtime="20200720 13:24:30.928"></status>
</kw>
<kw name="Dormir" library="recursos">
<arguments>
<arg>1</arg>
</arguments>
<kw name="Sleep" library="BuiltIn">
<doc>Pauses the test executed for the given time.</doc>
<arguments>
<arg>${arg1}</arg>
</arguments>
<msg timestamp="20200720 13:24:31.930" level="INFO">Slept 1 second</msg>
<status status="PASS" starttime="20200720 13:24:30.929" endtime="20200720 13:24:31.930"></status>
</kw>
<status status="PASS" starttime="20200720 13:24:30.928" endtime="20200720 13:24:31.930"></status>
</kw>
<kw name="Click" library="recursos">
<arguments>
<arg>(//a[@data-advertencia='no'][contains(.,'Movilización')])[1]</arg>
</arguments>
<kw name="Click Element" library="SeleniumLibrary">
<doc>Click the element identified by ``locator``.</doc>
<arguments>
<arg>xpath=${arg1}</arg>
</arguments>
<msg timestamp="20200720 13:24:31.931" level="INFO">Clicking element 'xpath=(//a[@data-advertencia='no'][contains(.,'Movilización')])[1]'.</msg>
<status status="PASS" starttime="20200720 13:24:31.930" endtime="20200720 13:24:32.183"></status>
</kw>
<status status="PASS" starttime="20200720 13:24:31.930" endtime="20200720 13:24:32.183"></status>
</kw>
<kw name="Dormir" library="recursos">
<arguments>
<arg>1</arg>
</arguments>
<kw name="Sleep" library="BuiltIn">
<doc>Pauses the test executed for the given time.</doc>
<arguments>
<arg>${arg1}</arg>
</arguments>
<msg timestamp="20200720 13:24:33.185" level="INFO">Slept 1 second</msg>
<status status="PASS" starttime="20200720 13:24:32.184" endtime="20200720 13:24:33.185"></status>
</kw>
<status status="PASS" starttime="20200720 13:24:32.184" endtime="20200720 13:24:33.185"></status>
</kw>
<kw name="Click" library="recursos">
<arguments>
<arg>//a[contains(@id,'sinamope:lnkMovilizacionAnimales')]</arg>
</arguments>
<kw name="Click Element" library="SeleniumLibrary">
<doc>Click the element identified by ``locator``.</doc>
<arguments>
<arg>xpath=${arg1}</arg>
</arguments>
<msg timestamp="20200720 13:24:33.185" level="INFO">Clicking element 'xpath=//a[contains(@id,'sinamope:lnkMovilizacionAnimales')]'.</msg>
<status status="PASS" starttime="20200720 13:24:33.185" endtime="20200720 13:24:33.925"></status>
</kw>
<status status="PASS" starttime="20200720 13:24:33.185" endtime="20200720 13:24:33.925"></status>
</kw>
<kw name="Dormir" library="recursos">
<arguments>
<arg>2</arg>
</arguments>
<kw name="Sleep" library="BuiltIn">
<doc>Pauses the test executed for the given time.</doc>
<arguments>
<arg>${arg1}</arg>
</arguments>
<msg timestamp="20200720 13:24:35.928" level="INFO">Slept 2 seconds</msg>
<status status="PASS" starttime="20200720 13:24:33.926" endtime="20200720 13:24:35.928"></status>
</kw>
<status status="PASS" starttime="20200720 13:24:33.925" endtime="20200720 13:24:35.929"></status>
</kw>
<kw name="Leer numero de filas" library="recursos">
<arguments>
<arg>Hoja1</arg>
</arguments>
<assign>
<var>${rows}</var>
</assign>
<kw name="Numero De Filas" library="ReadData">
<arguments>
<arg>${hoja}</arg>
</arguments>
<assign>
<var>${maxr}</var>
</assign>
<msg timestamp="20200720 13:24:35.933" level="INFO">${maxr} = 15</msg>
<status status="PASS" starttime="20200720 13:24:35.931" endtime="20200720 13:24:35.934"></status>
</kw>
<msg timestamp="20200720 13:24:35.935" level="INFO">${rows} = 15</msg>
<status status="PASS" starttime="20200720 13:24:35.929" endtime="20200720 13:24:35.935"></status>
</kw>
<kw name="${i} IN RANGE [ 1 | ${rows}+1 ]" type="for">
<kw name="${i} = 1" type="foritem">
<kw name="Leer celda" library="recursos">
<arguments>
<arg>Hoja1</arg>
<arg>${i}</arg>
<arg>1</arg>
</arguments>
<assign>
<var>${usuario}</var>
</assign>
<kw name="Cell Data" library="ReadData">
<arguments>
<arg>${hoja}</arg>
<arg>${fila}</arg>
<arg>${celda}</arg>
</arguments>
<assign>
<var>${celldata}</var>
</assign>
<msg timestamp="20200720 13:24:35.941" level="INFO">${celldata} = DONOVAN GUTIERREZ</msg>
<status status="PASS" starttime="20200720 13:24:35.939" endtime="20200720 13:24:35.941"></status>
</kw>
<msg timestamp="20200720 13:24:35.941" level="INFO">${usuario} = DONOVAN GUTIERREZ</msg>
<status status="PASS" starttime="20200720 13:24:35.937" endtime="20200720 13:24:35.941"></status>
</kw>
<kw name="Leer celda" library="recursos">
<arguments>
<arg>Hoja1</arg>
<arg>${i}</arg>
<arg>3</arg>
</arguments>
<assign>
<var>${direccion}</var>
</assign>
<kw name="Cell Data" library="ReadData">
<arguments>
<arg>${hoja}</arg>
<arg>${fila}</arg>
<arg>${celda}</arg>
</arguments>
<assign>
<var>${celldata}</var>
</assign>
<msg timestamp="20200720 13:24:35.945" level="INFO">${celldata} = SUCURSAL 29 COLONIA VALLEJO SUR</msg>
<status status="PASS" starttime="20200720 13:24:35.944" endtime="20200720 13:24:35.945"></status>
</kw>
<msg timestamp="20200720 13:24:35.946" level="INFO">${direccion} = SUCURSAL 29 COLONIA VALLEJO SUR</msg>
<status status="PASS" starttime="20200720 13:24:35.942" endtime="20200720 13:24:35.947"></status>
</kw>
<kw name="Texto" library="recursos">
<arguments>
<arg>(//input[contains(@type,'text')])[1]</arg>
<arg>${usuario}</arg>
</arguments>
<kw name="Input Text" library="SeleniumLibrary">
<doc>Types the given ``text`` into the text field identified by ``locator``.</doc>
<arguments>
<arg>xpath=${arg1}</arg>
<arg>${arg2}</arg>
</arguments>
<msg timestamp="20200720 13:24:35.953" level="INFO">Typing text 'DONOVAN GUTIERREZ' into text field 'xpath=(//input[contains(@type,'text')])[1]'.</msg>
<status status="PASS" starttime="20200720 13:24:35.950" endtime="20200720 13:24:36.551"></status>
</kw>
<status status="PASS" starttime="20200720 13:24:35.948" endtime="20200720 13:24:36.551"></status>
</kw>
<kw name="Click" library="recursos">
<arguments>
<arg>(//input[contains(@type,'button')])[1]</arg>
</arguments>
<kw name="Click Element" library="SeleniumLibrary">
<doc>Click the element identified by ``locator``.</doc>
<arguments>
<arg>xpath=${arg1}</arg>
</arguments>
<msg timestamp="20200720 13:24:36.552" level="INFO">Clicking element 'xpath=(//input[contains(@type,'button')])[1]'.</msg>
<status status="PASS" starttime="20200720 13:24:36.551" endtime="20200720 13:24:36.821"></status>
</kw>
<status status="PASS" starttime="20200720 13:24:36.551" endtime="20200720 13:24:36.821"></status>
</kw>
<kw name="Dormir" library="recursos">
<arguments>
<arg>1</arg>
</arguments>
<kw name="Sleep" library="BuiltIn">
<doc>Pauses the test executed for the given time.</doc>
<arguments>
<arg>${arg1}</arg>
</arguments>
<msg timestamp="20200720 13:24:37.823" level="INFO">Slept 1 second</msg>
<status status="PASS" starttime="20200720 13:24:36.822" endtime="20200720 13:24:37.823"></status>
</kw>
<status status="PASS" starttime="20200720 13:24:36.821" endtime="20200720 13:24:37.824"></status>
</kw>
<kw name="SLI" library="recursos">
<arguments>
<arg>(//select[contains(@class,'form-control')])[4]</arg>
<arg>2</arg>
</arguments>
<kw name="Select From List By Index" library="SeleniumLibrary">
<doc>Selects options from selection list ``locator`` by ``indexes``.</doc>
<arguments>
<arg>${arg1}</arg>
<arg>${arg2}</arg>
</arguments>
<msg timestamp="20200720 13:24:37.826" level="INFO">Selecting options from selection list '(//select[contains(@class,'form-control')])[4]' by index 2.</msg>
<status status="PASS" starttime="20200720 13:24:37.826" endtime="20200720 13:24:39.080"></status>
</kw>
<status status="PASS" starttime="20200720 13:24:37.824" endtime="20200720 13:24:39.080"></status>
</kw>
<kw name="Dormir" library="recursos">
<arguments>
<arg>1</arg>
</arguments>
<kw name="Sleep" library="BuiltIn">
<doc>Pauses the test executed for the given time.</doc>
<arguments>
<arg>${arg1}</arg>
</arguments>
<msg timestamp="20200720 13:24:40.083" level="INFO">Slept 1 second</msg>
<status status="PASS" starttime="20200720 13:24:39.082" endtime="20200720 13:24:40.083"></status>
</kw>
<status status="PASS" starttime="20200720 13:24:39.081" endtime="20200720 13:24:40.083"></status>
</kw>
<kw name="Click" library="recursos">
<arguments>
<arg>//a[contains(@id,'sinamope:dtSucursales:0:lnkSelSucursal')]</arg>
</arguments>
<kw name="Click Element" library="SeleniumLibrary">
<doc>Click the element identified by ``locator``.</doc>
<arguments>
<arg>xpath=${arg1}</arg>
</arguments>
<msg timestamp="20200720 13:24:40.086" level="INFO">Clicking element 'xpath=//a[contains(@id,'sinamope:dtSucursales:0:lnkSelSucursal')]'.</msg>
<status status="PASS" starttime="20200720 13:24:40.084" endtime="20200720 13:24:40.685"></status>
</kw>
<status status="PASS" starttime="20200720 13:24:40.084" endtime="20200720 13:24:40.685"></status>
</kw>
<kw name="Dormir" library="recursos">
<arguments>
<arg>1</arg>
</arguments>
<kw name="Sleep" library="BuiltIn">
<doc>Pauses the test executed for the given time.</doc>
<arguments>
<arg>${arg1}</arg>
</arguments>
<msg timestamp="20200720 13:24:41.688" level="INFO">Slept 1 second</msg>
<status status="PASS" starttime="20200720 13:24:40.686" endtime="20200720 13:24:41.688"></status>
</kw>
<status status="PASS" starttime="20200720 13:24:40.685" endtime="20200720 13:24:41.688"></status>
</kw>
<kw name="Texto" library="recursos">
<arguments>
<arg>(//input[contains(@class,'form-control')])[2]</arg>
<arg>${direccion}</arg>
</arguments>
<kw name="Input Text" library="SeleniumLibrary">
<doc>Types the given ``text`` into the text field identified by ``locator``.</doc>
<arguments>
<arg>xpath=${arg1}</arg>
<arg>${arg2}</arg>
</arguments>
<msg timestamp="20200720 13:24:41.689" level="INFO">Typing text 'SUCURSAL 29 COLONIA VALLEJO SUR' into text field 'xpath=(//input[contains(@class,'form-control')])[2]'.</msg>
<status status="PASS" starttime="20200720 13:24:41.689" endtime="20200720 13:24:42.437"></status>
</kw>
<status status="PASS" starttime="20200720 13:24:41.688" endtime="20200720 13:24:42.437"></status>
</kw>
<kw name="Dormir" library="recursos">
<arguments>
<arg>1</arg>
</arguments>
<kw name="Sleep" library="BuiltIn">
<doc>Pauses the test executed for the given time.</doc>
<arguments>
<arg>${arg1}</arg>
</arguments>
<msg timestamp="20200720 13:24:43.438" level="INFO">Slept 1 second</msg>
<status status="PASS" starttime="20200720 13:24:42.438" endtime="20200720 13:24:43.438"></status>
</kw>
<status status="PASS" starttime="20200720 13:24:42.437" endtime="20200720 13:24:43.439"></status>
</kw>
<kw name="Click" library="recursos">
<arguments>
<arg>(//input[contains(@type,'button')])[2]</arg>
</arguments>
<kw name="Click Element" library="SeleniumLibrary">
<doc>Click the element identified by ``locator``.</doc>
<arguments>
<arg>xpath=${arg1}</arg>
</arguments>
<msg timestamp="20200720 13:24:43.441" level="INFO">Clicking element 'xpath=(//input[contains(@type,'button')])[2]'.</msg>
<status status="PASS" starttime="20200720 13:24:43.440" endtime="20200720 13:24:43.774"></status>
</kw>
<status status="PASS" starttime="20200720 13:24:43.439" endtime="20200720 13:24:43.774"></status>
</kw>
<kw name="Dormir" library="recursos">
<arguments>
<arg>1</arg>
</arguments>
<kw name="Sleep" library="BuiltIn">
<doc>Pauses the test executed for the given time.</doc>
<arguments>
<arg>${arg1}</arg>
</arguments>
<msg timestamp="20200720 13:24:44.777" level="INFO">Slept 1 second</msg>
<status status="PASS" starttime="20200720 13:24:43.775" endtime="20200720 13:24:44.777"></status>
</kw>
<status status="PASS" starttime="20200720 13:24:43.774" endtime="20200720 13:24:44.778"></status>
</kw>
<kw name="SLI" library="recursos">
<arguments>
<arg>(//select[contains(@class,'form-control')])[4]</arg>
<arg>2</arg>
</arguments>
<kw name="Select From List By Index" library="SeleniumLibrary">
<doc>Selects options from selection list ``locator`` by ``indexes``.</doc>
<arguments>
<arg>${arg1}</arg>
<arg>${arg2}</arg>
</arguments>
<msg timestamp="20200720 13:24:44.780" level="INFO">Selecting options from selection list '(//select[contains(@class,'form-control')])[4]' by index 2.</msg>
<status status="PASS" starttime="20200720 13:24:44.780" endtime="20200720 13:24:46.026"></status>
</kw>
<status status="PASS" starttime="20200720 13:24:44.778" endtime="20200720 13:24:46.026"></status>
</kw>
<kw name="Dormir" library="recursos">
<arguments>
<arg>1</arg>
</arguments>
<kw name="Sleep" library="BuiltIn">
<doc>Pauses the test executed for the given time.</doc>
<arguments>
<arg>${arg1}</arg>
</arguments>
<msg timestamp="20200720 13:24:47.028" level="INFO">Slept 1 second</msg>
<status status="PASS" starttime="20200720 13:24:46.027" endtime="20200720 13:24:47.028"></status>
</kw>
<status status="PASS" starttime="20200720 13:24:46.026" endtime="20200720 13:24:47.028"></status>
</kw>
<kw name="Click" library="recursos">
<arguments>
<arg>//a[@title='Seleccionar sucursal']</arg>
</arguments>
<kw name="Click Element" library="SeleniumLibrary">
<doc>Click the element identified by ``locator``.</doc>
<arguments>
<arg>xpath=${arg1}</arg>
</arguments>
<msg timestamp="20200720 13:24:47.030" level="INFO">Clicking element 'xpath=//a[@title='Seleccionar sucursal']'.</msg>
<status status="PASS" starttime="20200720 13:24:47.030" endtime="20200720 13:24:47.598"></status>
</kw>
<status status="PASS" starttime="20200720 13:24:47.029" endtime="20200720 13:24:47.598"></status>
</kw>
<kw name="Scroll" library="recursos">
<arguments>
<arg>0</arg>
<arg>600</arg>
</arguments>
<kw name="Execute Javascript" library="SeleniumLibrary">
<doc>Executes the given JavaScript code with possible arguments.</doc>
<arguments>
<arg>window.scrollTo(${arg1},${arg2})</arg>
</arguments>
<msg timestamp="20200720 13:24:47.599" level="INFO">Executing JavaScript:
window.scrollTo(0,600)
Without any arguments.</msg>
<status status="PASS" starttime="20200720 13:24:47.598" endtime="20200720 13:24:47.703"></status>
</kw>
<status status="PASS" starttime="20200720 13:24:47.598" endtime="20200720 13:24:47.703"></status>
</kw>
<kw name="Dormir" library="recursos">
<arguments>
<arg>2</arg>
</arguments>
<kw name="Sleep" library="BuiltIn">
<doc>Pauses the test executed for the given time.</doc>
<arguments>
<arg>${arg1}</arg>
</arguments>
<msg timestamp="20200720 13:24:49.706" level="INFO">Slept 2 seconds</msg>
<status status="PASS" starttime="20200720 13:24:47.703" endtime="20200720 13:24:49.706"></status>
</kw>
<status status="PASS" starttime="20200720 13:24:47.703" endtime="20200720 13:24:49.706"></status>
</kw>
<kw name="Click" library="recursos">
<arguments>
<arg>//*[@id="sinamope:j_idt165:4:especie"]</arg>
</arguments>
<kw name="Click Element" library="SeleniumLibrary">
<doc>Click the element identified by ``locator``.</doc>
<arguments>
<arg>xpath=${arg1}</arg>
</arguments>
<msg timestamp="20200720 13:24:49.707" level="INFO">Clicking element 'xpath=//*[@id="sinamope:j_idt165:4:especie"]'.</msg>
<status status="PASS" starttime="20200720 13:24:49.707" endtime="20200720 13:24:50.035"></status>
</kw>
<status status="PASS" starttime="20200720 13:24:49.707" endtime="20200720 13:24:50.035"></status>
</kw>
<kw name="Dormir" library="recursos">
<arguments>
<arg>2</arg>
</arguments>
<kw name="Sleep" library="BuiltIn">
<doc>Pauses the test executed for the given time.</doc>
<arguments>
<arg>${arg1}</arg>
</arguments>
<msg timestamp="20200720 13:24:52.037" level="INFO">Slept 2 seconds</msg>
<status status="PASS" starttime="20200720 13:24:50.037" endtime="20200720 13:24:52.037"></status>
</kw>
<status status="PASS" starttime="20200720 13:24:50.036" endtime="20200720 13:24:52.037"></status>
</kw>
<kw name="Scroll" library="recursos">
<arguments>
<arg>0</arg>
<arg>800</arg>
</arguments>
<kw name="Execute Javascript" library="SeleniumLibrary">
<doc>Executes the given JavaScript code with possible arguments.</doc>
<arguments>
<arg>window.scrollTo(${arg1},${arg2})</arg>
</arguments>
<msg timestamp="20200720 13:24:52.039" level="INFO">Executing JavaScript:
window.scrollTo(0,800)
Without any arguments.</msg>
<status status="PASS" starttime="20200720 13:24:52.038" endtime="20200720 13:24:52.153"></status>
</kw>
<status status="PASS" starttime="20200720 13:24:52.038" endtime="20200720 13:24:52.153"></status>
</kw>
<kw name="Texto" library="recursos">
<arguments>
<arg>(//input[contains(@type,'text')])[4]</arg>
<arg>10</arg>
</arguments>
<kw name="Input Text" library="SeleniumLibrary">
<doc>Types the given ``text`` into the text field identified by ``locator``.</doc>
<arguments>
<arg>xpath=${arg1}</arg>
<arg>${arg2}</arg>
</arguments>
<msg timestamp="20200720 13:24:52.155" level="INFO">Typing text '10' into text field 'xpath=(//input[contains(@type,'text')])[4]'.</msg>
<status status="PASS" starttime="20200720 13:24:52.154" endtime="20200720 13:24:52.665"></status>
</kw>
<status status="PASS" starttime="20200720 13:24:52.153" endtime="20200720 13:24:52.665"></status>
</kw>
<kw name="SLI" library="recursos">
<arguments>
<arg>(//select[contains(@class,'form-control')])[1]</arg>
<arg>3</arg>
</arguments>
<kw name="Select From List By Index" library="SeleniumLibrary">
<doc>Selects options from selection list ``locator`` by ``indexes``.</doc>
<arguments>
<arg>${arg1}</arg>
<arg>${arg2}</arg>
</arguments>
<msg timestamp="20200720 13:24:52.666" level="INFO">Selecting options from selection list '(//select[contains(@class,'form-control')])[1]' by index 3.</msg>
<status status="PASS" starttime="20200720 13:24:52.666" endtime="20200720 13:24:53.996"></status>
</kw>
<status status="PASS" starttime="20200720 13:24:52.665" endtime="20200720 13:24:53.996"></status>
</kw>
<kw name="Dormir" library="recursos">
<arguments>
<arg>1</arg>
</arguments>
<kw name="Sleep" library="BuiltIn">
<doc>Pauses the test executed for the given time.</doc>
<arguments>
<arg>${arg1}</arg>
</arguments>
<msg timestamp="20200720 13:24:54.998" level="INFO">Slept 1 second</msg>
<status status="PASS" starttime="20200720 13:24:53.996" endtime="20200720 13:24:54.998"></status>
</kw>
<status status="PASS" starttime="20200720 13:24:53.996" endtime="20200720 13:24:54.998"></status>
</kw>
<kw name="SLI" library="recursos">
<arguments>
<arg>(//select[contains(@class,'form-control')])[2]</arg>
<arg>3</arg>
</arguments>
<kw name="Select From List By Index" library="SeleniumLibrary">
<doc>Selects options from selection list ``locator`` by ``indexes``.</doc>
<arguments>
<arg>${arg1}</arg>
<arg>${arg2}</arg>
</arguments>
<msg timestamp="20200720 13:24:55.001" level="INFO">Selecting options from selection list '(//select[contains(@class,'form-control')])[2]' by index 3.</msg>
<status status="PASS" starttime="20200720 13:24:55.000" endtime="20200720 13:24:56.408"></status>
</kw>
<status status="PASS" starttime="20200720 13:24:54.999" endtime="20200720 13:24:56.408"></status>
</kw>
<kw name="SLI" library="recursos">
<arguments>
<arg>(//select[contains(@class,'form-control')])[3]</arg>
<arg>1</arg>
</arguments>
<kw name="Select From List By Index" library="SeleniumLibrary">
<doc>Selects options from selection list ``locator`` by ``indexes``.</doc>
<arguments>
<arg>${arg1}</arg>
<arg>${arg2}</arg>
</arguments>
<msg timestamp="20200720 13:24:56.410" level="INFO">Selecting options from selection list '(//select[contains(@class,'form-control')])[3]' by index 1.</msg>
<status status="PASS" starttime="20200720 13:24:56.410" endtime="20200720 13:24:57.549"></status>
</kw>
<status status="PASS" starttime="20200720 13:24:56.409" endtime="20200720 13:24:57.549"></status>
</kw>
<kw name="Scroll" library="recursos">
<arguments>
<arg>0</arg>
<arg>1300</arg>
</arguments>
<kw name="Execute Javascript" library="SeleniumLibrary">
<doc>Executes the given JavaScript code with possible arguments.</doc>
<arguments>
<arg>window.scrollTo(${arg1},${arg2})</arg>
</arguments>
<msg timestamp="20200720 13:24:57.551" level="INFO">Executing JavaScript:
window.scrollTo(0,1300)
Without any arguments.</msg>
<status status="PASS" starttime="20200720 13:24:57.550" endtime="20200720 13:24:57.661"></status>
</kw>
<status status="PASS" starttime="20200720 13:24:57.549" endtime="20200720 13:24:57.661"></status>
</kw>
<kw name="Dormir" library="recursos">
<arguments>
<arg>1</arg>
</arguments>
<kw name="Sleep" library="BuiltIn">
<doc>Pauses the test executed for the given time.</doc>
<arguments>
<arg>${arg1}</arg>
</arguments>
<msg timestamp="20200720 13:24:58.663" level="INFO">Slept 1 second</msg>
<status status="PASS" starttime="20200720 13:24:57.662" endtime="20200720 13:24:58.663"></status>
</kw>
<status status="PASS" starttime="20200720 13:24:57.661" endtime="20200720 13:24:58.664"></status>
</kw>
<kw name="Click" library="recursos">
<arguments>
<arg>(//input[contains(@value,'1')])[2]</arg>
</arguments>
<kw name="Click Element" library="SeleniumLibrary">
<doc>Click the element identified by ``locator``.</doc>
<arguments>
<arg>xpath=${arg1}</arg>
</arguments>
<msg timestamp="20200720 13:24:58.667" level="INFO">Clicking element 'xpath=(//input[contains(@value,'1')])[2]'.</msg>
<status status="PASS" starttime="20200720 13:24:58.666" endtime="20200720 13:24:58.969"></status>
</kw>
<status status="PASS" starttime="20200720 13:24:58.665" endtime="20200720 13:24:58.969"></status>
</kw>
<kw name="Dormir" library="recursos">
<arguments>
<arg>1</arg>
</arguments>
<kw name="Sleep" library="BuiltIn">
<doc>Pauses the test executed for the given time.</doc>
<arguments>
<arg>${arg1}</arg>
</arguments>
<msg timestamp="20200720 13:24:59.973" level="INFO">Slept 1 second</msg>
<status status="PASS" starttime="20200720 13:24:58.970" endtime="20200720 13:24:59.973"></status>
</kw>
<status status="PASS" starttime="20200720 13:24:58.970" endtime="20200720 13:24:59.973"></status>
</kw>
<kw name="SLI" library="recursos">
<arguments>
<arg>(//select[contains(@class,'form-control')])[4]</arg>
<arg>5</arg>
</arguments>
<kw name="Select From List By Index" library="SeleniumLibrary">
<doc>Selects options from selection list ``locator`` by ``indexes``.</doc>
<arguments>
<arg>${arg1}</arg>
<arg>${arg2}</arg>
</arguments>
<msg timestamp="20200720 13:24:59.974" level="INFO">Selecting options from selection list '(//select[contains(@class,'form-control')])[4]' by index 5.</msg>
<status status="PASS" starttime="20200720 13:24:59.973" endtime="20200720 13:25:01.503"></status>
</kw>
<status status="PASS" starttime="20200720 13:24:59.973" endtime="20200720 13:25:01.503"></status>
</kw>
<kw name="Click" library="recursos">
<arguments>
<arg>(//input[contains(@value,'4')])[2]</arg>
</arguments>
<kw name="Click Element" library="SeleniumLibrary">
<doc>Click the element identified by ``locator``.</doc>
<arguments>
<arg>xpath=${arg1}</arg>
</arguments>
<msg timestamp="20200720 13:25:01.504" level="INFO">Clicking element 'xpath=(//input[contains(@value,'4')])[2]'.</msg>
<status status="PASS" starttime="20200720 13:25:01.504" endtime="20200720 13:25:02.114"></status>
</kw>
<status status="PASS" starttime="20200720 13:25:01.503" endtime="20200720 13:25:02.114"></status>
</kw>
<kw name="Dormir" library="recursos">
<arguments>
<arg>1</arg>
</arguments>
<kw name="Sleep" library="BuiltIn">
<doc>Pauses the test executed for the given time.</doc>
<arguments>
<arg>${arg1}</arg>
</arguments>
<msg timestamp="20200720 13:25:03.117" level="INFO">Slept 1 second</msg>
<status status="PASS" starttime="20200720 13:25:02.115" endtime="20200720 13:25:03.117"></status>
</kw>
<status status="PASS" starttime="20200720 13:25:02.114" endtime="20200720 13:25:03.118"></status>
</kw>
<kw name="Texto" library="recursos">
<arguments>
<arg>(//input[contains(@type,'text')])[7]</arg>
<arg>NISSAN</arg>
</arguments>
<kw name="Input Text" library="SeleniumLibrary">
<doc>Types the given ``text`` into the text field identified by ``locator``.</doc>
<arguments>
<arg>xpath=${arg1}</arg>
<arg>${arg2}</arg>
</arguments>
<msg timestamp="20200720 13:25:03.120" level="INFO">Typing text 'NISSAN' into text field 'xpath=(//input[contains(@type,'text')])[7]'.</msg>
<status status="PASS" starttime="20200720 13:25:03.119" endtime="20200720 13:25:03.665"></status>
</kw>
<status status="PASS" starttime="20200720 13:25:03.118" endtime="20200720 13:25:03.665"></status>
</kw>
<kw name="Texto" library="recursos">
<arguments>
<arg>(//input[contains(@type,'text')])[8]</arg>
<arg>HTRG-345</arg>
</arguments>
<kw name="Input Text" library="SeleniumLibrary">
<doc>Types the given ``text`` into the text field identified by ``locator``.</doc>
<arguments>
<arg>xpath=${arg1}</arg>
<arg>${arg2}</arg>
</arguments>
<msg timestamp="20200720 13:25:03.667" level="INFO">Typing text 'HTRG-345' into text field 'xpath=(//input[contains(@type,'text')])[8]'.</msg>
<status status="PASS" starttime="20200720 13:25:03.666" endtime="20200720 13:25:04.215"></status>
</kw>
<status status="PASS" starttime="20200720 13:25:03.666" endtime="20200720 13:25:04.215"></status>
</kw>
<kw name="Dormir" library="recursos">
<arguments>
<arg>1</arg>
</arguments>
<kw name="Sleep" library="BuiltIn">
<doc>Pauses the test executed for the given time.</doc>
<arguments>
<arg>${arg1}</arg>
</arguments>
<msg timestamp="20200720 13:25:05.219" level="INFO">Slept 1 second</msg>
<status status="PASS" starttime="20200720 13:25:04.218" endtime="20200720 13:25:05.219"></status>
</kw>
<status status="PASS" starttime="20200720 13:25:04.216" endtime="20200720 13:25:05.220"></status>
</kw>
<kw name="Scroll" library="recursos">
<arguments>
<arg>0</arg>
<arg>1700</arg>
</arguments>
<kw name="Execute Javascript" library="SeleniumLibrary">
<doc>Executes the given JavaScript code with possible arguments.</doc>
<arguments>
<arg>window.scrollTo(${arg1},${arg2})</arg>
</arguments>
<msg timestamp="20200720 13:25:05.224" level="INFO">Executing JavaScript:
window.scrollTo(0,1700)
Without any arguments.</msg>
<status status="PASS" starttime="20200720 13:25:05.222" endtime="20200720 13:25:05.348"></status>
</kw>
<status status="PASS" starttime="20200720 13:25:05.221" endtime="20200720 13:25:05.348"></status>
</kw>
<kw name="Dormir" library="recursos">
<arguments>
<arg>1</arg>
</arguments>
<kw name="Sleep" library="BuiltIn">
<doc>Pauses the test executed for the given time.</doc>
<arguments>
<arg>${arg1}</arg>
</arguments>
<msg timestamp="20200720 13:25:06.352" level="INFO">Slept 1 second</msg>
<status status="PASS" starttime="20200720 13:25:05.350" endtime="20200720 13:25:06.352"></status>
</kw>
<status status="PASS" starttime="20200720 13:25:05.349" endtime="20200720 13:25:06.353"></status>
</kw>
<kw name="Texto" library="recursos">
<arguments>
<arg>(//input[contains(@type,'text')])[11]</arg>
<arg>ok</arg>
</arguments>
<kw name="Input Text" library="SeleniumLibrary">
<doc>Types the given ``text`` into the text field identified by ``locator``.</doc>
<arguments>
<arg>xpath=${arg1}</arg>
<arg>${arg2}</arg>
</arguments>
<msg timestamp="20200720 13:25:06.355" level="INFO">Typing text 'ok' into text field 'xpath=(//input[contains(@type,'text')])[11]'.</msg>
<status status="PASS" starttime="20200720 13:25:06.354" endtime="20200720 13:25:06.813"></status>
</kw>
<status status="PASS" starttime="20200720 13:25:06.353" endtime="20200720 13:25:06.813"></status>
</kw>
<kw name="Texto" library="recursos">
<arguments>
<arg>(//input[contains(@type,'text')])[12]</arg>
<arg>X173126</arg>
</arguments>
<kw name="Input Text" library="SeleniumLibrary">
<doc>Types the given ``text`` into the text field identified by ``locator``.</doc>
<arguments>
<arg>xpath=${arg1}</arg>
<arg>${arg2}</arg>
</arguments>
<msg timestamp="20200720 13:25:06.814" level="INFO">Typing text 'X173126' into text field 'xpath=(//input[contains(@type,'text')])[12]'.</msg>
<status status="PASS" starttime="20200720 13:25:06.813" endtime="20200720 13:25:07.300"></status>
</kw>
<status status="PASS" starttime="20200720 13:25:06.813" endtime="20200720 13:25:07.300"></status>
</kw>
<kw name="Dormir" library="recursos">
<arguments>
<arg>1</arg>
</arguments>
<kw name="Sleep" library="BuiltIn">
<doc>Pauses the test executed for the given time.</doc>
<arguments>
<arg>${arg1}</arg>
</arguments>
<msg timestamp="20200720 13:25:08.302" level="INFO">Slept 1 second</msg>
<status status="PASS" starttime="20200720 13:25:07.302" endtime="20200720 13:25:08.303"></status>
</kw>
<status status="PASS" starttime="20200720 13:25:07.301" endtime="20200720 13:25:08.303"></status>
</kw>
<kw name="Scroll" library="recursos">
<arguments>
<arg>0</arg>
<arg>2000</arg>
</arguments>
<kw name="Execute Javascript" library="SeleniumLibrary">
<doc>Executes the given JavaScript code with possible arguments.</doc>
<arguments>
<arg>window.scrollTo(${arg1},${arg2})</arg>
</arguments>
<msg timestamp="20200720 13:25:08.307" level="INFO">Executing JavaScript:
window.scrollTo(0,2000)
Without any arguments.</msg>
<status status="PASS" starttime="20200720 13:25:08.305" endtime="20200720 13:25:08.426"></status>
</kw>
<status status="PASS" starttime="20200720 13:25:08.304" endtime="20200720 13:25:08.426"></status>
</kw>
<kw name="Dormir" library="recursos">
<arguments>
<arg>1</arg>
</arguments>
<kw name="Sleep" library="BuiltIn">
<doc>Pauses the test executed for the given time.</doc>
<arguments>
<arg>${arg1}</arg>
</arguments>
<msg timestamp="20200720 13:25:09.430" level="INFO">Slept 1 second</msg>
<status status="PASS" starttime="20200720 13:25:08.428" endtime="20200720 13:25:09.430"></status>
</kw>
<status status="PASS" starttime="20200720 13:25:08.427" endtime="20200720 13:25:09.431"></status>
</kw>
<kw name="Click" library="recursos">
<arguments>
<arg>(//input[contains(@type,'submit')])[1]</arg>
</arguments>
<kw name="Click Element" library="SeleniumLibrary">
<doc>Click the element identified by ``locator``.</doc>
<arguments>
<arg>xpath=${arg1}</arg>
</arguments>
<msg timestamp="20200720 13:25:09.433" level="INFO">Clicking element 'xpath=(//input[contains(@type,'submit')])[1]'.</msg>
<status status="PASS" starttime="20200720 13:25:09.433" endtime="20200720 13:25:09.949"></status>
</kw>
<status status="PASS" starttime="20200720 13:25:09.431" endtime="20200720 13:25:09.949"></status>
</kw>
<kw name="Dormir" library="recursos">
<arguments>
<arg>1</arg>
</arguments>
<kw name="Sleep" library="BuiltIn">
<doc>Pauses the test executed for the given time.</doc>
<arguments>
<arg>${arg1}</arg>
</arguments>
<msg timestamp="20200720 13:25:10.949" level="INFO">Slept 1 second</msg>
<status status="PASS" starttime="20200720 13:25:09.949" endtime="20200720 13:25:10.949"></status>
</kw>
<status status="PASS" starttime="20200720 13:25:09.949" endtime="20200720 13:25:10.950"></status>
</kw>
<kw name="Scroll" library="recursos">
<arguments>
<arg>0</arg>
<arg>250</arg>
</arguments>
<kw name="Execute Javascript" library="SeleniumLibrary">
<doc>Executes the given JavaScript code with possible arguments.</doc>
<arguments>
<arg>window.scrollTo(${arg1},${arg2})</arg>
</arguments>
<msg timestamp="20200720 13:25:10.954" level="INFO">Executing JavaScript:
window.scrollTo(0,250)
Without any arguments.</msg>
<status status="PASS" starttime="20200720 13:25:10.952" endtime="20200720 13:25:11.075"></status>
</kw>
<status status="PASS" starttime="20200720 13:25:10.950" endtime="20200720 13:25:11.075"></status>
</kw>
<kw name="Click" library="recursos">
<arguments>
<arg>(//input[contains(@type,'submit')])[2]</arg>
</arguments>
<kw name="Click Element" library="SeleniumLibrary">
<doc>Click the element identified by ``locator``.</doc>
<arguments>
<arg>xpath=${arg1}</arg>
</arguments>
<msg timestamp="20200720 13:25:11.078" level="INFO">Clicking element 'xpath=(//input[contains(@type,'submit')])[2]'.</msg>
<status status="PASS" starttime="20200720 13:25:11.077" endtime="20200720 13:25:12.341"></status>
</kw>
<status status="PASS" starttime="20200720 13:25:11.076" endtime="20200720 13:25:12.341"></status>
</kw>
<kw name="Dormir" library="recursos">
<arguments>
<arg>3</arg>
</arguments>
<kw name="Sleep" library="BuiltIn">
<doc>Pauses the test executed for the given time.</doc>
<arguments>
<arg>${arg1}</arg>
</arguments>
<msg timestamp="20200720 13:25:15.342" level="INFO">Slept 3 seconds</msg>
<status status="PASS" starttime="20200720 13:25:12.342" endtime="20200720 13:25:15.342"></status>
</kw>
<status status="PASS" starttime="20200720 13:25:12.341" endtime="20200720 13:25:15.343"></status>
</kw>
<kw name="Scroll" library="recursos">
<arguments>
<arg>0</arg>
<arg>900</arg>
</arguments>
<kw name="Execute Javascript" library="SeleniumLibrary">
<doc>Executes the given JavaScript code with possible arguments.</doc>
<arguments>
<arg>window.scrollTo(${arg1},${arg2})</arg>
</arguments>
<msg timestamp="20200720 13:25:15.346" level="INFO">Executing JavaScript:
window.scrollTo(0,900)
Without any arguments.</msg>
<status status="PASS" starttime="20200720 13:25:15.344" endtime="20200720 13:25:15.466"></status>
</kw>
<status status="PASS" starttime="20200720 13:25:15.343" endtime="20200720 13:25:15.466"></status>
</kw>
<kw name="Dormir" library="recursos">
<arguments>
<arg>1</arg>
</arguments>
<kw name="Sleep" library="BuiltIn">
<doc>Pauses the test executed for the given time.</doc>
<arguments>
<arg>${arg1}</arg>
</arguments>
<msg timestamp="20200720 13:25:16.471" level="INFO">Slept 1 second</msg>
<status status="PASS" starttime="20200720 13:25:15.469" endtime="20200720 13:25:16.471"></status>
</kw>
<status status="PASS" starttime="20200720 13:25:15.467" endtime="20200720 13:25:16.471"></status>
</kw>
<kw name="Click" library="recursos">
<arguments>
<arg>(//input[contains(@type,'submit')])[2]</arg>
</arguments>
<kw name="Click Element" library="SeleniumLibrary">
<doc>Click the element identified by ``locator``.</doc>
<arguments>
<arg>xpath=${arg1}</arg>
</arguments>
<msg timestamp="20200720 13:25:16.473" level="INFO">Clicking element 'xpath=(//input[contains(@type,'submit')])[2]'.</msg>
<status status="PASS" starttime="20200720 13:25:16.472" endtime="20200720 13:25:17.257"></status>
</kw>
<status status="PASS" starttime="20200720 13:25:16.472" endtime="20200720 13:25:17.257"></status>
</kw>
<kw name="Dormir" library="recursos">
<arguments>
<arg>1</arg>
</arguments>
<kw name="Sleep" library="BuiltIn">
<doc>Pauses the test executed for the given time.</doc>
<arguments>
<arg>${arg1}</arg>
</arguments>
<msg timestamp="20200720 13:25:18.261" level="INFO">Slept 1 second</msg>
<status status="PASS" starttime="20200720 13:25:17.259" endtime="20200720 13:25:18.261"></status>
</kw>
<status status="PASS" starttime="20200720 13:25:17.258" endtime="20200720 13:25:18.262"></status>
</kw>
<kw name="Click" library="recursos">
<arguments>
<arg>//input[contains(@id,'sinamope:btnImprimir')]</arg>
</arguments>
<kw name="Click Element" library="SeleniumLibrary">
<doc>Click the element identified by ``locator``.</doc>
<arguments>
<arg>xpath=${arg1}</arg>
</arguments>
<msg timestamp="20200720 13:25:18.263" level="INFO">Clicking element 'xpath=//input[contains(@id,'sinamope:btnImprimir')]'.</msg>
<status status="PASS" starttime="20200720 13:25:18.263" endtime="20200720 13:25:19.240"></status>
</kw>
<status status="PASS" starttime="20200720 13:25:18.262" endtime="20200720 13:25:19.240"></status>
</kw>
<kw name="Dormir" library="recursos">
<arguments>
<arg>2</arg>
</arguments>
<kw name="Sleep" library="BuiltIn">
<doc>Pauses the test executed for the given time.</doc>
<arguments>
<arg>${arg1}</arg>
</arguments>
<msg timestamp="20200720 13:25:21.243" level="INFO">Slept 2 seconds</msg>
<status status="PASS" starttime="20200720 13:25:19.240" endtime="20200720 13:25:21.243"></status>
</kw>
<status status="PASS" starttime="20200720 13:25:19.240" endtime="20200720 13:25:21.243"></status>
</kw>
<kw name="Click" library="recursos">
<arguments>
<arg>(//a[@data-advertencia='no'][contains(.,'Movilización')])[1]</arg>
</arguments>
<kw name="Click Element" library="SeleniumLibrary">
<doc>Click the element identified by ``locator``.</doc>
<arguments>
<arg>xpath=${arg1}</arg>
</arguments>
<msg timestamp="20200720 13:25:21.245" level="INFO">Clicking element 'xpath=(//a[@data-advertencia='no'][contains(.,'Movilización')])[1]'.</msg>
<status status="PASS" starttime="20200720 13:25:21.245" endtime="20200720 13:25:21.538"></status>
</kw>
<status status="PASS" starttime="20200720 13:25:21.244" endtime="20200720 13:25:21.538"></status>
</kw>
<kw name="Dormir" library="recursos">
<arguments>
<arg>1</arg>
</arguments>
<kw name="Sleep" library="BuiltIn">
<doc>Pauses the test executed for the given time.</doc>
<arguments>
<arg>${arg1}</arg>
</arguments>
<msg timestamp="20200720 13:25:22.540" level="INFO">Slept 1 second</msg>
<status status="PASS" starttime="20200720 13:25:21.539" endtime="20200720 13:25:22.540"></status>
</kw>
<status status="PASS" starttime="20200720 13:25:21.538" endtime="20200720 13:25:22.540"></status>
</kw>
<kw name="Click" library="recursos">
<arguments>
<arg>//*[@id="Movilizacion_animales"]/a</arg>
</arguments>
<kw name="Click Element" library="SeleniumLibrary">
<doc>Click the element identified by ``locator``.</doc>
<arguments>
<arg>xpath=${arg1}</arg>
</arguments>
<msg timestamp="20200720 13:25:22.541" level="INFO">Clicking element 'xpath=//*[@id="Movilizacion_animales"]/a'.</msg>
<status status="PASS" starttime="20200720 13:25:22.541" endtime="20200720 13:25:22.874"></status>
</kw>
<status status="PASS" starttime="20200720 13:25:22.540" endtime="20200720 13:25:22.874"></status>
</kw>
<kw name="Dormir" library="recursos">
<arguments>
<arg>2</arg>
</arguments>
<kw name="Sleep" library="BuiltIn">
<doc>Pauses the test executed for the given time.</doc>
<arguments>
<arg>${arg1}</arg>
</arguments>
<msg timestamp="20200720 13:25:24.877" level="INFO">Slept 2 seconds</msg>
<status status="PASS" starttime="20200720 13:25:22.876" endtime="20200720 13:25:24.877"></status>
</kw>
<status status="PASS" starttime="20200720 13:25:22.875" endtime="20200720 13:25:24.877"></status>
</kw>
<kw name="Click" library="recursos">
<arguments>
<arg>(//input[contains(@type,'submit')])[6]</arg>
</arguments>
<kw name="Click Element" library="SeleniumLibrary">
<doc>Click the element identified by ``locator``.</doc>
<arguments>
<arg>xpath=${arg1}</arg>
</arguments>
<msg timestamp="20200720 13:25:24.879" level="INFO">Clicking element 'xpath=(//input[contains(@type,'submit')])[6]'.</msg>
<status status="PASS" starttime="20200720 13:25:24.878" endtime="20200720 13:25:25.807"></status>
</kw>
<status status="PASS" starttime="20200720 13:25:24.878" endtime="20200720 13:25:25.807"></status>
</kw>
<kw name="Dormir" library="recursos">
<arguments>
<arg>2</arg>
</arguments>
<kw name="Sleep" library="BuiltIn">
<doc>Pauses the test executed for the given time.</doc>
<arguments>
<arg>${arg1}</arg>
</arguments>
<msg timestamp="20200720 13:25:27.808" level="INFO">Slept 2 seconds</msg>
<status status="PASS" starttime="20200720 13:25:25.807" endtime="20200720 13:25:27.808"></status>
</kw>
<status status="PASS" starttime="20200720 13:25:25.807" endtime="20200720 13:25:27.808"></status>
</kw>
<kw name="Run Keyword If" library="BuiltIn">
<doc>Runs the given keyword with the given arguments, if ``condition`` is true.</doc>
<arguments>
<arg>'${i}'=='${reg}'</arg>
<arg>Exit For Loop</arg>
</arguments>
<status status="PASS" starttime="20200720 13:25:27.808" endtime="20200720 13:25:27.809"></status>
</kw>
<status status="PASS" starttime="20200720 13:24:35.936" endtime="20200720 13:25:27.809"></status>
</kw>
<kw name="${i} = 2" type="foritem">
<kw name="Leer celda" library="recursos">
<arguments>
<arg>Hoja1</arg>
<arg>${i}</arg>
<arg>1</arg>
</arguments>
<assign>
<var>${usuario}</var>
</assign>
<kw name="Cell Data" library="ReadData">
<arguments>
<arg>${hoja}</arg>
<arg>${fila}</arg>
<arg>${celda}</arg>
</arguments>
<assign>
<var>${celldata}</var>
</assign>
<msg timestamp="20200720 13:25:27.809" level="INFO">${celldata} = DONOVAN GUTIERREZ</msg>
<status status="PASS" starttime="20200720 13:25:27.809" endtime="20200720 13:25:27.809"></status>
</kw>
<msg timestamp="20200720 13:25:27.809" level="INFO">${usuario} = DONOVAN GUTIERREZ</msg>
<status status="PASS" starttime="20200720 13:25:27.809" endtime="20200720 13:25:27.810"></status>
</kw>
<kw name="Leer celda" library="recursos">
<arguments>
<arg>Hoja1</arg>
<arg>${i}</arg>
<arg>3</arg>
</arguments>
<assign>
<var>${direccion}</var>
</assign>
<kw name="Cell Data" library="ReadData">
<arguments>
<arg>${hoja}</arg>
<arg>${fila}</arg>
<arg>${celda}</arg>
</arguments>
<assign>
<var>${celldata}</var>
</assign>
<msg timestamp="20200720 13:25:27.810" level="INFO">${celldata} = COLONIA MIRAMONTES</msg>
<status status="PASS" starttime="20200720 13:25:27.810" endtime="20200720 13:25:27.811"></status>
</kw>
<msg timestamp="20200720 13:25:27.811" level="INFO">${direccion} = COLONIA MIRAMONTES</msg>
<status status="PASS" starttime="20200720 13:25:27.810" endtime="20200720 13:25:27.811"></status>
</kw>
<kw name="Texto" library="recursos">
<arguments>
<arg>(//input[contains(@type,'text')])[1]</arg>
<arg>${usuario}</arg>
</arguments>
<kw name="Input Text" library="SeleniumLibrary">
<doc>Types the given ``text`` into the text field identified by ``locator``.</doc>
<arguments>
<arg>xpath=${arg1}</arg>
<arg>${arg2}</arg>
</arguments>
<msg timestamp="20200720 13:25:27.811" level="INFO">Typing text 'DONOVAN GUTIERREZ' into text field 'xpath=(//input[contains(@type,'text')])[1]'.</msg>
<status status="PASS" starttime="20200720 13:25:27.811" endtime="20200720 13:25:28.365"></status>
</kw>
<status status="PASS" starttime="20200720 13:25:27.811" endtime="20200720 13:25:28.365"></status>
</kw>
<kw name="Click" library="recursos">
<arguments>
<arg>(//input[contains(@type,'button')])[1]</arg>
</arguments>
<kw name="Click Element" library="SeleniumLibrary">
<doc>Click the element identified by ``locator``.</doc>
<arguments>
<arg>xpath=${arg1}</arg>
</arguments>
<msg timestamp="20200720 13:25:28.365" level="INFO">Clicking element 'xpath=(//input[contains(@type,'button')])[1]'.</msg>
<status status="PASS" starttime="20200720 13:25:28.365" endtime="20200720 13:25:28.641"></status>
</kw>
<status status="PASS" starttime="20200720 13:25:28.365" endtime="20200720 13:25:28.641"></status>
</kw>
<kw name="Dormir" library="recursos">
<arguments>
<arg>1</arg>
</arguments>
<kw name="Sleep" library="BuiltIn">
<doc>Pauses the test executed for the given time.</doc>
<arguments>
<arg>${arg1}</arg>
</arguments>
<msg timestamp="20200720 13:25:29.643" level="INFO">Slept 1 second</msg>
<status status="PASS" starttime="20200720 13:25:28.642" endtime="20200720 13:25:29.643"></status>
</kw>
<status status="PASS" starttime="20200720 13:25:28.641" endtime="20200720 13:25:29.643"></status>
</kw>
<kw name="SLI" library="recursos">
<arguments>
<arg>(//select[contains(@class,'form-control')])[4]</arg>
<arg>2</arg>
</arguments>
<kw name="Select From List By Index" library="SeleniumLibrary">
<doc>Selects options from selection list ``locator`` by ``indexes``.</doc>
<arguments>
<arg>${arg1}</arg>
<arg>${arg2}</arg>
</arguments>
<msg timestamp="20200720 13:25:29.644" level="INFO">Selecting options from selection list '(//select[contains(@class,'form-control')])[4]' by index 2.</msg>
<status status="PASS" starttime="20200720 13:25:29.644" endtime="20200720 13:25:30.768"></status>
</kw>
<status status="PASS" starttime="20200720 13:25:29.643" endtime="20200720 13:25:30.768"></status>
</kw>
<kw name="Dormir" library="recursos">
<arguments>
<arg>1</arg>
</arguments>
<kw name="Sleep" library="BuiltIn">
<doc>Pauses the test executed for the given time.</doc>
<arguments>
<arg>${arg1}</arg>
</arguments>
<msg timestamp="20200720 13:25:31.770" level="INFO">Slept 1 second</msg>
<status status="PASS" starttime="20200720 13:25:30.768" endtime="20200720 13:25:31.770"></status>
</kw>
<status status="PASS" starttime="20200720 13:25:30.768" endtime="20200720 13:25:31.770"></status>
</kw>
<kw name="Click" library="recursos">
<arguments>
<arg>//a[contains(@id,'sinamope:dtSucursales:0:lnkSelSucursal')]</arg>
</arguments>
<kw name="Click Element" library="SeleniumLibrary">
<doc>Click the element identified by ``locator``.</doc>
<arguments>
<arg>xpath=${arg1}</arg>
</arguments>
<msg timestamp="20200720 13:25:31.773" level="INFO">Clicking element 'xpath=//a[contains(@id,'sinamope:dtSucursales:0:lnkSelSucursal')]'.</msg>
<status status="PASS" starttime="20200720 13:25:31.772" endtime="20200720 13:25:32.359"></status>
</kw>
<status status="PASS" starttime="20200720 13:25:31.771" endtime="20200720 13:25:32.359"></status>
</kw>
<kw name="Dormir" library="recursos">
<arguments>
<arg>1</arg>
</arguments>
<kw name="Sleep" library="BuiltIn">
<doc>Pauses the test executed for the given time.</doc>
<arguments>
<arg>${arg1}</arg>
</arguments>
<msg timestamp="20200720 13:25:33.361" level="INFO">Slept 1 second</msg>
<status status="PASS" starttime="20200720 13:25:32.359" endtime="20200720 13:25:33.361"></status>
</kw>
<status status="PASS" starttime="20200720 13:25:32.359" endtime="20200720 13:25:33.361"></status>
</kw>
<kw name="Texto" library="recursos">
<arguments>
<arg>(//input[contains(@class,'form-control')])[2]</arg>
<arg>${direccion}</arg>
</arguments>
<kw name="Input Text" library="SeleniumLibrary">
<doc>Types the given ``text`` into the text field identified by ``locator``.</doc>
<arguments>
<arg>xpath=${arg1}</arg>
<arg>${arg2}</arg>
</arguments>
<msg timestamp="20200720 13:25:33.362" level="INFO">Typing text 'COLONIA MIRAMONTES' into text field 'xpath=(//input[contains(@class,'form-control')])[2]'.</msg>
<status status="PASS" starttime="20200720 13:25:33.362" endtime="20200720 13:25:33.961"></status>
</kw>
<status status="PASS" starttime="20200720 13:25:33.361" endtime="20200720 13:25:33.961"></status>
</kw>
<kw name="Dormir" library="recursos">
<arguments>
<arg>1</arg>
</arguments>
<kw name="Sleep" library="BuiltIn">
<doc>Pauses the test executed for the given time.</doc>
<arguments>
<arg>${arg1}</arg>
</arguments>
<msg timestamp="20200720 13:25:34.965" level="INFO">Slept 1 second</msg>
<status status="PASS" starttime="20200720 13:25:33.963" endtime="20200720 13:25:34.965"></status>
</kw>
<status status="PASS" starttime="20200720 13:25:33.962" endtime="20200720 13:25:34.965"></status>
</kw>
<kw name="Click" library="recursos">
<arguments>
<arg>(//input[contains(@type,'button')])[2]</arg>
</arguments>
<kw name="Click Element" library="SeleniumLibrary">
<doc>Click the element identified by ``locator``.</doc>
<arguments>
<arg>xpath=${arg1}</arg>
</arguments>
<msg timestamp="20200720 13:25:34.967" level="INFO">Clicking element 'xpath=(//input[contains(@type,'button')])[2]'.</msg>
<status status="PASS" starttime="20200720 13:25:34.966" endtime="20200720 13:25:35.286"></status>
</kw>
<status status="PASS" starttime="20200720 13:25:34.966" endtime="20200720 13:25:35.286"></status>
</kw>
<kw name="Dormir" library="recursos">
<arguments>
<arg>1</arg>
</arguments>
<kw name="Sleep" library="BuiltIn">
<doc>Pauses the test executed for the given time.</doc>
<arguments>
<arg>${arg1}</arg>
</arguments>
<msg timestamp="20200720 13:25:36.288" level="INFO">Slept 1 second</msg>
<status status="PASS" starttime="20200720 13:25:35.287" endtime="20200720 13:25:36.288"></status>
</kw>
<status status="PASS" starttime="20200720 13:25:35.286" endtime="20200720 13:25:36.288"></status>
</kw>
<kw name="SLI" library="recursos">
<arguments>
<arg>(//select[contains(@class,'form-control')])[4]</arg>
<arg>2</arg>
</arguments>
<kw name="Select From List By Index" library="SeleniumLibrary">
<doc>Selects options from selection list ``locator`` by ``indexes``.</doc>
<arguments>
<arg>${arg1}</arg>
<arg>${arg2}</arg>
</arguments>
<msg timestamp="20200720 13:25:36.289" level="INFO">Selecting options from selection list '(//select[contains(@class,'form-control')])[4]' by index 2.</msg>
<status status="PASS" starttime="20200720 13:25:36.289" endtime="20200720 13:25:37.466"></status>
</kw>
<status status="PASS" starttime="20200720 13:25:36.288" endtime="20200720 13:25:37.466"></status>
</kw>
<kw name="Dormir" library="recursos">
<arguments>
<arg>1</arg>
</arguments>
<kw name="Sleep" library="BuiltIn">
<doc>Pauses the test executed for the given time.</doc>
<arguments>
<arg>${arg1}</arg>
</arguments>
<msg timestamp="20200720 13:25:38.470" level="INFO">Slept 1 second</msg>
<status status="PASS" starttime="20200720 13:25:37.467" endtime="20200720 13:25:38.470"></status>
</kw>
<status status="PASS" starttime="20200720 13:25:37.466" endtime="20200720 13:25:38.470"></status>
</kw>
<kw name="Click" library="recursos">
<arguments>
<arg>//a[@title='Seleccionar sucursal']</arg>
</arguments>
<kw name="Click Element" library="SeleniumLibrary">
<doc>Click the element identified by ``locator``.</doc>
<arguments>
<arg>xpath=${arg1}</arg>
</arguments>
<msg timestamp="20200720 13:25:38.471" level="INFO">Clicking element 'xpath=//a[@title='Seleccionar sucursal']'.</msg>
<status status="PASS" starttime="20200720 13:25:38.471" endtime="20200720 13:25:39.012"></status>
</kw>
<status status="PASS" starttime="20200720 13:25:38.470" endtime="20200720 13:25:39.012"></status>
</kw>
<kw name="Scroll" library="recursos">
<arguments>
<arg>0</arg>
<arg>600</arg>
</arguments>
<kw name="Execute Javascript" library="SeleniumLibrary">
<doc>Executes the given JavaScript code with possible arguments.</doc>
<arguments>
<arg>window.scrollTo(${arg1},${arg2})</arg>
</arguments>
<msg timestamp="20200720 13:25:39.013" level="INFO">Executing JavaScript:
window.scrollTo(0,600)
Without any arguments.</msg>
<status status="PASS" starttime="20200720 13:25:39.012" endtime="20200720 13:25:39.118"></status>
</kw>
<status status="PASS" starttime="20200720 13:25:39.012" endtime="20200720 13:25:39.118"></status>
</kw>
<kw name="Dormir" library="recursos">
<arguments>
<arg>2</arg>
</arguments>
<kw name="Sleep" library="BuiltIn">
<doc>Pauses the test executed for the given time.</doc>
<arguments>
<arg>${arg1}</arg>
</arguments>
<msg timestamp="20200720 13:25:41.121" level="INFO">Slept 2 seconds</msg>
<status status="PASS" starttime="20200720 13:25:39.120" endtime="20200720 13:25:41.121"></status>
</kw>
<status status="PASS" starttime="20200720 13:25:39.119" endtime="20200720 13:25:41.121"></status>
</kw>
<kw name="Click" library="recursos">
<arguments>
<arg>//*[@id="sinamope:j_idt165:4:especie"]</arg>
</arguments>
<kw name="Click Element" library="SeleniumLibrary">
<doc>Click the element identified by ``locator``.</doc>
<arguments>
<arg>xpath=${arg1}</arg>
</arguments>
<msg timestamp="20200720 13:25:41.122" level="INFO">Clicking element 'xpath=//*[@id="sinamope:j_idt165:4:especie"]'.</msg>
<status status="PASS" starttime="20200720 13:25:41.122" endtime="20200720 13:25:41.417"></status>
</kw>
<status status="PASS" starttime="20200720 13:25:41.121" endtime="20200720 13:25:41.417"></status>
</kw>
<kw name="Dormir" library="recursos">
<arguments>
<arg>2</arg>
</arguments>
<kw name="Sleep" library="BuiltIn">
<doc>Pauses the test executed for the given time.</doc>
<arguments>
<arg>${arg1}</arg>
</arguments>
<msg timestamp="20200720 13:25:43.419" level="INFO">Slept 2 seconds</msg>
<status status="PASS" starttime="20200720 13:25:41.418" endtime="20200720 13:25:43.419"></status>
</kw>
<status status="PASS" starttime="20200720 13:25:41.417" endtime="20200720 13:25:43.420"></status>
</kw>
<kw name="Scroll" library="recursos">
<arguments>
<arg>0</arg>
<arg>800</arg>
</arguments>
<kw name="Execute Javascript" library="SeleniumLibrary">
<doc>Executes the given JavaScript code with possible arguments.</doc>
<arguments>
<arg>window.scrollTo(${arg1},${arg2})</arg>
</arguments>
<msg timestamp="20200720 13:25:43.425" level="INFO">Executing JavaScript:
window.scrollTo(0,800)
Without any arguments.</msg>
<status status="PASS" starttime="20200720 13:25:43.422" endtime="20200720 13:25:43.547"></status>
</kw>
<status status="PASS" starttime="20200720 13:25:43.421" endtime="20200720 13:25:43.547"></status>
</kw>
<kw name="Texto" library="recursos">
<arguments>
<arg>(//input[contains(@type,'text')])[4]</arg>
<arg>10</arg>
</arguments>
<kw name="Input Text" library="SeleniumLibrary">
<doc>Types the given ``text`` into the text field identified by ``locator``.</doc>
<arguments>
<arg>xpath=${arg1}</arg>
<arg>${arg2}</arg>
</arguments>
<msg timestamp="20200720 13:25:43.550" level="INFO">Typing text '10' into text field 'xpath=(//input[contains(@type,'text')])[4]'.</msg>
<status status="PASS" starttime="20200720 13:25:43.549" endtime="20200720 13:25:44.054"></status>
</kw>
<status status="PASS" starttime="20200720 13:25:43.548" endtime="20200720 13:25:44.054"></status>
</kw>
<kw name="SLI" library="recursos">
<arguments>
<arg>(//select[contains(@class,'form-control')])[1]</arg>
<arg>3</arg>
</arguments>
<kw name="Select From List By Index" library="SeleniumLibrary">
<doc>Selects options from selection list ``locator`` by ``indexes``.</doc>
<arguments>
<arg>${arg1}</arg>
<arg>${arg2}</arg>
</arguments>
<msg timestamp="20200720 13:25:44.055" level="INFO">Selecting options from selection list '(//select[contains(@class,'form-control')])[1]' by index 3.</msg>
<status status="PASS" starttime="20200720 13:25:44.054" endtime="20200720 13:25:45.386"></status>
</kw>
<status status="PASS" starttime="20200720 13:25:44.054" endtime="20200720 13:25:45.386"></status>
</kw>
<kw name="Dormir" library="recursos">
<arguments>
<arg>1</arg>
</arguments>
<kw name="Sleep" library="BuiltIn">
<doc>Pauses the test executed for the given time.</doc>
<arguments>
<arg>${arg1}</arg>
</arguments>
<msg timestamp="20200720 13:25:46.389" level="INFO">Slept 1 second</msg>
<status status="PASS" starttime="20200720 13:25:45.387" endtime="20200720 13:25:46.389"></status>
</kw>
<status status="PASS" starttime="20200720 13:25:45.387" endtime="20200720 13:25:46.390"></status>
</kw>
<kw name="SLI" library="recursos">
<arguments>
<arg>(//select[contains(@class,'form-control')])[2]</arg>
<arg>3</arg>
</arguments>
<kw name="Select From List By Index" library="SeleniumLibrary">
<doc>Selects options from selection list ``locator`` by ``indexes``.</doc>
<arguments>
<arg>${arg1}</arg>
<arg>${arg2}</arg>
</arguments>
<msg timestamp="20200720 13:25:46.392" level="INFO">Selecting options from selection list '(//select[contains(@class,'form-control')])[2]' by index 3.</msg>
<status status="PASS" starttime="20200720 13:25:46.391" endtime="20200720 13:25:47.784"></status>
</kw>
<status status="PASS" starttime="20200720 13:25:46.390" endtime="20200720 13:25:47.784"></status>
</kw>
<kw name="SLI" library="recursos">
<arguments>
<arg>(//select[contains(@class,'form-control')])[3]</arg>
<arg>1</arg>
</arguments>
<kw name="Select From List By Index" library="SeleniumLibrary">
<doc>Selects options from selection list ``locator`` by ``indexes``.</doc>
<arguments>
<arg>${arg1}</arg>
<arg>${arg2}</arg>
</arguments>
<msg timestamp="20200720 13:25:47.784" level="INFO">Selecting options from selection list '(//select[contains(@class,'form-control')])[3]' by index 1.</msg>
<status status="PASS" starttime="20200720 13:25:47.784" endtime="20200720 13:25:48.901"></status>
</kw>
<status status="PASS" starttime="20200720 13:25:47.784" endtime="20200720 13:25:48.901"></status>
</kw>
<kw name="Scroll" library="recursos">
<arguments>
<arg>0</arg>
<arg>1300</arg>
</arguments>
<kw name="Execute Javascript" library="SeleniumLibrary">
<doc>Executes the given JavaScript code with possible arguments.</doc>
<arguments>
<arg>window.scrollTo(${arg1},${arg2})</arg>
</arguments>
<msg timestamp="20200720 13:25:48.902" level="INFO">Executing JavaScript:
window.scrollTo(0,1300)
Without any arguments.</msg>
<status status="PASS" starttime="20200720 13:25:48.901" endtime="20200720 13:25:49.012"></status>
</kw>
<status status="PASS" starttime="20200720 13:25:48.901" endtime="20200720 13:25:49.012"></status>
</kw>
<kw name="Dormir" library="recursos">
<arguments>
<arg>1</arg>
</arguments>
<kw name="Sleep" library="BuiltIn">
<doc>Pauses the test executed for the given time.</doc>
<arguments>
<arg>${arg1}</arg>
</arguments>
<msg timestamp="20200720 13:25:50.014" level="INFO">Slept 1 second</msg>
<status status="PASS" starttime="20200720 13:25:49.012" endtime="20200720 13:25:50.014"></status>
</kw>
<status status="PASS" starttime="20200720 13:25:49.012" endtime="20200720 13:25:50.015"></status>
</kw>
<kw name="Click" library="recursos">
<arguments>
<arg>(//input[contains(@value,'1')])[2]</arg>
</arguments>
<kw name="Click Element" library="SeleniumLibrary">
<doc>Click the element identified by ``locator``.</doc>
<arguments>
<arg>xpath=${arg1}</arg>
</arguments>
<msg timestamp="20200720 13:25:50.017" level="INFO">Clicking element 'xpath=(//input[contains(@value,'1')])[2]'.</msg>
<status status="PASS" starttime="20200720 13:25:50.016" endtime="20200720 13:25:50.331"></status>
</kw>
<status status="PASS" starttime="20200720 13:25:50.015" endtime="20200720 13:25:50.331"></status>
</kw>
<kw name="Dormir" library="recursos">
<arguments>
<arg>1</arg>
</arguments>
<kw name="Sleep" library="BuiltIn">
<doc>Pauses the test executed for the given time.</doc>
<arguments>
<arg>${arg1}</arg>
</arguments>
<msg timestamp="20200720 13:25:51.334" level="INFO">Slept 1 second</msg>
<status status="PASS" starttime="20200720 13:25:50.332" endtime="20200720 13:25:51.334"></status>
</kw>
<status status="PASS" starttime="20200720 13:25:50.331" endtime="20200720 13:25:51.335"></status>
</kw>
<kw name="SLI" library="recursos">
<arguments>
<arg>(//select[contains(@class,'form-control')])[4]</arg>
<arg>5</arg>
</arguments>
<kw name="Select From List By Index" library="SeleniumLibrary">
<doc>Selects options from selection list ``locator`` by ``indexes``.</doc>
<arguments>
<arg>${arg1}</arg>
<arg>${arg2}</arg>
</arguments>
<msg timestamp="20200720 13:25:51.338" level="INFO">Selecting options from selection list '(//select[contains(@class,'form-control')])[4]' by index 5.</msg>
<status status="PASS" starttime="20200720 13:25:51.337" endtime="20200720 13:25:52.978"></status>
</kw>
<status status="PASS" starttime="20200720 13:25:51.335" endtime="20200720 13:25:52.978"></status>
</kw>
<kw name="Click" library="recursos">
<arguments>
<arg>(//input[contains(@value,'4')])[2]</arg>
</arguments>
<kw name="Click Element" library="SeleniumLibrary">
<doc>Click the element identified by ``locator``.</doc>
<arguments>
<arg>xpath=${arg1}</arg>
</arguments>
<msg timestamp="20200720 13:25:52.981" level="INFO">Clicking element 'xpath=(//input[contains(@value,'4')])[2]'.</msg>
<status status="PASS" starttime="20200720 13:25:52.980" endtime="20200720 13:25:53.544"></status>
</kw>
<status status="PASS" starttime="20200720 13:25:52.979" endtime="20200720 13:25:53.544"></status>
</kw>
<kw name="Dormir" library="recursos">
<arguments>
<arg>1</arg>
</arguments>
<kw name="Sleep" library="BuiltIn">
<doc>Pauses the test executed for the given time.</doc>
<arguments>
<arg>${arg1}</arg>
</arguments>
<msg timestamp="20200720 13:25:54.546" level="INFO">Slept 1 second</msg>
<status status="PASS" starttime="20200720 13:25:53.544" endtime="20200720 13:25:54.546"></status>
</kw>
<status status="PASS" starttime="20200720 13:25:53.544" endtime="20200720 13:25:54.547"></status>
</kw>
<kw name="Texto" library="recursos">
<arguments>
<arg>(//input[contains(@type,'text')])[7]</arg>
<arg>NISSAN</arg>
</arguments>
<kw name="Input Text" library="SeleniumLibrary">
<doc>Types the given ``text`` into the text field identified by ``locator``.</doc>
<arguments>
<arg>xpath=${arg1}</arg>
<arg>${arg2}</arg>
</arguments>
<msg timestamp="20200720 13:25:54.550" level="INFO">Typing text 'NISSAN' into text field 'xpath=(//input[contains(@type,'text')])[7]'.</msg>
<status status="PASS" starttime="20200720 13:25:54.549" endtime="20200720 13:25:55.126"></status>
</kw>
<status status="PASS" starttime="20200720 13:25:54.548" endtime="20200720 13:25:55.127"></status>
</kw>
<kw name="Texto" library="recursos">
<arguments>
<arg>(//input[contains(@type,'text')])[8]</arg>
<arg>HTRG-345</arg>
</arguments>
<kw name="Input Text" library="SeleniumLibrary">
<doc>Types the given ``text`` into the text field identified by ``locator``.</doc>
<arguments>
<arg>xpath=${arg1}</arg>
<arg>${arg2}</arg>
</arguments>
<msg timestamp="20200720 13:25:55.129" level="INFO">Typing text 'HTRG-345' into text field 'xpath=(//input[contains(@type,'text')])[8]'.</msg>
<status status="PASS" starttime="20200720 13:25:55.128" endtime="20200720 13:25:55.700"></status>
</kw>
<status status="PASS" starttime="20200720 13:25:55.127" endtime="20200720 13:25:55.700"></status>
</kw>
<kw name="Dormir" library="recursos">
<arguments>
<arg>1</arg>
</arguments>
<kw name="Sleep" library="BuiltIn">
<doc>Pauses the test executed for the given time.</doc>
<arguments>
<arg>${arg1}</arg>
</arguments>
<msg timestamp="20200720 13:25:56.702" level="INFO">Slept 1 second</msg>
<status status="PASS" starttime="20200720 13:25:55.701" endtime="20200720 13:25:56.703"></status>
</kw>
<status status="PASS" starttime="20200720 13:25:55.700" endtime="20200720 13:25:56.704"></status>
</kw>
<kw name="Scroll" library="recursos">
<arguments>
<arg>0</arg>
<arg>1700</arg>
</arguments>
<kw name="Execute Javascript" library="SeleniumLibrary">
<doc>Executes the given JavaScript code with possible arguments.</doc>
<arguments>
<arg>window.scrollTo(${arg1},${arg2})</arg>
</arguments>
<msg timestamp="20200720 13:25:56.710" level="INFO">Executing JavaScript:
window.scrollTo(0,1700)
Without any arguments.</msg>
<status status="PASS" starttime="20200720 13:25:56.708" endtime="20200720 13:25:56.828"></status>
</kw>
<status status="PASS" starttime="20200720 13:25:56.705" endtime="20200720 13:25:56.828"></status>
</kw>
<kw name="Dormir" library="recursos">
<arguments>
<arg>1</arg>
</arguments>
<kw name="Sleep" library="BuiltIn">
<doc>Pauses the test executed for the given time.</doc>
<arguments>
<arg>${arg1}</arg>
</arguments>
<msg timestamp="20200720 13:25:57.832" level="INFO">Slept 1 second</msg>
<status status="PASS" starttime="20200720 13:25:56.829" endtime="20200720 13:25:57.832"></status>
</kw>
<status status="PASS" starttime="20200720 13:25:56.829" endtime="20200720 13:25:57.833"></status>
</kw>
<kw name="Texto" library="recursos">
<arguments>
<arg>(//input[contains(@type,'text')])[11]</arg>
<arg>ok</arg>
</arguments>
<kw name="Input Text" library="SeleniumLibrary">
<doc>Types the given ``text`` into the text field identified by ``locator``.</doc>
<arguments>
<arg>xpath=${arg1}</arg>
<arg>${arg2}</arg>
</arguments>
<msg timestamp="20200720 13:25:57.835" level="INFO">Typing text 'ok' into text field 'xpath=(//input[contains(@type,'text')])[11]'.</msg>
<status status="PASS" starttime="20200720 13:25:57.834" endtime="20200720 13:25:58.294"></status>
</kw>
<status status="PASS" starttime="20200720 13:25:57.833" endtime="20200720 13:25:58.294"></status>
</kw>
<kw name="Texto" library="recursos">
<arguments>
<arg>(//input[contains(@type,'text')])[12]</arg>
<arg>X173126</arg>
</arguments>
<kw name="Input Text" library="SeleniumLibrary">
<doc>Types the given ``text`` into the text field identified by ``locator``.</doc>
<arguments>
<arg>xpath=${arg1}</arg>
<arg>${arg2}</arg>
</arguments>
<msg timestamp="20200720 13:25:58.295" level="INFO">Typing text 'X173126' into text field 'xpath=(//input[contains(@type,'text')])[12]'.</msg>
<status status="PASS" starttime="20200720 13:25:58.294" endtime="20200720 13:25:58.747"></status>
</kw>
<status status="PASS" starttime="20200720 13:25:58.294" endtime="20200720 13:25:58.747"></status>
</kw>
<kw name="Dormir" library="recursos">
<arguments>
<arg>1</arg>
</arguments>
<kw name="Sleep" library="BuiltIn">
<doc>Pauses the test executed for the given time.</doc>
<arguments>
<arg>${arg1}</arg>
</arguments>
<msg timestamp="20200720 13:25:59.751" level="INFO">Slept 1 second</msg>
<status status="PASS" starttime="20200720 13:25:58.749" endtime="20200720 13:25:59.751"></status>
</kw>
<status status="PASS" starttime="20200720 13:25:58.748" endtime="20200720 13:25:59.751"></status>
</kw>
<kw name="Scroll" library="recursos">
<arguments>
<arg>0</arg>
<arg>2000</arg>
</arguments>
<kw name="Execute Javascript" library="SeleniumLibrary">
<doc>Executes the given JavaScript code with possible arguments.</doc>
<arguments>
<arg>window.scrollTo(${arg1},${arg2})</arg>
</arguments>
<msg timestamp="20200720 13:25:59.752" level="INFO">Executing JavaScript:
window.scrollTo(0,2000)
Without any arguments.</msg>
<status status="PASS" starttime="20200720 13:25:59.751" endtime="20200720 13:25:59.860"></status>
</kw>
<status status="PASS" starttime="20200720 13:25:59.751" endtime="20200720 13:25:59.860"></status>
</kw>
<kw name="Dormir" library="recursos">
<arguments>
<arg>1</arg>
</arguments>
<kw name="Sleep" library="BuiltIn">
<doc>Pauses the test executed for the given time.</doc>
<arguments>
<arg>${arg1}</arg>
</arguments>
<msg timestamp="20200720 13:26:00.860" level="INFO">Slept 1 second</msg>
<status status="PASS" starttime="20200720 13:25:59.860" endtime="20200720 13:26:00.860"></status>
</kw>
<status status="PASS" starttime="20200720 13:25:59.860" endtime="20200720 13:26:00.861"></status>
</kw>
<kw name="Click" library="recursos">
<arguments>
<arg>(//input[contains(@type,'submit')])[1]</arg>
</arguments>
<kw name="Click Element" library="SeleniumLibrary">
<doc>Click the element identified by ``locator``.</doc>
<arguments>
<arg>xpath=${arg1}</arg>
</arguments>
<msg timestamp="20200720 13:26:00.863" level="INFO">Clicking element 'xpath=(//input[contains(@type,'submit')])[1]'.</msg>
<status status="PASS" starttime="20200720 13:26:00.862" endtime="20200720 13:26:01.404"></status>
</kw>
<status status="PASS" starttime="20200720 13:26:00.861" endtime="20200720 13:26:01.404"></status>
</kw>
<kw name="Dormir" library="recursos">
<arguments>
<arg>1</arg>
</arguments>
<kw name="Sleep" library="BuiltIn">
<doc>Pauses the test executed for the given time.</doc>
<arguments>
<arg>${arg1}</arg>
</arguments>
<msg timestamp="20200720 13:26:02.405" level="INFO">Slept 1 second</msg>
<status status="PASS" starttime="20200720 13:26:01.404" endtime="20200720 13:26:02.405"></status>
</kw>
<status status="PASS" starttime="20200720 13:26:01.404" endtime="20200720 13:26:02.405"></status>
</kw>
<kw name="Scroll" library="recursos">
<arguments>
<arg>0</arg>
<arg>250</arg>
</arguments>
<kw name="Execute Javascript" library="SeleniumLibrary">
<doc>Executes the given JavaScript code with possible arguments.</doc>
<arguments>
<arg>window.scrollTo(${arg1},${arg2})</arg>
</arguments>
<msg timestamp="20200720 13:26:02.408" level="INFO">Executing JavaScript:
window.scrollTo(0,250)
Without any arguments.</msg>
<status status="PASS" starttime="20200720 13:26:02.407" endtime="20200720 13:26:02.521"></status>
</kw>
<status status="PASS" starttime="20200720 13:26:02.406" endtime="20200720 13:26:02.521"></status>
</kw>
<kw name="Click" library="recursos">
<arguments>
<arg>(//input[contains(@type,'submit')])[2]</arg>
</arguments>
<kw name="Click Element" library="SeleniumLibrary">
<doc>Click the element identified by ``locator``.</doc>
<arguments>
<arg>xpath=${arg1}</arg>
</arguments>
<msg timestamp="20200720 13:26:02.524" level="INFO">Clicking element 'xpath=(//input[contains(@type,'submit')])[2]'.</msg>
<status status="PASS" starttime="20200720 13:26:02.523" endtime="20200720 13:26:04.579"></status>
</kw>
<status status="PASS" starttime="20200720 13:26:02.522" endtime="20200720 13:26:04.579"></status>
</kw>
<kw name="Dormir" library="recursos">
<arguments>
<arg>3</arg>
</arguments>
<kw name="Sleep" library="BuiltIn">
<doc>Pauses the test executed for the given time.</doc>
<arguments>
<arg>${arg1}</arg>
</arguments>
<msg timestamp="20200720 13:26:07.581" level="INFO">Slept 3 seconds</msg>
<status status="PASS" starttime="20200720 13:26:04.580" endtime="20200720 13:26:07.581"></status>
</kw>
<status status="PASS" starttime="20200720 13:26:04.579" endtime="20200720 13:26:07.581"></status>
</kw>
<kw name="Scroll" library="recursos">
<arguments>
<arg>0</arg>
<arg>900</arg>
</arguments>
<kw name="Execute Javascript" library="SeleniumLibrary">
<doc>Executes the given JavaScript code with possible arguments.</doc>
<arguments>
<arg>window.scrollTo(${arg1},${arg2})</arg>
</arguments>
<msg timestamp="20200720 13:26:07.582" level="INFO">Executing JavaScript:
window.scrollTo(0,900)
Without any arguments.</msg>
<status status="PASS" starttime="20200720 13:26:07.582" endtime="20200720 13:26:07.691"></status>
</kw>
<status status="PASS" starttime="20200720 13:26:07.581" endtime="20200720 13:26:07.691"></status>
</kw>
<kw name="Dormir" library="recursos">
<arguments>
<arg>1</arg>
</arguments>
<kw name="Sleep" library="BuiltIn">
<doc>Pauses the test executed for the given time.</doc>
<arguments>
<arg>${arg1}</arg>
</arguments>
<msg timestamp="20200720 13:26:08.693" level="INFO">Slept 1 second</msg>
<status status="PASS" starttime="20200720 13:26:07.692" endtime="20200720 13:26:08.693"></status>
</kw>
<status status="PASS" starttime="20200720 13:26:07.691" endtime="20200720 13:26:08.694"></status>
</kw>
<kw name="Click" library="recursos">
<arguments>
<arg>(//input[contains(@type,'submit')])[2]</arg>
</arguments>
<kw name="Click Element" library="SeleniumLibrary">
<doc>Click the element identified by ``locator``.</doc>
<arguments>
<arg>xpath=${arg1}</arg>
</arguments>
<msg timestamp="20200720 13:26:08.696" level="INFO">Clicking element 'xpath=(//input[contains(@type,'submit')])[2]'.</msg>
<status status="PASS" starttime="20200720 13:26:08.696" endtime="20200720 13:26:09.416"></status>
</kw>
<status status="PASS" starttime="20200720 13:26:08.694" endtime="20200720 13:26:09.416"></status>
</kw>
<kw name="Dormir" library="recursos">
<arguments>
<arg>1</arg>
</arguments>
<kw name="Sleep" library="BuiltIn">
<doc>Pauses the test executed for the given time.</doc>
<arguments>
<arg>${arg1}</arg>
</arguments>
<msg timestamp="20200720 13:26:10.417" level="INFO">Slept 1 second</msg>
<status status="PASS" starttime="20200720 13:26:09.417" endtime="20200720 13:26:10.417"></status>
</kw>
<status status="PASS" starttime="20200720 13:26:09.416" endtime="20200720 13:26:10.417"></status>
</kw>
<kw name="Click" library="recursos">
<arguments>
<arg>//input[contains(@id,'sinamope:btnImprimir')]</arg>
</arguments>
<kw name="Click Element" library="SeleniumLibrary">
<doc>Click the element identified by ``locator``.</doc>
<arguments>
<arg>xpath=${arg1}</arg>
</arguments>
<msg timestamp="20200720 13:26:10.419" level="INFO">Clicking element 'xpath=//input[contains(@id,'sinamope:btnImprimir')]'.</msg>
<status status="PASS" starttime="20200720 13:26:10.418" endtime="20200720 13:26:12.550"></status>
</kw>
<status status="PASS" starttime="20200720 13:26:10.418" endtime="20200720 13:26:12.550"></status>
</kw>
<kw name="Dormir" library="recursos">
<arguments>
<arg>2</arg>
</arguments>
<kw name="Sleep" library="BuiltIn">
<doc>Pauses the test executed for the given time.</doc>
<arguments>
<arg>${arg1}</arg>
</arguments>
<msg timestamp="20200720 13:26:14.552" level="INFO">Slept 2 seconds</msg>
<status status="PASS" starttime="20200720 13:26:12.551" endtime="20200720 13:26:14.552"></status>
</kw>
<status status="PASS" starttime="20200720 13:26:12.550" endtime="20200720 13:26:14.552"></status>
</kw>
<kw name="Click" library="recursos">
<arguments>
<arg>(//a[@data-advertencia='no'][contains(.,'Movilización')])[1]</arg>
</arguments>
<kw name="Click Element" library="SeleniumLibrary">
<doc>Click the element identified by ``locator``.</doc>
<arguments>
<arg>xpath=${arg1}</arg>
</arguments>
<msg timestamp="20200720 13:26:14.553" level="INFO">Clicking element 'xpath=(//a[@data-advertencia='no'][contains(.,'Movilización')])[1]'.</msg>
<status status="PASS" starttime="20200720 13:26:14.552" endtime="20200720 13:26:14.807"></status>
</kw>
<status status="PASS" starttime="20200720 13:26:14.552" endtime="20200720 13:26:14.807"></status>
</kw>
<kw name="Dormir" library="recursos">
<arguments>
<arg>1</arg>
</arguments>
<kw name="Sleep" library="BuiltIn">
<doc>Pauses the test executed for the given time.</doc>
<arguments>
<arg>${arg1}</arg>
</arguments>
<msg timestamp="20200720 13:26:15.808" level="INFO">Slept 1 second</msg>
<status status="PASS" starttime="20200720 13:26:14.807" endtime="20200720 13:26:15.808"></status>
</kw>
<status status="PASS" starttime="20200720 13:26:14.807" endtime="20200720 13:26:15.808"></status>
</kw>
<kw name="Click" library="recursos">
<arguments>
<arg>//*[@id="Movilizacion_animales"]/a</arg>
</arguments>
<kw name="Click Element" library="SeleniumLibrary">
<doc>Click the element identified by ``locator``.</doc>
<arguments>
<arg>xpath=${arg1}</arg>
</arguments>
<msg timestamp="20200720 13:26:15.810" level="INFO">Clicking element 'xpath=//*[@id="Movilizacion_animales"]/a'.</msg>
<status status="PASS" starttime="20200720 13:26:15.809" endtime="20200720 13:26:16.111"></status>
</kw>
<status status="PASS" starttime="20200720 13:26:15.809" endtime="20200720 13:26:16.111"></status>
</kw>
<kw name="Dormir" library="recursos">
<arguments>
<arg>2</arg>
</arguments>
<kw name="Sleep" library="BuiltIn">
<doc>Pauses the test executed for the given time.</doc>
<arguments>
<arg>${arg1}</arg>
</arguments>
<msg timestamp="20200720 13:26:18.113" level="INFO">Slept 2 seconds</msg>
<status status="PASS" starttime="20200720 13:26:16.111" endtime="20200720 13:26:18.113"></status>
</kw>
<status status="PASS" starttime="20200720 13:26:16.111" endtime="20200720 13:26:18.114"></status>
</kw>
<kw name="Click" library="recursos">
<arguments>
<arg>(//input[contains(@type,'submit')])[6]</arg>
</arguments>
<kw name="Click Element" library="SeleniumLibrary">
<doc>Click the element identified by ``locator``.</doc>
<arguments>
<arg>xpath=${arg1}</arg>
</arguments>
<msg timestamp="20200720 13:26:18.118" level="INFO">Clicking element 'xpath=(//input[contains(@type,'submit')])[6]'.</msg>
<status status="PASS" starttime="20200720 13:26:18.117" endtime="20200720 13:26:19.307"></status>
</kw>
[...]
<status status="PASS" starttime="20200720 13:27:37.829" endtime="20200720 13:27:38.153"></status>
</kw>
<status status="PASS" starttime="20200720 13:27:37.828" endtime="20200720 13:27:38.153"></status>
</kw>
<kw name="Dormir" library="recursos">
<arguments>
<arg>1</arg>
</arguments>
<kw name="Sleep" library="BuiltIn">
<doc>Pauses the test executed for the given time.</doc>
<arguments>
<arg>${arg1}</arg>
</arguments>
<msg timestamp="20200720 13:27:39.156" level="INFO">Slept 1 second</msg>
<status status="PASS" starttime="20200720 13:27:38.154" endtime="20200720 13:27:39.156"></status>
</kw>
<status status="PASS" starttime="20200720 13:27:38.154" endtime="20200720 13:27:39.157"></status>
</kw>
<kw name="SLI" library="recursos">
<arguments>
<arg>(//select[contains(@class,'form-control')])[4]</arg>
<arg>5</arg>
</arguments>
<kw name="Select From List By Index" library="SeleniumLibrary">
<doc>Selects options from selection list ``locator`` by ``indexes``.</doc>
<arguments>
<arg>${arg1}</arg>
<arg>${arg2}</arg>
</arguments>
<msg timestamp="20200720 13:27:39.159" level="INFO">Selecting options from selection list '(//select[contains(@class,'form-control')])[4]' by index 5.</msg>
<status status="PASS" starttime="20200720 13:27:39.158" endtime="20200720 13:27:40.787"></status>
</kw>
<status status="PASS" starttime="20200720 13:27:39.157" endtime="20200720 13:27:40.787"></status>
</kw>
<kw name="Click" library="recursos">
<arguments>
<arg>(//input[contains(@value,'4')])[2]</arg>
</arguments>
<kw name="Click Element" library="SeleniumLibrary">
<doc>Click the element identified by ``locator``.</doc>
<arguments>
<arg>xpath=${arg1}</arg>
</arguments>
<msg timestamp="20200720 13:27:40.788" level="INFO">Clicking element 'xpath=(//input[contains(@value,'4')])[2]'.</msg>
<status status="PASS" starttime="20200720 13:27:40.788" endtime="20200720 13:27:41.407"></status>
</kw>
<status status="PASS" starttime="20200720 13:27:40.787" endtime="20200720 13:27:41.407"></status>
</kw>
<kw name="Dormir" library="recursos">
<arguments>
<arg>1</arg>
</arguments>
<kw name="Sleep" library="BuiltIn">
<doc>Pauses the test executed for the given time.</doc>
<arguments>
<arg>${arg1}</arg>
</arguments>
<msg timestamp="20200720 13:27:42.409" level="INFO">Slept 1 second</msg>
<status status="PASS" starttime="20200720 13:27:41.408" endtime="20200720 13:27:42.409"></status>
</kw>
<status status="PASS" starttime="20200720 13:27:41.407" endtime="20200720 13:27:42.409"></status>
</kw>
<kw name="Texto" library="recursos">
<arguments>
<arg>(//input[contains(@type,'text')])[7]</arg>
<arg>NISSAN</arg>
</arguments>
<kw name="Input Text" library="SeleniumLibrary">
<doc>Types the given ``text`` into the text field identified by ``locator``.</doc>
<arguments>
<arg>xpath=${arg1}</arg>
<arg>${arg2}</arg>
</arguments>
<msg timestamp="20200720 13:27:42.411" level="INFO">Typing text 'NISSAN' into text field 'xpath=(//input[contains(@type,'text')])[7]'.</msg>
<status status="PASS" starttime="20200720 13:27:42.410" endtime="20200720 13:27:42.996"></status>
</kw>
<status status="PASS" starttime="20200720 13:27:42.410" endtime="20200720 13:27:42.996"></status>
</kw>
<kw name="Texto" library="recursos">
<arguments>
<arg>(//input[contains(@type,'text')])[8]</arg>
<arg>HTRG-345</arg>
</arguments>
<kw name="Input Text" library="SeleniumLibrary">
<doc>Types the given ``text`` into the text field identified by ``locator``.</doc>
<arguments>
<arg>xpath=${arg1}</arg>
<arg>${arg2}</arg>
</arguments>
<msg timestamp="20200720 13:27:42.998" level="INFO">Typing text 'HTRG-345' into text field 'xpath=(//input[contains(@type,'text')])[8]'.</msg>
<status status="PASS" starttime="20200720 13:27:42.998" endtime="20200720 13:27:43.570"></status>
</kw>
<status status="PASS" starttime="20200720 13:27:42.997" endtime="20200720 13:27:43.570"></status>
</kw>
<kw name="Dormir" library="recursos">
<arguments>
<arg>1</arg>
</arguments>
<kw name="Sleep" library="BuiltIn">
<doc>Pauses the test executed for the given time.</doc>
<arguments>
<arg>${arg1}</arg>
</arguments>
<msg timestamp="20200720 13:27:44.572" level="INFO">Slept 1 second</msg>
<status status="PASS" starttime="20200720 13:27:43.571" endtime="20200720 13:27:44.572"></status>
</kw>
<status status="PASS" starttime="20200720 13:27:43.570" endtime="20200720 13:27:44.572"></status>
</kw>
<kw name="Scroll" library="recursos">
<arguments>
<arg>0</arg>
<arg>1700</arg>
</arguments>
<kw name="Execute Javascript" library="SeleniumLibrary">
<doc>Executes the given JavaScript code with possible arguments.</doc>
<arguments>
<arg>window.scrollTo(${arg1},${arg2})</arg>
</arguments>
<msg timestamp="20200720 13:27:44.576" level="INFO">Executing JavaScript:
window.scrollTo(0,1700)
Without any arguments.</msg>
<status status="PASS" starttime="20200720 13:27:44.574" endtime="20200720 13:27:44.693"></status>
</kw>
<status status="PASS" starttime="20200720 13:27:44.573" endtime="20200720 13:27:44.693"></status>
</kw>
<kw name="Dormir" library="recursos">
<arguments>
<arg>1</arg>
</arguments>
<kw name="Sleep" library="BuiltIn">
<doc>Pauses the test executed for the given time.</doc>
<arguments>
<arg>${arg1}</arg>
</arguments>
<msg timestamp="20200720 13:27:45.697" level="INFO">Slept 1 second</msg>
<status status="PASS" starttime="20200720 13:27:44.695" endtime="20200720 13:27:45.697"></status>
</kw>
<status status="PASS" starttime="20200720 13:27:44.694" endtime="20200720 13:27:45.698"></status>
</kw>
<kw name="Texto" library="recursos">
<arguments>
<arg>(//input[contains(@type,'text')])[11]</arg>
<arg>ok</arg>
</arguments>
<kw name="Input Text" library="SeleniumLibrary">
<doc>Types the given ``text`` into the text field identified by ``locator``.</doc>
<arguments>
<arg>xpath=${arg1}</arg>
<arg>${arg2}</arg>
</arguments>
<msg timestamp="20200720 13:27:45.700" level="INFO">Typing text 'ok' into text field 'xpath=(//input[contains(@type,'text')])[11]'.</msg>
<status status="PASS" starttime="20200720 13:27:45.699" endtime="20200720 13:27:46.199"></status>
</kw>
<status status="PASS" starttime="20200720 13:27:45.698" endtime="20200720 13:27:46.199"></status>
</kw>
<kw name="Texto" library="recursos">
<arguments>
<arg>(//input[contains(@type,'text')])[12]</arg>
<arg>X173126</arg>
</arguments>
<kw name="Input Text" library="SeleniumLibrary">
<doc>Types the given ``text`` into the text field identified by ``locator``.</doc>
<arguments>
<arg>xpath=${arg1}</arg>
<arg>${arg2}</arg>
</arguments>
<msg timestamp="20200720 13:27:46.201" level="INFO">Typing text 'X173126' into text field 'xpath=(//input[contains(@type,'text')])[12]'.</msg>
<status status="PASS" starttime="20200720 13:27:46.200" endtime="20200720 13:27:46.762"></status>
</kw>
<status status="PASS" starttime="20200720 13:27:46.199" endtime="20200720 13:27:46.762"></status>
</kw>
<kw name="Dormir" library="recursos">
<arguments>
<arg>1</arg>
</arguments>
<kw name="Sleep" library="BuiltIn">
<doc>Pauses the test executed for the given time.</doc>
<arguments>
<arg>${arg1}</arg>
</arguments>
<msg timestamp="20200720 13:27:47.765" level="INFO">Slept 1 second</msg>
<status status="PASS" starttime="20200720 13:27:46.763" endtime="20200720 13:27:47.765"></status>
</kw>
<status status="PASS" starttime="20200720 13:27:46.762" endtime="20200720 13:27:47.766"></status>
</kw>
<kw name="Scroll" library="recursos">
<arguments>
<arg>0</arg>
<arg>2000</arg>
</arguments>
<kw name="Execute Javascript" library="SeleniumLibrary">
<doc>Executes the given JavaScript code with possible arguments.</doc>
<arguments>
<arg>window.scrollTo(${arg1},${arg2})</arg>
</arguments>
<msg timestamp="20200720 13:27:47.771" level="INFO">Executing JavaScript:
window.scrollTo(0,2000)
Without any arguments.</msg>
<status status="PASS" starttime="20200720 13:27:47.769" endtime="20200720 13:27:47.892"></status>
</kw>
<status status="PASS" starttime="20200720 13:27:47.767" endtime="20200720 13:27:47.892"></status>
</kw>
<kw name="Dormir" library="recursos">
<arguments>
<arg>1</arg>
</arguments>
<kw name="Sleep" library="BuiltIn">
<doc>Pauses the test executed for the given time.</doc>
<arguments>
<arg>${arg1}</arg>
</arguments>
<msg timestamp="20200720 13:27:48.895" level="INFO">Slept 1 second</msg>
<status status="PASS" starttime="20200720 13:27:47.894" endtime="20200720 13:27:48.895"></status>
</kw>
<status status="PASS" starttime="20200720 13:27:47.893" endtime="20200720 13:27:48.896"></status>
</kw>
<kw name="Click" library="recursos">
<arguments>
<arg>(//input[contains(@type,'submit')])[1]</arg>
</arguments>
<kw name="Click Element" library="SeleniumLibrary">
<doc>Click the element identified by ``locator``.</doc>
<arguments>
<arg>xpath=${arg1}</arg>
</arguments>
<msg timestamp="20200720 13:27:48.898" level="INFO">Clicking element 'xpath=(//input[contains(@type,'submit')])[1]'.</msg>
<status status="PASS" starttime="20200720 13:27:48.898" endtime="20200720 13:27:49.453"></status>
</kw>
<status status="PASS" starttime="20200720 13:27:48.896" endtime="20200720 13:27:49.453"></status>
</kw>
<kw name="Dormir" library="recursos">
<arguments>
<arg>1</arg>
</arguments>
<kw name="Sleep" library="BuiltIn">
<doc>Pauses the test executed for the given time.</doc>
<arguments>
<arg>${arg1}</arg>
</arguments>
<msg timestamp="20200720 13:27:50.456" level="INFO">Slept 1 second</msg>
<status status="PASS" starttime="20200720 13:27:49.453" endtime="20200720 13:27:50.456"></status>
</kw>
<status status="PASS" starttime="20200720 13:27:49.453" endtime="20200720 13:27:50.456"></status>
</kw>
<kw name="Scroll" library="recursos">
<arguments>
<arg>0</arg>
<arg>250</arg>
</arguments>
<kw name="Execute Javascript" library="SeleniumLibrary">
<doc>Executes the given JavaScript code with possible arguments.</doc>
<arguments>
<arg>window.scrollTo(${arg1},${arg2})</arg>
</arguments>
<msg timestamp="20200720 13:27:50.459" level="INFO">Executing JavaScript:
window.scrollTo(0,250)
Without any arguments.</msg>
<status status="PASS" starttime="20200720 13:27:50.457" endtime="20200720 13:27:50.572"></status>
</kw>
<status status="PASS" starttime="20200720 13:27:50.457" endtime="20200720 13:27:50.573"></status>
</kw>
<kw name="Click" library="recursos">
<arguments>
<arg>(//input[contains(@type,'submit')])[2]</arg>
</arguments>
<kw name="Click Element" library="SeleniumLibrary">
<doc>Click the element identified by ``locator``.</doc>
<arguments>
<arg>xpath=${arg1}</arg>
</arguments>
<msg timestamp="20200720 13:27:50.576" level="INFO">Clicking element 'xpath=(//input[contains(@type,'submit')])[2]'.</msg>
<status status="PASS" starttime="20200720 13:27:50.575" endtime="20200720 13:27:51.926"></status>
</kw>
<status status="PASS" starttime="20200720 13:27:50.574" endtime="20200720 13:27:51.926"></status>
</kw>
<kw name="Dormir" library="recursos">
<arguments>
<arg>3</arg>
</arguments>
<kw name="Sleep" library="BuiltIn">
<doc>Pauses the test executed for the given time.</doc>
<arguments>
<arg>${arg1}</arg>
</arguments>
<msg timestamp="20200720 13:27:54.927" level="INFO">Slept 3 seconds</msg>
<status status="PASS" starttime="20200720 13:27:51.927" endtime="20200720 13:27:54.927"></status>
</kw>
<status status="PASS" starttime="20200720 13:27:51.926" endtime="20200720 13:27:54.928"></status>
</kw>
<kw name="Scroll" library="recursos">
<arguments>
<arg>0</arg>
<arg>900</arg>
</arguments>
<kw name="Execute Javascript" library="SeleniumLibrary">
<doc>Executes the given JavaScript code with possible arguments.</doc>
<arguments>
<arg>window.scrollTo(${arg1},${arg2})</arg>
</arguments>
<msg timestamp="20200720 13:27:54.931" level="INFO">Executing JavaScript:
window.scrollTo(0,900)
Without any arguments.</msg>
<status status="PASS" starttime="20200720 13:27:54.930" endtime="20200720 13:27:55.052"></status>
</kw>
<status status="PASS" starttime="20200720 13:27:54.928" endtime="20200720 13:27:55.053"></status>
</kw>
<kw name="Dormir" library="recursos">
<arguments>
<arg>1</arg>
</arguments>
<kw name="Sleep" library="BuiltIn">
<doc>Pauses the test executed for the given time.</doc>
<arguments>
<arg>${arg1}</arg>
</arguments>
<msg timestamp="20200720 13:27:56.056" level="INFO">Slept 1 second</msg>
<status status="PASS" starttime="20200720 13:27:55.054" endtime="20200720 13:27:56.056"></status>
</kw>
<status status="PASS" starttime="20200720 13:27:55.053" endtime="20200720 13:27:56.057"></status>
</kw>
<kw name="Click" library="recursos">
<arguments>
<arg>(//input[contains(@type,'submit')])[2]</arg>
</arguments>
<kw name="Click Element" library="SeleniumLibrary">
<doc>Click the element identified by ``locator``.</doc>
<arguments>
<arg>xpath=${arg1}</arg>
</arguments>
<msg timestamp="20200720 13:27:56.059" level="INFO">Clicking element 'xpath=(//input[contains(@type,'submit')])[2]'.</msg>
<status status="PASS" starttime="20200720 13:27:56.058" endtime="20200720 13:27:56.765"></status>
</kw>
<status status="PASS" starttime="20200720 13:27:56.057" endtime="20200720 13:27:56.765"></status>
</kw>
<kw name="Dormir" library="recursos">
<arguments>
<arg>1</arg>
</arguments>
<kw name="Sleep" library="BuiltIn">
<doc>Pauses the test executed for the given time.</doc>
<arguments>
<arg>${arg1}</arg>
</arguments>
<msg timestamp="20200720 13:27:57.767" level="INFO">Slept 1 second</msg>
<status status="PASS" starttime="20200720 13:27:56.765" endtime="20200720 13:27:57.767"></status>
</kw>
<status status="PASS" starttime="20200720 13:27:56.765" endtime="20200720 13:27:57.768"></status>
</kw>
<kw name="Click" library="recursos">
<arguments>
<arg>//input[contains(@id,'sinamope:btnImprimir')]</arg>
</arguments>
<kw name="Click Element" library="SeleniumLibrary">
<doc>Click the element identified by ``locator``.</doc>
<arguments>
<arg>xpath=${arg1}</arg>
</arguments>
<msg timestamp="20200720 13:27:57.770" level="INFO">Clicking element 'xpath=//input[contains(@id,'sinamope:btnImprimir')]'.</msg>
<status status="PASS" starttime="20200720 13:27:57.769" endtime="20200720 13:27:59.342"></status>
</kw>
<status status="PASS" starttime="20200720 13:27:57.768" endtime="20200720 13:27:59.342"></status>
</kw>
<kw name="Dormir" library="recursos">
<arguments>
<arg>2</arg>
</arguments>
<kw name="Sleep" library="BuiltIn">
<doc>Pauses the test executed for the given time.</doc>
<arguments>
<arg>${arg1}</arg>
</arguments>
<msg timestamp="20200720 13:28:01.346" level="INFO">Slept 2 seconds</msg>
<status status="PASS" starttime="20200720 13:27:59.343" endtime="20200720 13:28:01.346"></status>
</kw>
<status status="PASS" starttime="20200720 13:27:59.342" endtime="20200720 13:28:01.346"></status>
</kw>
<kw name="Click" library="recursos">
<arguments>
<arg>(//a[@data-advertencia='no'][contains(.,'Movilización')])[1]</arg>
</arguments>
<kw name="Click Element" library="SeleniumLibrary">
<doc>Click the element identified by ``locator``.</doc>
<arguments>
<arg>xpath=${arg1}</arg>
</arguments>
<msg timestamp="20200720 13:28:01.348" level="INFO">Clicking element 'xpath=(//a[@data-advertencia='no'][contains(.,'Movilización')])[1]'.</msg>
<status status="PASS" starttime="20200720 13:28:01.347" endtime="20200720 13:28:01.647"></status>
</kw>
<status status="PASS" starttime="20200720 13:28:01.347" endtime="20200720 13:28:01.647"></status>
</kw>
<kw name="Dormir" library="recursos">
<arguments>
<arg>1</arg>
</arguments>
<kw name="Sleep" library="BuiltIn">
<doc>Pauses the test executed for the given time.</doc>
<arguments>
<arg>${arg1}</arg>
</arguments>
<msg timestamp="20200720 13:28:02.651" level="INFO">Slept 1 second</msg>
<status status="PASS" starttime="20200720 13:28:01.648" endtime="20200720 13:28:02.651"></status>
</kw>
<status status="PASS" starttime="20200720 13:28:01.648" endtime="20200720 13:28:02.652"></status>
</kw>
<kw name="Click" library="recursos">
<arguments>
<arg>//*[@id="Movilizacion_animales"]/a</arg>
</arguments>
<kw name="Click Element" library="SeleniumLibrary">
<doc>Click the element identified by ``locator``.</doc>
<arguments>
<arg>xpath=${arg1}</arg>
</arguments>
<msg timestamp="20200720 13:28:02.654" level="INFO">Clicking element 'xpath=//*[@id="Movilizacion_animales"]/a'.</msg>
<status status="PASS" starttime="20200720 13:28:02.653" endtime="20200720 13:28:02.990"></status>
</kw>
<status status="PASS" starttime="20200720 13:28:02.652" endtime="20200720 13:28:02.990"></status>
</kw>
<kw name="Dormir" library="recursos">
<arguments>
<arg>2</arg>
</arguments>
<kw name="Sleep" library="BuiltIn">
<doc>Pauses the test executed for the given time.</doc>
<arguments>
<arg>${arg1}</arg>
</arguments>
<msg timestamp="20200720 13:28:04.996" level="INFO">Slept 2 seconds</msg>
<status status="PASS" starttime="20200720 13:28:02.993" endtime="20200720 13:28:04.996"></status>
</kw>
<status status="PASS" starttime="20200720 13:28:02.991" endtime="20200720 13:28:04.996"></status>
</kw>
<kw name="Click" library="recursos">
<arguments>
<arg>(//input[contains(@type,'submit')])[6]</arg>
</arguments>
<kw name="Click Element" library="SeleniumLibrary">
<doc>Click the element identified by ``locator``.</doc>
<arguments>
<arg>xpath=${arg1}</arg>
</arguments>
<msg timestamp="20200720 13:28:04.997" level="INFO">Clicking element 'xpath=(//input[contains(@type,'submit')])[6]'.</msg>
<status status="PASS" starttime="20200720 13:28:04.997" endtime="20200720 13:28:07.119"></status>
</kw>
<status status="PASS" starttime="20200720 13:28:04.996" endtime="20200720 13:28:07.119"></status>
</kw>
<kw name="Dormir" library="recursos">
<arguments>
<arg>2</arg>
</arguments>
<kw name="Sleep" library="BuiltIn">
<doc>Pauses the test executed for the given time.</doc>
<arguments>
<arg>${arg1}</arg>
</arguments>
<msg timestamp="20200720 13:28:09.120" level="INFO">Slept 2 seconds</msg>
<status status="PASS" starttime="20200720 13:28:07.119" endtime="20200720 13:28:09.121"></status>
</kw>
<status status="PASS" starttime="20200720 13:28:07.119" endtime="20200720 13:28:09.121"></status>
</kw>
<kw name="Run Keyword If" library="BuiltIn">
<doc>Runs the given keyword with the given arguments, if ``condition`` is true.</doc>
<arguments>
<arg>'${i}'=='${reg}'</arg>
<arg>Exit For Loop</arg>
</arguments>
<kw name="Exit For Loop" library="BuiltIn">
<doc>Stops executing the enclosing for loop.</doc>
<msg timestamp="20200720 13:28:09.124" level="INFO">Exiting for loop altogether.</msg>
<status status="PASS" starttime="20200720 13:28:09.123" endtime="20200720 13:28:09.124"></status>
</kw>
<status status="PASS" starttime="20200720 13:28:09.122" endtime="20200720 13:28:09.125"></status>
</kw>
<status status="PASS" starttime="20200720 13:27:15.156" endtime="20200720 13:28:09.125"></status>
</kw>
<status status="PASS" starttime="20200720 13:24:35.935" endtime="20200720 13:28:09.125"></status>
</kw>
<kw name="Cerrar" library="recursos">
<kw name="Close Browser" library="SeleniumLibrary">
<doc>Closes the current browser.</doc>
<status status="PASS" starttime="20200720 13:28:09.126" endtime="20200720 13:28:11.313"></status>
</kw>
<status status="PASS" starttime="20200720 13:28:09.125" endtime="20200720 13:28:11.313"></status>
</kw>
<status status="PASS" starttime="20200720 13:24:18.240" endtime="20200720 13:28:11.313"></status>
</kw>
<doc>PRUEBA SINAMOPE 001 (DESCARGAR REPORTE PDF)</doc>
<tags>
<tag>s001</tag>
</tags>
<status status="PASS" starttime="20200720 13:24:18.238" endtime="20200720 13:28:11.314" critical="yes"></status>
</test>
<doc>Casos de Prueba Proyecto SINAMOPE</doc>
<status status="PASS" starttime="20200720 13:24:16.518" endtime="20200720 13:28:11.317"></status>
</suite>
<status status="PASS" starttime="20200720 13:24:16.487" endtime="20200720 13:28:11.325"></status>
</suite>
<statistics>
<total>
<stat pass="1" fail="0">Critical Tests</stat>
<stat pass="1" fail="0">All Tests</stat>
</total>
<tag>
<stat pass="1" fail="0">s001</stat>
</tag>
<suite>
<stat pass="1" fail="0" id="s1" name="Suites">Suites</stat>
<stat pass="1" fail="0" id="s1-s1" name="Sinamope3">Suites.Sinamope3</stat>
</suite>
</statistics>
<errors>
</errors>
</robot>
