<?xml version="1.0" encoding="UTF-8"?>
<robot generator="Robot 3.1.2 (Python 3.7.6 on win32)" generated="20200721 18:34:44.119" rpa="false">
<suite id="s1" name="Suites">
<suite id="s1-s1" name="Sinamope6" source="C:\TEST_SINAMOPE\test\sinamope6.robot">
<test id="s1-s1-t1" name="CC001 SINAMOPE (SISTEMA SINAMOPE)(DESCARGAR REPORTE PDF)">
<kw name="Esperar Iniciar ok" library="recursos">
<arguments>
<arg>35</arg>
</arguments>
<kw name="Set Selenium Timeout" library="SeleniumLibrary">
<doc>Sets the timeout that is used by various keywords.</doc>
<arguments>
<arg>${arg1} seconds</arg>
</arguments>
<status status="PASS" starttime="20200721 18:34:46.213" endtime="20200721 18:34:46.214"></status>
</kw>
<status status="PASS" starttime="20200721 18:34:46.213" endtime="20200721 18:34:46.214"></status>
</kw>
<kw name="Descargar_pdf_ok" library="casos_sinamope">
<arguments>
<arg>${url}</arg>
<arg>${navegador}</arg>
</arguments>
<kw name="Esperar Iniciar Forzar" library="recursos">
<arguments>
<arg>30</arg>
</arguments>
<kw name="Set Selenium Implicit Wait" library="SeleniumLibrary">
<doc>Sets the implicit wait value used by Selenium.</doc>
<arguments>
<arg>${arg1} seconds</arg>
</arguments>
<status status="PASS" starttime="20200721 18:34:46.214" endtime="20200721 18:34:46.215"></status>
</kw>
<status status="PASS" starttime="20200721 18:34:46.214" endtime="20200721 18:34:46.215"></status>
</kw>
<kw name="Esperar Iniciar ok" library="recursos">
<arguments>
<arg>5</arg>
</arguments>
<kw name="Set Selenium Timeout" library="SeleniumLibrary">
<doc>Sets the timeout that is used by various keywords.</doc>
<arguments>
<arg>${arg1} seconds</arg>
</arguments>
<status status="PASS" starttime="20200721 18:34:46.215" endtime="20200721 18:34:46.215"></status>
</kw>
<status status="PASS" starttime="20200721 18:34:46.215" endtime="20200721 18:34:46.215"></status>
</kw>
<kw name="Dormir Todos" library="recursos">
<arguments>
<arg>${tiempo}</arg>
</arguments>
<kw name="Set Selenium Speed" library="SeleniumLibrary">
<doc>Sets the delay that is waited after each Selenium command.</doc>
<arguments>
<arg>${arg1} seconds</arg>
</arguments>
<status status="PASS" starttime="20200721 18:34:46.216" endtime="20200721 18:34:46.216"></status>
</kw>
<status status="PASS" starttime="20200721 18:34:46.215" endtime="20200721 18:34:46.216"></status>
</kw>
<kw name="Abrir navegador" library="recursos">
<arguments>
<arg>${arg1}</arg>
<arg>${arg2}</arg>
</arguments>
<kw name="Open Browser" library="SeleniumLibrary">
<doc>Opens a new browser instance to the optional ``url``.</doc>
<arguments>
<arg>${arg1}</arg>
<arg>${arg2}</arg>
</arguments>
<msg timestamp="20200721 18:34:46.217" level="INFO">Opening browser 'chrome' to base url 'https://libssl.senasica.gob.mx/sinamope/login.xhtml'.</msg>
<status status="PASS" starttime="20200721 18:34:46.217" endtime="20200721 18:34:58.677"></status>
</kw>
<status status="PASS" starttime="20200721 18:34:46.216" endtime="20200721 18:34:58.677"></status>
</kw>
<kw name="Maximizar" library="recursos">
<kw name="Maximize Browser Window" library="SeleniumLibrary">
<doc>Maximizes current browser window.</doc>
<status status="PASS" starttime="20200721 18:34:58.677" endtime="20200721 18:35:00.905"></status>
</kw>
<status status="PASS" starttime="20200721 18:34:58.677" endtime="20200721 18:35:00.905"></status>
</kw>
<kw name="Click" library="recursos">
<arguments>
<arg>//*[@id="details-button"]</arg>
</arguments>
<kw name="Click Element" library="SeleniumLibrary">
<doc>Click the element identified by ``locator``.</doc>
<arguments>
<arg>xpath=${arg1}</arg>
</arguments>
<msg timestamp="20200721 18:35:00.906" level="INFO">Clicking element 'xpath=//*[@id="details-button"]'.</msg>
<status status="PASS" starttime="20200721 18:35:00.906" endtime="20200721 18:35:01.159"></status>
</kw>
<status status="PASS" starttime="20200721 18:35:00.905" endtime="20200721 18:35:01.159"></status>
</kw>
<kw name="Click" library="recursos">
<arguments>
<arg>//*[@id="proceed-link"]</arg>
</arguments>
<kw name="Click Element" library="SeleniumLibrary">
<doc>Click the element identified by ``locator``.</doc>
<arguments>
<arg>xpath=${arg1}</arg>
</arguments>
<msg timestamp="20200721 18:35:01.160" level="INFO">Clicking element 'xpath=//*[@id="proceed-link"]'.</msg>
<status status="PASS" starttime="20200721 18:35:01.159" endtime="20200721 18:35:02.389"></status>
</kw>
<status status="PASS" starttime="20200721 18:35:01.159" endtime="20200721 18:35:02.389"></status>
</kw>
<kw name="Texto" library="recursos">
<arguments>
<arg>(//input[@class='form-control'])[1]</arg>
<arg>${usr1}</arg>
</arguments>
<kw name="Input Text" library="SeleniumLibrary">
<doc>Types the given ``text`` into the text field identified by ``locator``.</doc>
<arguments>
<arg>xpath=${arg1}</arg>
<arg>${arg2}</arg>
</arguments>
<msg timestamp="20200721 18:35:02.391" level="INFO">Typing text 'diego.garcia' into text field 'xpath=(//input[@class='form-control'])[1]'.</msg>
<status status="PASS" starttime="20200721 18:35:02.390" endtime="20200721 18:35:02.835"></status>
</kw>
<status status="PASS" starttime="20200721 18:35:02.389" endtime="20200721 18:35:02.835"></status>
</kw>
<kw name="Texto" library="recursos">
<arguments>
<arg>(//input[@class='form-control'])[2]</arg>
<arg>${pass1}</arg>
</arguments>
<kw name="Input Text" library="SeleniumLibrary">
<doc>Types the given ``text`` into the text field identified by ``locator``.</doc>
<arguments>
<arg>xpath=${arg1}</arg>
<arg>${arg2}</arg>
</arguments>
<msg timestamp="20200721 18:35:02.836" level="INFO">Typing text 'lib18' into text field 'xpath=(//input[@class='form-control'])[2]'.</msg>
<status status="PASS" starttime="20200721 18:35:02.835" endtime="20200721 18:35:03.298"></status>
</kw>
<status status="PASS" starttime="20200721 18:35:02.835" endtime="20200721 18:35:03.298"></status>
</kw>
<kw name="Click" library="recursos">
<arguments>
<arg>//input[@id='sinamope:btnEntrar']</arg>
</arguments>
<kw name="Click Element" library="SeleniumLibrary">
<doc>Click the element identified by ``locator``.</doc>
<arguments>
<arg>xpath=${arg1}</arg>
</arguments>
<msg timestamp="20200721 18:35:03.300" level="INFO">Clicking element 'xpath=//input[@id='sinamope:btnEntrar']'.</msg>
<status status="PASS" starttime="20200721 18:35:03.299" endtime="20200721 18:35:04.643"></status>
</kw>
<status status="PASS" starttime="20200721 18:35:03.299" endtime="20200721 18:35:04.643"></status>
</kw>
<kw name="Dormir" library="recursos">
<arguments>
<arg>1</arg>
</arguments>
<kw name="Sleep" library="BuiltIn">
<doc>Pauses the test executed for the given time.</doc>
<arguments>
<arg>${arg1}</arg>
</arguments>
<msg timestamp="20200721 18:35:05.646" level="INFO">Slept 1 second</msg>
<status status="PASS" starttime="20200721 18:35:04.643" endtime="20200721 18:35:05.646"></status>
</kw>
<status status="PASS" starttime="20200721 18:35:04.643" endtime="20200721 18:35:05.646"></status>
</kw>
<kw name="Click" library="recursos">
<arguments>
<arg>(//a[@data-advertencia='no'][contains(.,'Movilización')])[1]</arg>
</arguments>
<kw name="Click Element" library="SeleniumLibrary">
<doc>Click the element identified by ``locator``.</doc>
<arguments>
<arg>xpath=${arg1}</arg>
</arguments>
<msg timestamp="20200721 18:35:05.647" level="INFO">Clicking element 'xpath=(//a[@data-advertencia='no'][contains(.,'Movilización')])[1]'.</msg>
<status status="PASS" starttime="20200721 18:35:05.646" endtime="20200721 18:35:05.907"></status>
</kw>
<status status="PASS" starttime="20200721 18:35:05.646" endtime="20200721 18:35:05.907"></status>
</kw>
<kw name="Dormir" library="recursos">
<arguments>
<arg>1</arg>
</arguments>
<kw name="Sleep" library="BuiltIn">
<doc>Pauses the test executed for the given time.</doc>
<arguments>
<arg>${arg1}</arg>
</arguments>
<msg timestamp="20200721 18:35:06.910" level="INFO">Slept 1 second</msg>
<status status="PASS" starttime="20200721 18:35:05.907" endtime="20200721 18:35:06.910"></status>
</kw>
<status status="PASS" starttime="20200721 18:35:05.907" endtime="20200721 18:35:06.910"></status>
</kw>
<kw name="Click" library="recursos">
<arguments>
<arg>//a[contains(@id,'sinamope:lnkMovilizacionAnimales')]</arg>
</arguments>
<kw name="Click Element" library="SeleniumLibrary">
<doc>Click the element identified by ``locator``.</doc>
<arguments>
<arg>xpath=${arg1}</arg>
</arguments>
<msg timestamp="20200721 18:35:06.912" level="INFO">Clicking element 'xpath=//a[contains(@id,'sinamope:lnkMovilizacionAnimales')]'.</msg>
<status status="PASS" starttime="20200721 18:35:06.911" endtime="20200721 18:35:08.032"></status>
</kw>
<status status="PASS" starttime="20200721 18:35:06.911" endtime="20200721 18:35:08.032"></status>
</kw>
<kw name="Dormir" library="recursos">
<arguments>
<arg>2</arg>
</arguments>
<kw name="Sleep" library="BuiltIn">
<doc>Pauses the test executed for the given time.</doc>
<arguments>
<arg>${arg1}</arg>
</arguments>
<msg timestamp="20200721 18:35:10.035" level="INFO">Slept 2 seconds</msg>
<status status="PASS" starttime="20200721 18:35:08.034" endtime="20200721 18:35:10.035"></status>
</kw>
<status status="PASS" starttime="20200721 18:35:08.032" endtime="20200721 18:35:10.035"></status>
</kw>
<kw name="Leer numero de filas" library="recursos">
<arguments>
<arg>Hoja1</arg>
</arguments>
<assign>
<var>${rows}</var>
</assign>
<kw name="Numero De Filas" library="ReadData">
<arguments>
<arg>${hoja}</arg>
</arguments>
<assign>
<var>${maxr}</var>
</assign>
<msg timestamp="20200721 18:35:10.036" level="INFO">${maxr} = 15</msg>
<status status="PASS" starttime="20200721 18:35:10.035" endtime="20200721 18:35:10.036"></status>
</kw>
<msg timestamp="20200721 18:35:10.036" level="INFO">${rows} = 15</msg>
<status status="PASS" starttime="20200721 18:35:10.035" endtime="20200721 18:35:10.036"></status>
</kw>
<kw name="${i} IN RANGE [ 1 | ${rows}+1 ]" type="for">
<kw name="${i} = 1" type="foritem">
<kw name="Leer celda" library="recursos">
<arguments>
<arg>Hoja1</arg>
<arg>${i}</arg>
<arg>1</arg>
</arguments>
<assign>
<var>${usuario}</var>
</assign>
<kw name="Cell Data" library="ReadData">
<arguments>
<arg>${hoja}</arg>
<arg>${fila}</arg>
<arg>${celda}</arg>
</arguments>
<assign>
<var>${celldata}</var>
</assign>
<msg timestamp="20200721 18:35:10.037" level="INFO">${celldata} = DONOVAN GUTIERREZ</msg>
<status status="PASS" starttime="20200721 18:35:10.037" endtime="20200721 18:35:10.037"></status>
</kw>
<msg timestamp="20200721 18:35:10.037" level="INFO">${usuario} = DONOVAN GUTIERREZ</msg>
<status status="PASS" starttime="20200721 18:35:10.036" endtime="20200721 18:35:10.037"></status>
</kw>
<kw name="Leer celda" library="recursos">
<arguments>
<arg>Hoja1</arg>
<arg>${i}</arg>
<arg>3</arg>
</arguments>
<assign>
<var>${direccion}</var>
</assign>
<kw name="Cell Data" library="ReadData">
<arguments>
<arg>${hoja}</arg>
<arg>${fila}</arg>
<arg>${celda}</arg>
</arguments>
<assign>
<var>${celldata}</var>
</assign>
<msg timestamp="20200721 18:35:10.038" level="INFO">${celldata} = SUCURSAL 29 COLONIA VALLEJO SUR</msg>
<status status="PASS" starttime="20200721 18:35:10.038" endtime="20200721 18:35:10.038"></status>
</kw>
<msg timestamp="20200721 18:35:10.038" level="INFO">${direccion} = SUCURSAL 29 COLONIA VALLEJO SUR</msg>
<status status="PASS" starttime="20200721 18:35:10.037" endtime="20200721 18:35:10.038"></status>
</kw>
<kw name="Texto" library="recursos">
<arguments>
<arg>(//input[contains(@type,'text')])[1]</arg>
<arg>${usuario}</arg>
</arguments>
<kw name="Input Text" library="SeleniumLibrary">
<doc>Types the given ``text`` into the text field identified by ``locator``.</doc>
<arguments>
<arg>xpath=${arg1}</arg>
<arg>${arg2}</arg>
</arguments>
<msg timestamp="20200721 18:35:10.039" level="INFO">Typing text 'DONOVAN GUTIERREZ' into text field 'xpath=(//input[contains(@type,'text')])[1]'.</msg>
<status status="PASS" starttime="20200721 18:35:10.039" endtime="20200721 18:35:10.655"></status>
</kw>
<status status="PASS" starttime="20200721 18:35:10.038" endtime="20200721 18:35:10.655"></status>
</kw>
<kw name="Dormir" library="recursos">
<arguments>
<arg>1</arg>
</arguments>
<kw name="Sleep" library="BuiltIn">
<doc>Pauses the test executed for the given time.</doc>
<arguments>
<arg>${arg1}</arg>
</arguments>
<msg timestamp="20200721 18:35:11.657" level="INFO">Slept 1 second</msg>
<status status="PASS" starttime="20200721 18:35:10.656" endtime="20200721 18:35:11.657"></status>
</kw>
<status status="PASS" starttime="20200721 18:35:10.655" endtime="20200721 18:35:11.657"></status>
</kw>
<kw name="Click" library="recursos">
<arguments>
<arg>(//input[contains(@type,'button')])[1]</arg>
</arguments>
<kw name="Click Element" library="SeleniumLibrary">
<doc>Click the element identified by ``locator``.</doc>
<arguments>
<arg>xpath=${arg1}</arg>
</arguments>
<msg timestamp="20200721 18:35:11.658" level="INFO">Clicking element 'xpath=(//input[contains(@type,'button')])[1]'.</msg>
<status status="PASS" starttime="20200721 18:35:11.658" endtime="20200721 18:35:11.979"></status>
</kw>
<status status="PASS" starttime="20200721 18:35:11.657" endtime="20200721 18:35:11.979"></status>
</kw>
<kw name="Dormir" library="recursos">
<arguments>
<arg>1</arg>
</arguments>
<kw name="Sleep" library="BuiltIn">
<doc>Pauses the test executed for the given time.</doc>
<arguments>
<arg>${arg1}</arg>
</arguments>
<msg timestamp="20200721 18:35:12.982" level="INFO">Slept 1 second</msg>
<status status="PASS" starttime="20200721 18:35:11.980" endtime="20200721 18:35:12.982"></status>
</kw>
<status status="PASS" starttime="20200721 18:35:11.980" endtime="20200721 18:35:12.982"></status>
</kw>
<kw name="SLI" library="recursos">
<arguments>
<arg>(//select[contains(@class,'form-control')])[4]</arg>
<arg>2</arg>
</arguments>
<kw name="Select From List By Index" library="SeleniumLibrary">
<doc>Selects options from selection list ``locator`` by ``indexes``.</doc>
<arguments>
<arg>${arg1}</arg>
<arg>${arg2}</arg>
</arguments>
<msg timestamp="20200721 18:35:12.983" level="INFO">Selecting options from selection list '(//select[contains(@class,'form-control')])[4]' by index 2.</msg>
<status status="PASS" starttime="20200721 18:35:12.982" endtime="20200721 18:35:14.110"></status>
</kw>
<status status="PASS" starttime="20200721 18:35:12.982" endtime="20200721 18:35:14.110"></status>
</kw>
<kw name="Dormir" library="recursos">
<arguments>
<arg>1</arg>
</arguments>
<kw name="Sleep" library="BuiltIn">
<doc>Pauses the test executed for the given time.</doc>
<arguments>
<arg>${arg1}</arg>
</arguments>
<msg timestamp="20200721 18:35:15.113" level="INFO">Slept 1 second</msg>
<status status="PASS" starttime="20200721 18:35:14.111" endtime="20200721 18:35:15.113"></status>
</kw>
<status status="PASS" starttime="20200721 18:35:14.110" endtime="20200721 18:35:15.113"></status>
</kw>
<kw name="Click" library="recursos">
<arguments>
<arg>//a[contains(@id,'sinamope:dtSucursales:0:lnkSelSucursal')]</arg>
</arguments>
<kw name="Click Element" library="SeleniumLibrary">
<doc>Click the element identified by ``locator``.</doc>
<arguments>
<arg>xpath=${arg1}</arg>
</arguments>
<msg timestamp="20200721 18:35:15.114" level="INFO">Clicking element 'xpath=//a[contains(@id,'sinamope:dtSucursales:0:lnkSelSucursal')]'.</msg>
<status status="PASS" starttime="20200721 18:35:15.113" endtime="20200721 18:35:15.612"></status>
</kw>
<status status="PASS" starttime="20200721 18:35:15.113" endtime="20200721 18:35:15.612"></status>
</kw>
<kw name="Dormir" library="recursos">
<arguments>
<arg>1</arg>
</arguments>
<kw name="Sleep" library="BuiltIn">
<doc>Pauses the test executed for the given time.</doc>
<arguments>
<arg>${arg1}</arg>
</arguments>
<msg timestamp="20200721 18:35:16.615" level="INFO">Slept 1 second</msg>
<status status="PASS" starttime="20200721 18:35:15.613" endtime="20200721 18:35:16.616"></status>
</kw>
<status status="PASS" starttime="20200721 18:35:15.613" endtime="20200721 18:35:16.616"></status>
</kw>
<kw name="Texto" library="recursos">
<arguments>
<arg>(//input[contains(@class,'form-control')])[2]</arg>
<arg>${direccion}</arg>
</arguments>
<kw name="Input Text" library="SeleniumLibrary">
<doc>Types the given ``text`` into the text field identified by ``locator``.</doc>
<arguments>
<arg>xpath=${arg1}</arg>
<arg>${arg2}</arg>
</arguments>
<msg timestamp="20200721 18:35:16.618" level="INFO">Typing text 'SUCURSAL 29 COLONIA VALLEJO SUR' into text field 'xpath=(//input[contains(@class,'form-control')])[2]'.</msg>
<status status="PASS" starttime="20200721 18:35:16.618" endtime="20200721 18:35:17.357"></status>
</kw>
<status status="PASS" starttime="20200721 18:35:16.616" endtime="20200721 18:35:17.357"></status>
</kw>
<kw name="Dormir" library="recursos">
<arguments>
<arg>1</arg>
</arguments>
<kw name="Sleep" library="BuiltIn">
<doc>Pauses the test executed for the given time.</doc>
<arguments>
<arg>${arg1}</arg>
</arguments>
<msg timestamp="20200721 18:35:18.359" level="INFO">Slept 1 second</msg>
<status status="PASS" starttime="20200721 18:35:17.358" endtime="20200721 18:35:18.359"></status>
</kw>
<status status="PASS" starttime="20200721 18:35:17.357" endtime="20200721 18:35:18.359"></status>
</kw>
<kw name="Click" library="recursos">
<arguments>
<arg>(//input[contains(@type,'button')])[2]</arg>
</arguments>
<kw name="Click Element" library="SeleniumLibrary">
<doc>Click the element identified by ``locator``.</doc>
<arguments>
<arg>xpath=${arg1}</arg>
</arguments>
<msg timestamp="20200721 18:35:18.360" level="INFO">Clicking element 'xpath=(//input[contains(@type,'button')])[2]'.</msg>
<status status="PASS" starttime="20200721 18:35:18.360" endtime="20200721 18:35:18.644"></status>
</kw>
<status status="PASS" starttime="20200721 18:35:18.359" endtime="20200721 18:35:18.644"></status>
</kw>
<kw name="Dormir" library="recursos">
<arguments>
<arg>1</arg>
</arguments>
<kw name="Sleep" library="BuiltIn">
<doc>Pauses the test executed for the given time.</doc>
<arguments>
<arg>${arg1}</arg>
</arguments>
<msg timestamp="20200721 18:35:19.647" level="INFO">Slept 1 second</msg>
<status status="PASS" starttime="20200721 18:35:18.645" endtime="20200721 18:35:19.647"></status>
</kw>
<status status="PASS" starttime="20200721 18:35:18.644" endtime="20200721 18:35:19.647"></status>
</kw>
<kw name="SLI" library="recursos">
<arguments>
<arg>(//select[contains(@class,'form-control')])[4]</arg>
<arg>2</arg>
</arguments>
<kw name="Select From List By Index" library="SeleniumLibrary">
<doc>Selects options from selection list ``locator`` by ``indexes``.</doc>
<arguments>
<arg>${arg1}</arg>
<arg>${arg2}</arg>
</arguments>
<msg timestamp="20200721 18:35:19.648" level="INFO">Selecting options from selection list '(//select[contains(@class,'form-control')])[4]' by index 2.</msg>
<status status="PASS" starttime="20200721 18:35:19.648" endtime="20200721 18:35:20.757"></status>
</kw>
<status status="PASS" starttime="20200721 18:35:19.647" endtime="20200721 18:35:20.757"></status>
</kw>
<kw name="Dormir" library="recursos">
<arguments>
<arg>1</arg>
</arguments>
<kw name="Sleep" library="BuiltIn">
<doc>Pauses the test executed for the given time.</doc>
<arguments>
<arg>${arg1}</arg>
</arguments>
<msg timestamp="20200721 18:35:21.759" level="INFO">Slept 1 second</msg>
<status status="PASS" starttime="20200721 18:35:20.757" endtime="20200721 18:35:21.759"></status>
</kw>
<status status="PASS" starttime="20200721 18:35:20.757" endtime="20200721 18:35:21.759"></status>
</kw>
<kw name="Click" library="recursos">
<arguments>
<arg>//a[@title='Seleccionar sucursal']</arg>
</arguments>
<kw name="Click Element" library="SeleniumLibrary">
<doc>Click the element identified by ``locator``.</doc>
<arguments>
<arg>xpath=${arg1}</arg>
</arguments>
<msg timestamp="20200721 18:35:21.761" level="INFO">Clicking element 'xpath=//a[@title='Seleccionar sucursal']'.</msg>
<status status="PASS" starttime="20200721 18:35:21.761" endtime="20200721 18:35:22.302"></status>
</kw>
<status status="PASS" starttime="20200721 18:35:21.760" endtime="20200721 18:35:22.302"></status>
</kw>
<kw name="Scroll" library="recursos">
<arguments>
<arg>0</arg>
<arg>600</arg>
</arguments>
<kw name="Execute Javascript" library="SeleniumLibrary">
<doc>Executes the given JavaScript code with possible arguments.</doc>
<arguments>
<arg>window.scrollTo(${arg1},${arg2})</arg>
</arguments>
<msg timestamp="20200721 18:35:22.303" level="INFO">Executing JavaScript:
window.scrollTo(0,600)
Without any arguments.</msg>
<status status="PASS" starttime="20200721 18:35:22.303" endtime="20200721 18:35:22.413"></status>
</kw>
<status status="PASS" starttime="20200721 18:35:22.302" endtime="20200721 18:35:22.413"></status>
</kw>
<kw name="Dormir" library="recursos">
<arguments>
<arg>2</arg>
</arguments>
<kw name="Sleep" library="BuiltIn">
<doc>Pauses the test executed for the given time.</doc>
<arguments>
<arg>${arg1}</arg>
</arguments>
<msg timestamp="20200721 18:35:24.414" level="INFO">Slept 2 seconds</msg>
<status status="PASS" starttime="20200721 18:35:22.413" endtime="20200721 18:35:24.414"></status>
</kw>
<status status="PASS" starttime="20200721 18:35:22.413" endtime="20200721 18:35:24.414"></status>
</kw>
<kw name="Click" library="recursos">
<arguments>
<arg>//*[@id="sinamope:j_idt165:4:especie"]</arg>
</arguments>
<kw name="Click Element" library="SeleniumLibrary">
<doc>Click the element identified by ``locator``.</doc>
<arguments>
<arg>xpath=${arg1}</arg>
</arguments>
<msg timestamp="20200721 18:35:24.416" level="INFO">Clicking element 'xpath=//*[@id="sinamope:j_idt165:4:especie"]'.</msg>
<status status="PASS" starttime="20200721 18:35:24.415" endtime="20200721 18:35:24.718"></status>
</kw>
<status status="PASS" starttime="20200721 18:35:24.415" endtime="20200721 18:35:24.718"></status>
</kw>
<kw name="Dormir" library="recursos">
<arguments>
<arg>1</arg>
</arguments>
<kw name="Sleep" library="BuiltIn">
<doc>Pauses the test executed for the given time.</doc>
<arguments>
<arg>${arg1}</arg>
</arguments>
<msg timestamp="20200721 18:35:25.720" level="INFO">Slept 1 second</msg>
<status status="PASS" starttime="20200721 18:35:24.719" endtime="20200721 18:35:25.720"></status>
</kw>
<status status="PASS" starttime="20200721 18:35:24.718" endtime="20200721 18:35:25.720"></status>
</kw>
<kw name="Scroll" library="recursos">
<arguments>
<arg>0</arg>
<arg>800</arg>
</arguments>
<kw name="Execute Javascript" library="SeleniumLibrary">
<doc>Executes the given JavaScript code with possible arguments.</doc>
<arguments>
<arg>window.scrollTo(${arg1},${arg2})</arg>
</arguments>
<msg timestamp="20200721 18:35:25.721" level="INFO">Executing JavaScript:
window.scrollTo(0,800)
Without any arguments.</msg>
<status status="PASS" starttime="20200721 18:35:25.720" endtime="20200721 18:35:25.830"></status>
</kw>
<status status="PASS" starttime="20200721 18:35:25.720" endtime="20200721 18:35:25.830"></status>
</kw>
<kw name="Texto" library="recursos">
<arguments>
<arg>(//input[contains(@type,'text')])[4]</arg>
<arg>10</arg>
</arguments>
<kw name="Input Text" library="SeleniumLibrary">
<doc>Types the given ``text`` into the text field identified by ``locator``.</doc>
<arguments>
<arg>xpath=${arg1}</arg>
<arg>${arg2}</arg>
</arguments>
<msg timestamp="20200721 18:35:25.831" level="INFO">Typing text '10' into text field 'xpath=(//input[contains(@type,'text')])[4]'.</msg>
<status status="PASS" starttime="20200721 18:35:25.831" endtime="20200721 18:35:26.261"></status>
</kw>
<status status="PASS" starttime="20200721 18:35:25.830" endtime="20200721 18:35:26.261"></status>
</kw>
<kw name="SLI" library="recursos">
<arguments>
<arg>(//select[contains(@class,'form-control')])[1]</arg>
<arg>3</arg>
</arguments>
<kw name="Select From List By Index" library="SeleniumLibrary">
<doc>Selects options from selection list ``locator`` by ``indexes``.</doc>
<arguments>
<arg>${arg1}</arg>
<arg>${arg2}</arg>
</arguments>
<msg timestamp="20200721 18:35:26.262" level="INFO">Selecting options from selection list '(//select[contains(@class,'form-control')])[1]' by index 3.</msg>
<status status="PASS" starttime="20200721 18:35:26.262" endtime="20200721 18:35:27.573"></status>
</kw>
<status status="PASS" starttime="20200721 18:35:26.261" endtime="20200721 18:35:27.573"></status>
</kw>
<kw name="Dormir" library="recursos">
<arguments>
<arg>1</arg>
</arguments>
<kw name="Sleep" library="BuiltIn">
<doc>Pauses the test executed for the given time.</doc>
<arguments>
<arg>${arg1}</arg>
</arguments>
<msg timestamp="20200721 18:35:28.576" level="INFO">Slept 1 second</msg>
<status status="PASS" starttime="20200721 18:35:27.574" endtime="20200721 18:35:28.576"></status>
</kw>
<status status="PASS" starttime="20200721 18:35:27.573" endtime="20200721 18:35:28.576"></status>
</kw>
<kw name="SLI" library="recursos">
<arguments>
<arg>(//select[contains(@class,'form-control')])[2]</arg>
<arg>3</arg>
</arguments>
<kw name="Select From List By Index" library="SeleniumLibrary">
<doc>Selects options from selection list ``locator`` by ``indexes``.</doc>
<arguments>
<arg>${arg1}</arg>
<arg>${arg2}</arg>
</arguments>
<msg timestamp="20200721 18:35:28.578" level="INFO">Selecting options from selection list '(//select[contains(@class,'form-control')])[2]' by index 3.</msg>
<status status="PASS" starttime="20200721 18:35:28.577" endtime="20200721 18:35:29.811"></status>
</kw>
<status status="PASS" starttime="20200721 18:35:28.577" endtime="20200721 18:35:29.811"></status>
</kw>
<kw name="SLI" library="recursos">
<arguments>
<arg>(//select[contains(@class,'form-control')])[3]</arg>
<arg>1</arg>
</arguments>
<kw name="Select From List By Index" library="SeleniumLibrary">
<doc>Selects options from selection list ``locator`` by ``indexes``.</doc>
<arguments>
<arg>${arg1}</arg>
<arg>${arg2}</arg>
</arguments>
<msg timestamp="20200721 18:35:29.812" level="INFO">Selecting options from selection list '(//select[contains(@class,'form-control')])[3]' by index 1.</msg>
<status status="PASS" starttime="20200721 18:35:29.812" endtime="20200721 18:35:30.835"></status>
</kw>
<status status="PASS" starttime="20200721 18:35:29.811" endtime="20200721 18:35:30.835"></status>
</kw>
<kw name="Scroll" library="recursos">
<arguments>
<arg>0</arg>
<arg>1300</arg>
</arguments>
<kw name="Execute Javascript" library="SeleniumLibrary">
<doc>Executes the given JavaScript code with possible arguments.</doc>
<arguments>
<arg>window.scrollTo(${arg1},${arg2})</arg>
</arguments>
<msg timestamp="20200721 18:35:30.836" level="INFO">Executing JavaScript:
window.scrollTo(0,1300)
Without any arguments.</msg>
<status status="PASS" starttime="20200721 18:35:30.835" endtime="20200721 18:35:30.945"></status>
</kw>
<status status="PASS" starttime="20200721 18:35:30.835" endtime="20200721 18:35:30.945"></status>
</kw>
<kw name="Dormir" library="recursos">
<arguments>
<arg>1</arg>
</arguments>
<kw name="Sleep" library="BuiltIn">
<doc>Pauses the test executed for the given time.</doc>
<arguments>
<arg>${arg1}</arg>
</arguments>
<msg timestamp="20200721 18:35:31.947" level="INFO">Slept 1 second</msg>
<status status="PASS" starttime="20200721 18:35:30.946" endtime="20200721 18:35:31.947"></status>
</kw>
<status status="PASS" starttime="20200721 18:35:30.945" endtime="20200721 18:35:31.947"></status>
</kw>
<kw name="Click" library="recursos">
<arguments>
<arg>(//input[contains(@value,'1')])[2]</arg>
</arguments>
<kw name="Click Element" library="SeleniumLibrary">
<doc>Click the element identified by ``locator``.</doc>
<arguments>
<arg>xpath=${arg1}</arg>
</arguments>
<msg timestamp="20200721 18:35:31.949" level="INFO">Clicking element 'xpath=(//input[contains(@value,'1')])[2]'.</msg>
<status status="PASS" starttime="20200721 18:35:31.949" endtime="20200721 18:35:32.264"></status>
</kw>
<status status="PASS" starttime="20200721 18:35:31.948" endtime="20200721 18:35:32.264"></status>
</kw>
<kw name="Dormir" library="recursos">
<arguments>
<arg>1</arg>
</arguments>
<kw name="Sleep" library="BuiltIn">
<doc>Pauses the test executed for the given time.</doc>
<arguments>
<arg>${arg1}</arg>
</arguments>
<msg timestamp="20200721 18:35:33.267" level="INFO">Slept 1 second</msg>
<status status="PASS" starttime="20200721 18:35:32.265" endtime="20200721 18:35:33.267"></status>
</kw>
<status status="PASS" starttime="20200721 18:35:32.264" endtime="20200721 18:35:33.267"></status>
</kw>
<kw name="SLI" library="recursos">
<arguments>
<arg>(//select[contains(@class,'form-control')])[4]</arg>
<arg>5</arg>
</arguments>
<kw name="Select From List By Index" library="SeleniumLibrary">
<doc>Selects options from selection list ``locator`` by ``indexes``.</doc>
<arguments>
<arg>${arg1}</arg>
<arg>${arg2}</arg>
</arguments>
<msg timestamp="20200721 18:35:33.268" level="INFO">Selecting options from selection list '(//select[contains(@class,'form-control')])[4]' by index 5.</msg>
<status status="PASS" starttime="20200721 18:35:33.268" endtime="20200721 18:35:34.729"></status>
</kw>
<status status="PASS" starttime="20200721 18:35:33.267" endtime="20200721 18:35:34.729"></status>
</kw>
<kw name="Click" library="recursos">
<arguments>
<arg>(//input[contains(@value,'4')])[2]</arg>
</arguments>
<kw name="Click Element" library="SeleniumLibrary">
<doc>Click the element identified by ``locator``.</doc>
<arguments>
<arg>xpath=${arg1}</arg>
</arguments>
<msg timestamp="20200721 18:35:34.729" level="INFO">Clicking element 'xpath=(//input[contains(@value,'4')])[2]'.</msg>
<status status="PASS" starttime="20200721 18:35:34.729" endtime="20200721 18:35:35.284"></status>
</kw>
<status status="PASS" starttime="20200721 18:35:34.729" endtime="20200721 18:35:35.284"></status>
</kw>
<kw name="Dormir" library="recursos">
<arguments>
<arg>1</arg>
</arguments>
<kw name="Sleep" library="BuiltIn">
<doc>Pauses the test executed for the given time.</doc>
<arguments>
<arg>${arg1}</arg>
</arguments>
<msg timestamp="20200721 18:35:36.287" level="INFO">Slept 1 second</msg>
<status status="PASS" starttime="20200721 18:35:35.285" endtime="20200721 18:35:36.287"></status>
</kw>
<status status="PASS" starttime="20200721 18:35:35.284" endtime="20200721 18:35:36.287"></status>
</kw>
<kw name="Texto" library="recursos">
<arguments>
<arg>(//input[contains(@type,'text')])[7]</arg>
<arg>NISSAN</arg>
</arguments>
<kw name="Input Text" library="SeleniumLibrary">
<doc>Types the given ``text`` into the text field identified by ``locator``.</doc>
<arguments>
<arg>xpath=${arg1}</arg>
<arg>${arg2}</arg>
</arguments>
<msg timestamp="20200721 18:35:36.289" level="INFO">Typing text 'NISSAN' into text field 'xpath=(//input[contains(@type,'text')])[7]'.</msg>
<status status="PASS" starttime="20200721 18:35:36.288" endtime="20200721 18:35:36.770"></status>
</kw>
<status status="PASS" starttime="20200721 18:35:36.288" endtime="20200721 18:35:36.770"></status>
</kw>
<kw name="Texto" library="recursos">
<arguments>
<arg>(//input[contains(@type,'text')])[8]</arg>
<arg>HTRG-345</arg>
</arguments>
<kw name="Input Text" library="SeleniumLibrary">
<doc>Types the given ``text`` into the text field identified by ``locator``.</doc>
<arguments>
<arg>xpath=${arg1}</arg>
<arg>${arg2}</arg>
</arguments>
<msg timestamp="20200721 18:35:36.771" level="INFO">Typing text 'HTRG-345' into text field 'xpath=(//input[contains(@type,'text')])[8]'.</msg>
<status status="PASS" starttime="20200721 18:35:36.771" endtime="20200721 18:35:37.233"></status>
</kw>
<status status="PASS" starttime="20200721 18:35:36.770" endtime="20200721 18:35:37.233"></status>
</kw>
<kw name="Dormir" library="recursos">
<arguments>
<arg>1</arg>
</arguments>
<kw name="Sleep" library="BuiltIn">
<doc>Pauses the test executed for the given time.</doc>
<arguments>
<arg>${arg1}</arg>
</arguments>
<msg timestamp="20200721 18:35:38.235" level="INFO">Slept 1 second</msg>
<status status="PASS" starttime="20200721 18:35:37.233" endtime="20200721 18:35:38.235"></status>
</kw>
<status status="PASS" starttime="20200721 18:35:37.233" endtime="20200721 18:35:38.235"></status>
</kw>
<kw name="Scroll" library="recursos">
<arguments>
<arg>0</arg>
<arg>1700</arg>
</arguments>
<kw name="Execute Javascript" library="SeleniumLibrary">
<doc>Executes the given JavaScript code with possible arguments.</doc>
<arguments>
<arg>window.scrollTo(${arg1},${arg2})</arg>
</arguments>
<msg timestamp="20200721 18:35:38.236" level="INFO">Executing JavaScript:
window.scrollTo(0,1700)
Without any arguments.</msg>
<status status="PASS" starttime="20200721 18:35:38.235" endtime="20200721 18:35:38.344"></status>
</kw>
<status status="PASS" starttime="20200721 18:35:38.235" endtime="20200721 18:35:38.344"></status>
</kw>
<kw name="Dormir" library="recursos">
<arguments>
<arg>1</arg>
</arguments>
<kw name="Sleep" library="BuiltIn">
<doc>Pauses the test executed for the given time.</doc>
<arguments>
<arg>${arg1}</arg>
</arguments>
<msg timestamp="20200721 18:35:39.347" level="INFO">Slept 1 second</msg>
<status status="PASS" starttime="20200721 18:35:38.344" endtime="20200721 18:35:39.347"></status>
</kw>
<status status="PASS" starttime="20200721 18:35:38.344" endtime="20200721 18:35:39.347"></status>
</kw>
<kw name="Texto" library="recursos">
<arguments>
<arg>(//input[contains(@type,'text')])[11]</arg>
<arg>ok</arg>
</arguments>
<kw name="Input Text" library="SeleniumLibrary">
<doc>Types the given ``text`` into the text field identified by ``locator``.</doc>
<arguments>
<arg>xpath=${arg1}</arg>
<arg>${arg2}</arg>
</arguments>
<msg timestamp="20200721 18:35:39.348" level="INFO">Typing text 'ok' into text field 'xpath=(//input[contains(@type,'text')])[11]'.</msg>
<status status="PASS" starttime="20200721 18:35:39.348" endtime="20200721 18:35:39.758"></status>
</kw>
<status status="PASS" starttime="20200721 18:35:39.347" endtime="20200721 18:35:39.758"></status>
</kw>
<kw name="Texto" library="recursos">
<arguments>
<arg>(//input[contains(@type,'text')])[12]</arg>
<arg>X173126</arg>
</arguments>
<kw name="Input Text" library="SeleniumLibrary">
<doc>Types the given ``text`` into the text field identified by ``locator``.</doc>
<arguments>
<arg>xpath=${arg1}</arg>
<arg>${arg2}</arg>
</arguments>
<msg timestamp="20200721 18:35:39.759" level="INFO">Typing text 'X173126' into text field 'xpath=(//input[contains(@type,'text')])[12]'.</msg>
<status status="PASS" starttime="20200721 18:35:39.758" endtime="20200721 18:35:40.219"></status>
</kw>
<status status="PASS" starttime="20200721 18:35:39.758" endtime="20200721 18:35:40.219"></status>
</kw>
<kw name="Dormir" library="recursos">
<arguments>
<arg>1</arg>
</arguments>
<kw name="Sleep" library="BuiltIn">
<doc>Pauses the test executed for the given time.</doc>
<arguments>
<arg>${arg1}</arg>
</arguments>
<msg timestamp="20200721 18:35:41.221" level="INFO">Slept 1 second</msg>
<status status="PASS" starttime="20200721 18:35:40.220" endtime="20200721 18:35:41.221"></status>
</kw>
<status status="PASS" starttime="20200721 18:35:40.219" endtime="20200721 18:35:41.221"></status>
</kw>
<kw name="Scroll" library="recursos">
<arguments>
<arg>0</arg>
<arg>2000</arg>
</arguments>
<kw name="Execute Javascript" library="SeleniumLibrary">
<doc>Executes the given JavaScript code with possible arguments.</doc>
<arguments>
<arg>window.scrollTo(${arg1},${arg2})</arg>
</arguments>
<msg timestamp="20200721 18:35:41.222" level="INFO">Executing JavaScript:
window.scrollTo(0,2000)
Without any arguments.</msg>
<status status="PASS" starttime="20200721 18:35:41.221" endtime="20200721 18:35:41.329"></status>
</kw>
<status status="PASS" starttime="20200721 18:35:41.221" endtime="20200721 18:35:41.329"></status>
</kw>
<kw name="Dormir" library="recursos">
<arguments>
<arg>1</arg>
</arguments>
<kw name="Sleep" library="BuiltIn">
<doc>Pauses the test executed for the given time.</doc>
<arguments>
<arg>${arg1}</arg>
</arguments>
<msg timestamp="20200721 18:35:42.329" level="INFO">Slept 1 second</msg>
<status status="PASS" starttime="20200721 18:35:41.329" endtime="20200721 18:35:42.329"></status>
</kw>
<status status="PASS" starttime="20200721 18:35:41.329" endtime="20200721 18:35:42.329"></status>
</kw>
<kw name="Click" library="recursos">
<arguments>
<arg>(//input[contains(@type,'submit')])[1]</arg>
</arguments>
<kw name="Click Element" library="SeleniumLibrary">
<doc>Click the element identified by ``locator``.</doc>
<arguments>
<arg>xpath=${arg1}</arg>
</arguments>
<msg timestamp="20200721 18:35:42.330" level="INFO">Clicking element 'xpath=(//input[contains(@type,'submit')])[1]'.</msg>
<status status="PASS" starttime="20200721 18:35:42.330" endtime="20200721 18:35:42.797"></status>
</kw>
<status status="PASS" starttime="20200721 18:35:42.329" endtime="20200721 18:35:42.797"></status>
</kw>
<kw name="Dormir" library="recursos">
<arguments>
<arg>1</arg>
</arguments>
<kw name="Sleep" library="BuiltIn">
<doc>Pauses the test executed for the given time.</doc>
<arguments>
<arg>${arg1}</arg>
</arguments>
<msg timestamp="20200721 18:35:43.799" level="INFO">Slept 1 second</msg>
<status status="PASS" starttime="20200721 18:35:42.797" endtime="20200721 18:35:43.799"></status>
</kw>
<status status="PASS" starttime="20200721 18:35:42.797" endtime="20200721 18:35:43.799"></status>
</kw>
<kw name="Scroll" library="recursos">
<arguments>
<arg>0</arg>
<arg>250</arg>
</arguments>
<kw name="Execute Javascript" library="SeleniumLibrary">
<doc>Executes the given JavaScript code with possible arguments.</doc>
<arguments>
<arg>window.scrollTo(${arg1},${arg2})</arg>
</arguments>
<msg timestamp="20200721 18:35:43.800" level="INFO">Executing JavaScript:
window.scrollTo(0,250)
Without any arguments.</msg>
<status status="PASS" starttime="20200721 18:35:43.799" endtime="20200721 18:35:43.906"></status>
</kw>
<status status="PASS" starttime="20200721 18:35:43.799" endtime="20200721 18:35:43.906"></status>
</kw>
<kw name="Click" library="recursos">
<arguments>
<arg>(//input[contains(@type,'submit')])[2]</arg>
</arguments>
<kw name="Click Element" library="SeleniumLibrary">
<doc>Click the element identified by ``locator``.</doc>
<arguments>
<arg>xpath=${arg1}</arg>
</arguments>
<msg timestamp="20200721 18:35:43.907" level="INFO">Clicking element 'xpath=(//input[contains(@type,'submit')])[2]'.</msg>
<status status="PASS" starttime="20200721 18:35:43.907" endtime="20200721 18:35:45.034"></status>
</kw>
<status status="PASS" starttime="20200721 18:35:43.906" endtime="20200721 18:35:45.034"></status>
</kw>
<kw name="Dormir" library="recursos">
<arguments>
<arg>3</arg>
</arguments>
<kw name="Sleep" library="BuiltIn">
<doc>Pauses the test executed for the given time.</doc>
<arguments>
<arg>${arg1}</arg>
</arguments>
<msg timestamp="20200721 18:35:48.037" level="INFO">Slept 3 seconds</msg>
<status status="PASS" starttime="20200721 18:35:45.035" endtime="20200721 18:35:48.037"></status>
</kw>
<status status="PASS" starttime="20200721 18:35:45.035" endtime="20200721 18:35:48.037"></status>
</kw>
<kw name="Scroll" library="recursos">
<arguments>
<arg>0</arg>
<arg>900</arg>
</arguments>
<kw name="Execute Javascript" library="SeleniumLibrary">
<doc>Executes the given JavaScript code with possible arguments.</doc>
<arguments>
<arg>window.scrollTo(${arg1},${arg2})</arg>
</arguments>
<msg timestamp="20200721 18:35:48.038" level="INFO">Executing JavaScript:
window.scrollTo(0,900)
Without any arguments.</msg>
<status status="PASS" starttime="20200721 18:35:48.037" endtime="20200721 18:35:48.145"></status>
</kw>
<status status="PASS" starttime="20200721 18:35:48.037" endtime="20200721 18:35:48.145"></status>
</kw>
<kw name="Dormir" library="recursos">
<arguments>
<arg>1</arg>
</arguments>
<kw name="Sleep" library="BuiltIn">
<doc>Pauses the test executed for the given time.</doc>
<arguments>
<arg>${arg1}</arg>
</arguments>
<msg timestamp="20200721 18:35:49.148" level="INFO">Slept 1 second</msg>
<status status="PASS" starttime="20200721 18:35:48.145" endtime="20200721 18:35:49.148"></status>
</kw>
<status status="PASS" starttime="20200721 18:35:48.145" endtime="20200721 18:35:49.148"></status>
</kw>
<kw name="Click" library="recursos">
<arguments>
<arg>(//input[contains(@type,'submit')])[2]</arg>
</arguments>
<kw name="Click Element" library="SeleniumLibrary">
<doc>Click the element identified by ``locator``.</doc>
<arguments>
<arg>xpath=${arg1}</arg>
</arguments>
<msg timestamp="20200721 18:35:49.150" level="INFO">Clicking element 'xpath=(//input[contains(@type,'submit')])[2]'.</msg>
<status status="PASS" starttime="20200721 18:35:49.150" endtime="20200721 18:35:49.765"></status>
</kw>
<status status="PASS" starttime="20200721 18:35:49.148" endtime="20200721 18:35:49.765"></status>
</kw>
<kw name="Dormir" library="recursos">
<arguments>
<arg>1</arg>
</arguments>
<kw name="Sleep" library="BuiltIn">
<doc>Pauses the test executed for the given time.</doc>
<arguments>
<arg>${arg1}</arg>
</arguments>
<msg timestamp="20200721 18:35:50.767" level="INFO">Slept 1 second</msg>
<status status="PASS" starttime="20200721 18:35:49.765" endtime="20200721 18:35:50.767"></status>
</kw>
<status status="PASS" starttime="20200721 18:35:49.765" endtime="20200721 18:35:50.767"></status>
</kw>
<kw name="Click" library="recursos">
<arguments>
<arg>//input[contains(@id,'sinamope:btnImprimir')]</arg>
</arguments>
<kw name="Click Element" library="SeleniumLibrary">
<doc>Click the element identified by ``locator``.</doc>
<arguments>
<arg>xpath=${arg1}</arg>
</arguments>
<msg timestamp="20200721 18:35:50.768" level="INFO">Clicking element 'xpath=//input[contains(@id,'sinamope:btnImprimir')]'.</msg>
<status status="PASS" starttime="20200721 18:35:50.768" endtime="20200721 18:35:52.727"></status>
</kw>
<status status="PASS" starttime="20200721 18:35:50.767" endtime="20200721 18:35:52.727"></status>
</kw>
<kw name="Dormir" library="recursos">
<arguments>
<arg>2</arg>
</arguments>
<kw name="Sleep" library="BuiltIn">
<doc>Pauses the test executed for the given time.</doc>
<arguments>
<arg>${arg1}</arg>
</arguments>
<msg timestamp="20200721 18:35:54.729" level="INFO">Slept 2 seconds</msg>
<status status="PASS" starttime="20200721 18:35:52.728" endtime="20200721 18:35:54.729"></status>
</kw>
<status status="PASS" starttime="20200721 18:35:52.727" endtime="20200721 18:35:54.729"></status>
</kw>
<kw name="Click" library="recursos">
<arguments>
<arg>(//a[@data-advertencia='no'][contains(.,'Movilización')])[1]</arg>
</arguments>
<kw name="Click Element" library="SeleniumLibrary">
<doc>Click the element identified by ``locator``.</doc>
<arguments>
<arg>xpath=${arg1}</arg>
</arguments>
<msg timestamp="20200721 18:35:54.730" level="INFO">Clicking element 'xpath=(//a[@data-advertencia='no'][contains(.,'Movilización')])[1]'.</msg>
<status status="PASS" starttime="20200721 18:35:54.730" endtime="20200721 18:35:54.990"></status>
</kw>
<status status="PASS" starttime="20200721 18:35:54.729" endtime="20200721 18:35:54.990"></status>
</kw>
<kw name="Dormir" library="recursos">
<arguments>
<arg>1</arg>
</arguments>
<kw name="Sleep" library="BuiltIn">
<doc>Pauses the test executed for the given time.</doc>
<arguments>
<arg>${arg1}</arg>
</arguments>
<msg timestamp="20200721 18:35:55.993" level="INFO">Slept 1 second</msg>
<status status="PASS" starttime="20200721 18:35:54.990" endtime="20200721 18:35:55.993"></status>
</kw>
<status status="PASS" starttime="20200721 18:35:54.990" endtime="20200721 18:35:55.993"></status>
</kw>
<kw name="Click" library="recursos">
<arguments>
<arg>//*[@id="Movilizacion_animales"]/a</arg>
</arguments>
<kw name="Click Element" library="SeleniumLibrary">
<doc>Click the element identified by ``locator``.</doc>
<arguments>
<arg>xpath=${arg1}</arg>
</arguments>
<msg timestamp="20200721 18:35:55.994" level="INFO">Clicking element 'xpath=//*[@id="Movilizacion_animales"]/a'.</msg>
<status status="PASS" starttime="20200721 18:35:55.994" endtime="20200721 18:35:56.278"></status>
</kw>
<status status="PASS" starttime="20200721 18:35:55.994" endtime="20200721 18:35:56.278"></status>
</kw>
<kw name="Dormir" library="recursos">
<arguments>
<arg>2</arg>
</arguments>
<kw name="Sleep" library="BuiltIn">
<doc>Pauses the test executed for the given time.</doc>
<arguments>
<arg>${arg1}</arg>
</arguments>
<msg timestamp="20200721 18:35:58.278" level="INFO">Slept 2 seconds</msg>
<status status="PASS" starttime="20200721 18:35:56.278" endtime="20200721 18:35:58.278"></status>
</kw>
<status status="PASS" starttime="20200721 18:35:56.278" endtime="20200721 18:35:58.278"></status>
</kw>
<kw name="Click" library="recursos">
<arguments>
<arg>(//input[contains(@type,'submit')])[6]</arg>
</arguments>
<kw name="Click Element" library="SeleniumLibrary">
<doc>Click the element identified by ``locator``.</doc>
<arguments>
<arg>xpath=${arg1}</arg>
</arguments>
<msg timestamp="20200721 18:35:58.279" level="INFO">Clicking element 'xpath=(//input[contains(@type,'submit')])[6]'.</msg>
<status status="PASS" starttime="20200721 18:35:58.278" endtime="20200721 18:36:00.466"></status>
</kw>
<status status="PASS" starttime="20200721 18:35:58.278" endtime="20200721 18:36:00.466"></status>
</kw>
<kw name="Dormir" library="recursos">
<arguments>
<arg>2</arg>
</arguments>
<kw name="Sleep" library="BuiltIn">
<doc>Pauses the test executed for the given time.</doc>
<arguments>
<arg>${arg1}</arg>
</arguments>
<msg timestamp="20200721 18:36:02.470" level="INFO">Slept 2 seconds</msg>
<status status="PASS" starttime="20200721 18:36:00.467" endtime="20200721 18:36:02.470"></status>
</kw>
<status status="PASS" starttime="20200721 18:36:00.466" endtime="20200721 18:36:02.470"></status>
</kw>
<kw name="Run Keyword If" library="BuiltIn">
<doc>Runs the given keyword with the given arguments, if ``condition`` is true.</doc>
<arguments>
<arg>'${i}'=='${reg}'</arg>
<arg>Exit For Loop</arg>
</arguments>
<status status="PASS" starttime="20200721 18:36:02.470" endtime="20200721 18:36:02.471"></status>
</kw>
<status status="PASS" starttime="20200721 18:35:10.036" endtime="20200721 18:36:02.471"></status>
</kw>
<kw name="${i} = 2" type="foritem">
<kw name="Leer celda" library="recursos">
<arguments>
<arg>Hoja1</arg>
<arg>${i}</arg>
<arg>1</arg>
</arguments>
<assign>
<var>${usuario}</var>
</assign>
<kw name="Cell Data" library="ReadData">
<arguments>
<arg>${hoja}</arg>
<arg>${fila}</arg>
<arg>${celda}</arg>
</arguments>
<assign>
<var>${celldata}</var>
</assign>
<msg timestamp="20200721 18:36:02.472" level="INFO">${celldata} = DONOVAN GUTIERREZ</msg>
<status status="PASS" starttime="20200721 18:36:02.472" endtime="20200721 18:36:02.473"></status>
</kw>
<msg timestamp="20200721 18:36:02.473" level="INFO">${usuario} = DONOVAN GUTIERREZ</msg>
<status status="PASS" starttime="20200721 18:36:02.471" endtime="20200721 18:36:02.473"></status>
</kw>
<kw name="Leer celda" library="recursos">
<arguments>
<arg>Hoja1</arg>
<arg>${i}</arg>
<arg>3</arg>
</arguments>
<assign>
<var>${direccion}</var>
</assign>
<kw name="Cell Data" library="ReadData">
<arguments>
<arg>${hoja}</arg>
<arg>${fila}</arg>
<arg>${celda}</arg>
</arguments>
<assign>
<var>${celldata}</var>
</assign>
<msg timestamp="20200721 18:36:02.475" level="INFO">${celldata} = COLONIA MIRAMONTES</msg>
<status status="PASS" starttime="20200721 18:36:02.474" endtime="20200721 18:36:02.475"></status>
</kw>
<msg timestamp="20200721 18:36:02.475" level="INFO">${direccion} = COLONIA MIRAMONTES</msg>
<status status="PASS" starttime="20200721 18:36:02.473" endtime="20200721 18:36:02.475"></status>
</kw>
<kw name="Texto" library="recursos">
<arguments>
<arg>(//input[contains(@type,'text')])[1]</arg>
<arg>${usuario}</arg>
</arguments>
<kw name="Input Text" library="SeleniumLibrary">
<doc>Types the given ``text`` into the text field identified by ``locator``.</doc>
<arguments>
<arg>xpath=${arg1}</arg>
<arg>${arg2}</arg>
</arguments>
<msg timestamp="20200721 18:36:02.477" level="INFO">Typing text 'DONOVAN GUTIERREZ' into text field 'xpath=(//input[contains(@type,'text')])[1]'.</msg>
<status status="PASS" starttime="20200721 18:36:02.476" endtime="20200721 18:36:03.026"></status>
</kw>
<status status="PASS" starttime="20200721 18:36:02.475" endtime="20200721 18:36:03.026"></status>
</kw>
<kw name="Dormir" library="recursos">
<arguments>
<arg>1</arg>
</arguments>
<kw name="Sleep" library="BuiltIn">
<doc>Pauses the test executed for the given time.</doc>
<arguments>
<arg>${arg1}</arg>
</arguments>
<msg timestamp="20200721 18:36:04.029" level="INFO">Slept 1 second</msg>
<status status="PASS" starttime="20200721 18:36:03.027" endtime="20200721 18:36:04.029"></status>
</kw>
<status status="PASS" starttime="20200721 18:36:03.026" endtime="20200721 18:36:04.029"></status>
</kw>
<kw name="Click" library="recursos">
<arguments>
<arg>(//input[contains(@type,'button')])[1]</arg>
</arguments>
<kw name="Click Element" library="SeleniumLibrary">
<doc>Click the element identified by ``locator``.</doc>
<arguments>
<arg>xpath=${arg1}</arg>
</arguments>
<msg timestamp="20200721 18:36:04.032" level="INFO">Clicking element 'xpath=(//input[contains(@type,'button')])[1]'.</msg>
<status status="PASS" starttime="20200721 18:36:04.031" endtime="20200721 18:36:04.380"></status>
</kw>
<status status="PASS" starttime="20200721 18:36:04.029" endtime="20200721 18:36:04.381"></status>
</kw>
<kw name="Dormir" library="recursos">
<arguments>
<arg>1</arg>
</arguments>
<kw name="Sleep" library="BuiltIn">
<doc>Pauses the test executed for the given time.</doc>
<arguments>
<arg>${arg1}</arg>
</arguments>
<msg timestamp="20200721 18:36:05.385" level="INFO">Slept 1 second</msg>
<status status="PASS" starttime="20200721 18:36:04.382" endtime="20200721 18:36:05.385"></status>
</kw>
<status status="PASS" starttime="20200721 18:36:04.381" endtime="20200721 18:36:05.385"></status>
</kw>
<kw name="SLI" library="recursos">
<arguments>
<arg>(//select[contains(@class,'form-control')])[4]</arg>
<arg>2</arg>
</arguments>
<kw name="Select From List By Index" library="SeleniumLibrary">
<doc>Selects options from selection list ``locator`` by ``indexes``.</doc>
<arguments>
<arg>${arg1}</arg>
<arg>${arg2}</arg>
</arguments>
<msg timestamp="20200721 18:36:05.386" level="INFO">Selecting options from selection list '(//select[contains(@class,'form-control')])[4]' by index 2.</msg>
<status status="PASS" starttime="20200721 18:36:05.386" endtime="20200721 18:36:06.503"></status>
</kw>
<status status="PASS" starttime="20200721 18:36:05.385" endtime="20200721 18:36:06.503"></status>
</kw>
<kw name="Dormir" library="recursos">
<arguments>
<arg>1</arg>
</arguments>
<kw name="Sleep" library="BuiltIn">
<doc>Pauses the test executed for the given time.</doc>
<arguments>
<arg>${arg1}</arg>
</arguments>
<msg timestamp="20200721 18:36:07.505" level="INFO">Slept 1 second</msg>
<status status="PASS" starttime="20200721 18:36:06.503" endtime="20200721 18:36:07.505"></status>
</kw>
<status status="PASS" starttime="20200721 18:36:06.503" endtime="20200721 18:36:07.505"></status>
</kw>
<kw name="Click" library="recursos">
<arguments>
<arg>//a[contains(@id,'sinamope:dtSucursales:0:lnkSelSucursal')]</arg>
</arguments>
<kw name="Click Element" library="SeleniumLibrary">
<doc>Click the element identified by ``locator``.</doc>
<arguments>
<arg>xpath=${arg1}</arg>
</arguments>
<msg timestamp="20200721 18:36:07.506" level="INFO">Clicking element 'xpath=//a[contains(@id,'sinamope:dtSucursales:0:lnkSelSucursal')]'.</msg>
<status status="PASS" starttime="20200721 18:36:07.505" endtime="20200721 18:36:08.085"></status>
</kw>
<status status="PASS" starttime="20200721 18:36:07.505" endtime="20200721 18:36:08.085"></status>
</kw>
<kw name="Dormir" library="recursos">
<arguments>
<arg>1</arg>
</arguments>
<kw name="Sleep" library="BuiltIn">
<doc>Pauses the test executed for the given time.</doc>
<arguments>
<arg>${arg1}</arg>
</arguments>
<msg timestamp="20200721 18:36:09.087" level="INFO">Slept 1 second</msg>
<status status="PASS" starttime="20200721 18:36:08.086" endtime="20200721 18:36:09.087"></status>
</kw>
<status status="PASS" starttime="20200721 18:36:08.085" endtime="20200721 18:36:09.087"></status>
</kw>
<kw name="Texto" library="recursos">
<arguments>
<arg>(//input[contains(@class,'form-control')])[2]</arg>
<arg>${direccion}</arg>
</arguments>
<kw name="Input Text" library="SeleniumLibrary">
<doc>Types the given ``text`` into the text field identified by ``locator``.</doc>
<arguments>
<arg>xpath=${arg1}</arg>
<arg>${arg2}</arg>
</arguments>
<msg timestamp="20200721 18:36:09.088" level="INFO">Typing text 'COLONIA MIRAMONTES' into text field 'xpath=(//input[contains(@class,'form-control')])[2]'.</msg>
<status status="PASS" starttime="20200721 18:36:09.088" endtime="20200721 18:36:09.792"></status>
</kw>
<status status="PASS" starttime="20200721 18:36:09.087" endtime="20200721 18:36:09.792"></status>
</kw>
<kw name="Dormir" library="recursos">
<arguments>
<arg>1</arg>
</arguments>
<kw name="Sleep" library="BuiltIn">
<doc>Pauses the test executed for the given time.</doc>
<arguments>
<arg>${arg1}</arg>
</arguments>
<msg timestamp="20200721 18:36:10.795" level="INFO">Slept 1 second</msg>
<status status="PASS" starttime="20200721 18:36:09.793" endtime="20200721 18:36:10.795"></status>
</kw>
<status status="PASS" starttime="20200721 18:36:09.793" endtime="20200721 18:36:10.795"></status>
</kw>
<kw name="Click" library="recursos">
<arguments>
<arg>(//input[contains(@type,'button')])[2]</arg>
</arguments>
<kw name="Click Element" library="SeleniumLibrary">
<doc>Click the element identified by ``locator``.</doc>
<arguments>
<arg>xpath=${arg1}</arg>
</arguments>
<msg timestamp="20200721 18:36:10.796" level="INFO">Clicking element 'xpath=(//input[contains(@type,'button')])[2]'.</msg>
<status status="PASS" starttime="20200721 18:36:10.796" endtime="20200721 18:36:11.066"></status>
</kw>
<status status="PASS" starttime="20200721 18:36:10.795" endtime="20200721 18:36:11.066"></status>
</kw>
<kw name="Dormir" library="recursos">
<arguments>
<arg>1</arg>
</arguments>
<kw name="Sleep" library="BuiltIn">
<doc>Pauses the test executed for the given time.</doc>
<arguments>
<arg>${arg1}</arg>
</arguments>
<msg timestamp="20200721 18:36:12.068" level="INFO">Slept 1 second</msg>
<status status="PASS" starttime="20200721 18:36:11.067" endtime="20200721 18:36:12.068"></status>
</kw>
<status status="PASS" starttime="20200721 18:36:11.066" endtime="20200721 18:36:12.068"></status>
</kw>
<kw name="SLI" library="recursos">
<arguments>
<arg>(//select[contains(@class,'form-control')])[4]</arg>
<arg>2</arg>
</arguments>
<kw name="Select From List By Index" library="SeleniumLibrary">
<doc>Selects options from selection list ``locator`` by ``indexes``.</doc>
<arguments>
<arg>${arg1}</arg>
<arg>${arg2}</arg>
</arguments>
<msg timestamp="20200721 18:36:12.069" level="INFO">Selecting options from selection list '(//select[contains(@class,'form-control')])[4]' by index 2.</msg>
<status status="PASS" starttime="20200721 18:36:12.068" endtime="20200721 18:36:13.247"></status>
</kw>
<status status="PASS" starttime="20200721 18:36:12.068" endtime="20200721 18:36:13.247"></status>
</kw>
<kw name="Dormir" library="recursos">
<arguments>
<arg>1</arg>
</arguments>
<kw name="Sleep" library="BuiltIn">
<doc>Pauses the test executed for the given time.</doc>
<arguments>
<arg>${arg1}</arg>
</arguments>
<msg timestamp="20200721 18:36:14.250" level="INFO">Slept 1 second</msg>
<status status="PASS" starttime="20200721 18:36:13.248" endtime="20200721 18:36:14.250"></status>
</kw>
<status status="PASS" starttime="20200721 18:36:13.247" endtime="20200721 18:36:14.250"></status>
</kw>
<kw name="Click" library="recursos">
<arguments>
<arg>//a[@title='Seleccionar sucursal']</arg>
</arguments>
<kw name="Click Element" library="SeleniumLibrary">
<doc>Click the element identified by ``locator``.</doc>
<arguments>
<arg>xpath=${arg1}</arg>
</arguments>
<msg timestamp="20200721 18:36:14.252" level="INFO">Clicking element 'xpath=//a[@title='Seleccionar sucursal']'.</msg>
<status status="PASS" starttime="20200721 18:36:14.252" endtime="20200721 18:36:14.796"></status>
</kw>
<status status="PASS" starttime="20200721 18:36:14.251" endtime="20200721 18:36:14.796"></status>
</kw>
<kw name="Scroll" library="recursos">
<arguments>
<arg>0</arg>
<arg>600</arg>
</arguments>
<kw name="Execute Javascript" library="SeleniumLibrary">
<doc>Executes the given JavaScript code with possible arguments.</doc>
<arguments>
<arg>window.scrollTo(${arg1},${arg2})</arg>
</arguments>
<msg timestamp="20200721 18:36:14.797" level="INFO">Executing JavaScript:
window.scrollTo(0,600)
Without any arguments.</msg>
<status status="PASS" starttime="20200721 18:36:14.797" endtime="20200721 18:36:14.902"></status>
</kw>
<status status="PASS" starttime="20200721 18:36:14.796" endtime="20200721 18:36:14.902"></status>
</kw>
<kw name="Dormir" library="recursos">
<arguments>
<arg>2</arg>
</arguments>
<kw name="Sleep" library="BuiltIn">
<doc>Pauses the test executed for the given time.</doc>
<arguments>
<arg>${arg1}</arg>
</arguments>
<msg timestamp="20200721 18:36:16.905" level="INFO">Slept 2 seconds</msg>
<status status="PASS" starttime="20200721 18:36:14.902" endtime="20200721 18:36:16.905"></status>
</kw>
<status status="PASS" starttime="20200721 18:36:14.902" endtime="20200721 18:36:16.905"></status>
</kw>
<kw name="Click" library="recursos">
<arguments>
<arg>//*[@id="sinamope:j_idt165:4:especie"]</arg>
</arguments>
<kw name="Click Element" library="SeleniumLibrary">
<doc>Click the element identified by ``locator``.</doc>
<arguments>
<arg>xpath=${arg1}</arg>
</arguments>
<msg timestamp="20200721 18:36:16.906" level="INFO">Clicking element 'xpath=//*[@id="sinamope:j_idt165:4:especie"]'.</msg>
<status status="PASS" starttime="20200721 18:36:16.905" endtime="20200721 18:36:17.177"></status>
</kw>
<status status="PASS" starttime="20200721 18:36:16.905" endtime="20200721 18:36:17.177"></status>
</kw>
<kw name="Dormir" library="recursos">
<arguments>
<arg>1</arg>
</arguments>
<kw name="Sleep" library="BuiltIn">
<doc>Pauses the test executed for the given time.</doc>
<arguments>
<arg>${arg1}</arg>
</arguments>
<msg timestamp="20200721 18:36:18.180" level="INFO">Slept 1 second</msg>
<status status="PASS" starttime="20200721 18:36:17.178" endtime="20200721 18:36:18.180"></status>
</kw>
<status status="PASS" starttime="20200721 18:36:17.177" endtime="20200721 18:36:18.181"></status>
</kw>
<kw name="Scroll" library="recursos">
<arguments>
<arg>0</arg>
<arg>800</arg>
</arguments>
<kw name="Execute Javascript" library="SeleniumLibrary">
<doc>Executes the given JavaScript code with possible arguments.</doc>
<arguments>
<arg>window.scrollTo(${arg1},${arg2})</arg>
</arguments>
<msg timestamp="20200721 18:36:18.183" level="INFO">Executing JavaScript:
window.scrollTo(0,800)
Without any arguments.</msg>
<status status="PASS" starttime="20200721 18:36:18.182" endtime="20200721 18:36:18.294"></status>
</kw>
<status status="PASS" starttime="20200721 18:36:18.181" endtime="20200721 18:36:18.295"></status>
</kw>
<kw name="Texto" library="recursos">
<arguments>
<arg>(//input[contains(@type,'text')])[4]</arg>
<arg>10</arg>
</arguments>
<kw name="Input Text" library="SeleniumLibrary">
<doc>Types the given ``text`` into the text field identified by ``locator``.</doc>
<arguments>
<arg>xpath=${arg1}</arg>
<arg>${arg2}</arg>
</arguments>
<msg timestamp="20200721 18:36:18.297" level="INFO">Typing text '10' into text field 'xpath=(//input[contains(@type,'text')])[4]'.</msg>
<status status="PASS" starttime="20200721 18:36:18.296" endtime="20200721 18:36:18.782"></status>
</kw>
<status status="PASS" starttime="20200721 18:36:18.295" endtime="20200721 18:36:18.782"></status>
</kw>
<kw name="SLI" library="recursos">
<arguments>
<arg>(//select[contains(@class,'form-control')])[1]</arg>
<arg>3</arg>
</arguments>
<kw name="Select From List By Index" library="SeleniumLibrary">
<doc>Selects options from selection list ``locator`` by ``indexes``.</doc>
<arguments>
<arg>${arg1}</arg>
<arg>${arg2}</arg>
</arguments>
<msg timestamp="20200721 18:36:18.783" level="INFO">Selecting options from selection list '(//select[contains(@class,'form-control')])[1]' by index 3.</msg>
<status status="PASS" starttime="20200721 18:36:18.782" endtime="20200721 18:36:20.054"></status>
</kw>
<status status="PASS" starttime="20200721 18:36:18.782" endtime="20200721 18:36:20.054"></status>
</kw>
<kw name="Dormir" library="recursos">
<arguments>
<arg>1</arg>
</arguments>
<kw name="Sleep" library="BuiltIn">
<doc>Pauses the test executed for the given time.</doc>
<arguments>
<arg>${arg1}</arg>
</arguments>
<msg timestamp="20200721 18:36:21.059" level="INFO">Slept 1 second</msg>
<status status="PASS" starttime="20200721 18:36:20.056" endtime="20200721 18:36:21.059"></status>
</kw>
<status status="PASS" starttime="20200721 18:36:20.055" endtime="20200721 18:36:21.059"></status>
</kw>
<kw name="SLI" library="recursos">
<arguments>
<arg>(//select[contains(@class,'form-control')])[2]</arg>
<arg>3</arg>
</arguments>
<kw name="Select From List By Index" library="SeleniumLibrary">
<doc>Selects options from selection list ``locator`` by ``indexes``.</doc>
<arguments>
<arg>${arg1}</arg>
<arg>${arg2}</arg>
</arguments>
<msg timestamp="20200721 18:36:21.061" level="INFO">Selecting options from selection list '(//select[contains(@class,'form-control')])[2]' by index 3.</msg>
<status status="PASS" starttime="20200721 18:36:21.060" endtime="20200721 18:36:22.303"></status>
</kw>
<status status="PASS" starttime="20200721 18:36:21.059" endtime="20200721 18:36:22.303"></status>
</kw>
<kw name="SLI" library="recursos">
<arguments>
<arg>(//select[contains(@class,'form-control')])[3]</arg>
<arg>1</arg>
</arguments>
<kw name="Select From List By Index" library="SeleniumLibrary">
<doc>Selects options from selection list ``locator`` by ``indexes``.</doc>
<arguments>
<arg>${arg1}</arg>
<arg>${arg2}</arg>
</arguments>
<msg timestamp="20200721 18:36:22.304" level="INFO">Selecting options from selection list '(//select[contains(@class,'form-control')])[3]' by index 1.</msg>
<status status="PASS" starttime="20200721 18:36:22.303" endtime="20200721 18:36:23.322"></status>
</kw>
<status status="PASS" starttime="20200721 18:36:22.303" endtime="20200721 18:36:23.322"></status>
</kw>
<kw name="Scroll" library="recursos">
<arguments>
<arg>0</arg>
<arg>1300</arg>
</arguments>
<kw name="Execute Javascript" library="SeleniumLibrary">
<doc>Executes the given JavaScript code with possible arguments.</doc>
<arguments>
<arg>window.scrollTo(${arg1},${arg2})</arg>
</arguments>
<msg timestamp="20200721 18:36:23.323" level="INFO">Executing JavaScript:
window.scrollTo(0,1300)
Without any arguments.</msg>
<status status="PASS" starttime="20200721 18:36:23.322" endtime="20200721 18:36:23.428"></status>
</kw>
<status status="PASS" starttime="20200721 18:36:23.322" endtime="20200721 18:36:23.428"></status>
</kw>
<kw name="Dormir" library="recursos">
<arguments>
<arg>1</arg>
</arguments>
<kw name="Sleep" library="BuiltIn">
<doc>Pauses the test executed for the given time.</doc>
<arguments>
<arg>${arg1}</arg>
</arguments>
<msg timestamp="20200721 18:36:24.431" level="INFO">Slept 1 second</msg>
<status status="PASS" starttime="20200721 18:36:23.428" endtime="20200721 18:36:24.431"></status>
</kw>
<status status="PASS" starttime="20200721 18:36:23.428" endtime="20200721 18:36:24.431"></status>
</kw>
<kw name="Click" library="recursos">
<arguments>
<arg>(//input[contains(@value,'1')])[2]</arg>
</arguments>
<kw name="Click Element" library="SeleniumLibrary">
<doc>Click the element identified by ``locator``.</doc>
<arguments>
<arg>xpath=${arg1}</arg>
</arguments>
<msg timestamp="20200721 18:36:24.432" level="INFO">Clicking element 'xpath=(//input[contains(@value,'1')])[2]'.</msg>
<status status="PASS" starttime="20200721 18:36:24.432" endtime="20200721 18:36:24.703"></status>
</kw>
<status status="PASS" starttime="20200721 18:36:24.431" endtime="20200721 18:36:24.703"></status>
</kw>
<kw name="Dormir" library="recursos">
<arguments>
<arg>1</arg>
</arguments>
<kw name="Sleep" library="BuiltIn">
<doc>Pauses the test executed for the given time.</doc>
<arguments>
<arg>${arg1}</arg>
</arguments>
<msg timestamp="20200721 18:36:25.705" level="INFO">Slept 1 second</msg>
<status status="PASS" starttime="20200721 18:36:24.703" endtime="20200721 18:36:25.705"></status>
</kw>
<status status="PASS" starttime="20200721 18:36:24.703" endtime="20200721 18:36:25.705"></status>
</kw>
<kw name="SLI" library="recursos">
<arguments>
<arg>(//select[contains(@class,'form-control')])[4]</arg>
<arg>5</arg>
</arguments>
<kw name="Select From List By Index" library="SeleniumLibrary">
<doc>Selects options from selection list ``locator`` by ``indexes``.</doc>
<arguments>
<arg>${arg1}</arg>
<arg>${arg2}</arg>
</arguments>
<msg timestamp="20200721 18:36:25.706" level="INFO">Selecting options from selection list '(//select[contains(@class,'form-control')])[4]' by index 5.</msg>
<status status="PASS" starttime="20200721 18:36:25.706" endtime="20200721 18:36:27.151"></status>
</kw>
<status status="PASS" starttime="20200721 18:36:25.705" endtime="20200721 18:36:27.151"></status>
</kw>
<kw name="Click" library="recursos">
<arguments>
<arg>(//input[contains(@value,'4')])[2]</arg>
</arguments>
<kw name="Click Element" library="SeleniumLibrary">
<doc>Click the element identified by ``locator``.</doc>
<arguments>
<arg>xpath=${arg1}</arg>
</arguments>
<msg timestamp="20200721 18:36:27.152" level="INFO">Clicking element 'xpath=(//input[contains(@value,'4')])[2]'.</msg>
<status status="PASS" starttime="20200721 18:36:27.152" endtime="20200721 18:36:27.670"></status>
</kw>
<status status="PASS" starttime="20200721 18:36:27.151" endtime="20200721 18:36:27.670"></status>
</kw>
<kw name="Dormir" library="recursos">
<arguments>
<arg>1</arg>
</arguments>
<kw name="Sleep" library="BuiltIn">
<doc>Pauses the test executed for the given time.</doc>
<arguments>
<arg>${arg1}</arg>
</arguments>
<msg timestamp="20200721 18:36:28.671" level="INFO">Slept 1 second</msg>
<status status="PASS" starttime="20200721 18:36:27.671" endtime="20200721 18:36:28.671"></status>
</kw>
<status status="PASS" starttime="20200721 18:36:27.670" endtime="20200721 18:36:28.671"></status>
</kw>
<kw name="Texto" library="recursos">
<arguments>
<arg>(//input[contains(@type,'text')])[7]</arg>
<arg>NISSAN</arg>
</arguments>
<kw name="Input Text" library="SeleniumLibrary">
<doc>Types the given ``text`` into the text field identified by ``locator``.</doc>
<arguments>
<arg>xpath=${arg1}</arg>
<arg>${arg2}</arg>
</arguments>
<msg timestamp="20200721 18:36:28.672" level="INFO">Typing text 'NISSAN' into text field 'xpath=(//input[contains(@type,'text')])[7]'.</msg>
<status status="PASS" starttime="20200721 18:36:28.671" endtime="20200721 18:36:29.143"></status>
</kw>
<status status="PASS" starttime="20200721 18:36:28.671" endtime="20200721 18:36:29.143"></status>
</kw>
<kw name="Texto" library="recursos">
<arguments>
<arg>(//input[contains(@type,'text')])[8]</arg>
<arg>HTRG-345</arg>
</arguments>
<kw name="Input Text" library="SeleniumLibrary">
<doc>Types the given ``text`` into the text field identified by ``locator``.</doc>
<arguments>
<arg>xpath=${arg1}</arg>
<arg>${arg2}</arg>
</arguments>
<msg timestamp="20200721 18:36:29.144" level="INFO">Typing text 'HTRG-345' into text field 'xpath=(//input[contains(@type,'text')])[8]'.</msg>
<status status="PASS" starttime="20200721 18:36:29.144" endtime="20200721 18:36:29.612"></status>
</kw>
<status status="PASS" starttime="20200721 18:36:29.143" endtime="20200721 18:36:29.612"></status>
</kw>
<kw name="Dormir" library="recursos">
<arguments>
<arg>1</arg>
</arguments>
<kw name="Sleep" library="BuiltIn">
<doc>Pauses the test executed for the given time.</doc>
<arguments>
<arg>${arg1}</arg>
</arguments>
<msg timestamp="20200721 18:36:30.614" level="INFO">Slept 1 second</msg>
<status status="PASS" starttime="20200721 18:36:29.613" endtime="20200721 18:36:30.614"></status>
</kw>
<status status="PASS" starttime="20200721 18:36:29.612" endtime="20200721 18:36:30.614"></status>
</kw>
<kw name="Scroll" library="recursos">
<arguments>
<arg>0</arg>
<arg>1700</arg>
</arguments>
<kw name="Execute Javascript" library="SeleniumLibrary">
<doc>Executes the given JavaScript code with possible arguments.</doc>
<arguments>
<arg>window.scrollTo(${arg1},${arg2})</arg>
</arguments>
<msg timestamp="20200721 18:36:30.615" level="INFO">Executing JavaScript:
window.scrollTo(0,1700)
Without any arguments.</msg>
<status status="PASS" starttime="20200721 18:36:30.614" endtime="20200721 18:36:30.724"></status>
</kw>
<status status="PASS" starttime="20200721 18:36:30.614" endtime="20200721 18:36:30.724"></status>
</kw>
<kw name="Dormir" library="recursos">
<arguments>
<arg>1</arg>
</arguments>
<kw name="Sleep" library="BuiltIn">
<doc>Pauses the test executed for the given time.</doc>
<arguments>
<arg>${arg1}</arg>
</arguments>
<msg timestamp="20200721 18:36:31.727" level="INFO">Slept 1 second</msg>
<status status="PASS" starttime="20200721 18:36:30.724" endtime="20200721 18:36:31.727"></status>
</kw>
<status status="PASS" starttime="20200721 18:36:30.724" endtime="20200721 18:36:31.727"></status>
</kw>
<kw name="Texto" library="recursos">
<arguments>
<arg>(//input[contains(@type,'text')])[11]</arg>
<arg>ok</arg>
</arguments>
<kw name="Input Text" library="SeleniumLibrary">
<doc>Types the given ``text`` into the text field identified by ``locator``.</doc>
<arguments>
<arg>xpath=${arg1}</arg>
<arg>${arg2}</arg>
</arguments>
<msg timestamp="20200721 18:36:31.728" level="INFO">Typing text 'ok' into text field 'xpath=(//input[contains(@type,'text')])[11]'.</msg>
<status status="PASS" starttime="20200721 18:36:31.728" endtime="20200721 18:36:32.149"></status>
</kw>
<status status="PASS" starttime="20200721 18:36:31.727" endtime="20200721 18:36:32.149"></status>
</kw>
<kw name="Texto" library="recursos">
<arguments>
<arg>(//input[contains(@type,'text')])[12]</arg>
<arg>X173126</arg>
</arguments>
<kw name="Input Text" library="SeleniumLibrary">
<doc>Types the given ``text`` into the text field identified by ``locator``.</doc>
<arguments>
<arg>xpath=${arg1}</arg>
<arg>${arg2}</arg>
</arguments>
<msg timestamp="20200721 18:36:32.150" level="INFO">Typing text 'X173126' into text field 'xpath=(//input[contains(@type,'text')])[12]'.</msg>
<status status="PASS" starttime="20200721 18:36:32.149" endtime="20200721 18:36:32.627"></status>
</kw>
<status status="PASS" starttime="20200721 18:36:32.149" endtime="20200721 18:36:32.627"></status>
</kw>
<kw name="Dormir" library="recursos">
<arguments>
<arg>1</arg>
</arguments>
<kw name="Sleep" library="BuiltIn">
<doc>Pauses the test executed for the given time.</doc>
<arguments>
<arg>${arg1}</arg>
</arguments>
<msg timestamp="20200721 18:36:33.629" level="INFO">Slept 1 second</msg>
<status status="PASS" starttime="20200721 18:36:32.627" endtime="20200721 18:36:33.629"></status>
</kw>
<status status="PASS" starttime="20200721 18:36:32.627" endtime="20200721 18:36:33.629"></status>
</kw>
<kw name="Scroll" library="recursos">
<arguments>
<arg>0</arg>
<arg>2000</arg>
</arguments>
<kw name="Execute Javascript" library="SeleniumLibrary">
<doc>Executes the given JavaScript code with possible arguments.</doc>
<arguments>
<arg>window.scrollTo(${arg1},${arg2})</arg>
</arguments>
<msg timestamp="20200721 18:36:33.630" level="INFO">Executing JavaScript:
window.scrollTo(0,2000)
Without any arguments.</msg>
<status status="PASS" starttime="20200721 18:36:33.630" endtime="20200721 18:36:33.738"></status>
</kw>
<status status="PASS" starttime="20200721 18:36:33.629" endtime="20200721 18:36:33.738"></status>
</kw>
<kw name="Dormir" library="recursos">
<arguments>
<arg>1</arg>
</arguments>
<kw name="Sleep" library="BuiltIn">
<doc>Pauses the test executed for the given time.</doc>
<arguments>
<arg>${arg1}</arg>
</arguments>
<msg timestamp="20200721 18:36:34.741" level="INFO">Slept 1 second</msg>
<status status="PASS" starttime="20200721 18:36:33.738" endtime="20200721 18:36:34.741"></status>
</kw>
<status status="PASS" starttime="20200721 18:36:33.738" endtime="20200721 18:36:34.741"></status>
</kw>
<kw name="Click" library="recursos">
<arguments>
<arg>(//input[contains(@type,'submit')])[1]</arg>
</arguments>
<kw name="Click Element" library="SeleniumLibrary">
<doc>Click the element identified by ``locator``.</doc>
<arguments>
<arg>xpath=${arg1}</arg>
</arguments>
<msg timestamp="20200721 18:36:34.742" level="INFO">Clicking element 'xpath=(//input[contains(@type,'submit')])[1]'.</msg>
<status status="PASS" starttime="20200721 18:36:34.742" endtime="20200721 18:36:35.198"></status>
</kw>
<status status="PASS" starttime="20200721 18:36:34.741" endtime="20200721 18:36:35.198"></status>
</kw>
<kw name="Dormir" library="recursos">
<arguments>
<arg>1</arg>
</arguments>
<kw name="Sleep" library="BuiltIn">
<doc>Pauses the test executed for the given time.</doc>
<arguments>
<arg>${arg1}</arg>
</arguments>
<msg timestamp="20200721 18:36:36.199" level="INFO">Slept 1 second</msg>
<status status="PASS" starttime="20200721 18:36:35.198" endtime="20200721 18:36:36.199"></status>
</kw>
<status status="PASS" starttime="20200721 18:36:35.198" endtime="20200721 18:36:36.199"></status>
</kw>
<kw name="Scroll" library="recursos">
<arguments>
<arg>0</arg>
<arg>250</arg>
</arguments>
<kw name="Execute Javascript" library="SeleniumLibrary">
<doc>Executes the given JavaScript code with possible arguments.</doc>
<arguments>
<arg>window.scrollTo(${arg1},${arg2})</arg>
</arguments>
<msg timestamp="20200721 18:36:36.201" level="INFO">Executing JavaScript:
window.scrollTo(0,250)
Without any arguments.</msg>
<status status="PASS" starttime="20200721 18:36:36.200" endtime="20200721 18:36:36.308"></status>
</kw>
<status status="PASS" starttime="20200721 18:36:36.200" endtime="20200721 18:36:36.308"></status>
</kw>
<kw name="Click" library="recursos">
<arguments>
<arg>(//input[contains(@type,'submit')])[2]</arg>
</arguments>
<kw name="Click Element" library="SeleniumLibrary">
<doc>Click the element identified by ``locator``.</doc>
<arguments>
<arg>xpath=${arg1}</arg>
</arguments>
<msg timestamp="20200721 18:36:36.309" level="INFO">Clicking element 'xpath=(//input[contains(@type,'submit')])[2]'.</msg>
<status status="PASS" starttime="20200721 18:36:36.308" endtime="20200721 18:36:37.505"></status>
</kw>
<status status="PASS" starttime="20200721 18:36:36.308" endtime="20200721 18:36:37.505"></status>
</kw>
<kw name="Dormir" library="recursos">
<arguments>
<arg>3</arg>
</arguments>
<kw name="Sleep" library="BuiltIn">
<doc>Pauses the test executed for the given time.</doc>
<arguments>
<arg>${arg1}</arg>
</arguments>
<msg timestamp="20200721 18:36:40.508" level="INFO">Slept 3 seconds</msg>
<status status="PASS" starttime="20200721 18:36:37.506" endtime="20200721 18:36:40.508"></status>
</kw>
<status status="PASS" starttime="20200721 18:36:37.505" endtime="20200721 18:36:40.508"></status>
</kw>
<kw name="Scroll" library="recursos">
<arguments>
<arg>0</arg>
<arg>900</arg>
</arguments>
<kw name="Execute Javascript" library="SeleniumLibrary">
<doc>Executes the given JavaScript code with possible arguments.</doc>
<arguments>
<arg>window.scrollTo(${arg1},${arg2})</arg>
</arguments>
<msg timestamp="20200721 18:36:40.510" level="INFO">Executing JavaScript:
window.scrollTo(0,900)
Without any arguments.</msg>
<status status="PASS" starttime="20200721 18:36:40.509" endtime="20200721 18:36:40.619"></status>
</kw>
<status status="PASS" starttime="20200721 18:36:40.508" endtime="20200721 18:36:40.619"></status>
</kw>
<kw name="Dormir" library="recursos">
<arguments>
<arg>1</arg>
</arguments>
<kw name="Sleep" library="BuiltIn">
<doc>Pauses the test executed for the given time.</doc>
<arguments>
<arg>${arg1}</arg>
</arguments>
<msg timestamp="20200721 18:36:41.620" level="INFO">Slept 1 second</msg>
<status status="PASS" starttime="20200721 18:36:40.619" endtime="20200721 18:36:41.620"></status>
</kw>
<status status="PASS" starttime="20200721 18:36:40.619" endtime="20200721 18:36:41.620"></status>
</kw>
<kw name="Click" library="recursos">
<arguments>
<arg>(//input[contains(@type,'submit')])[2]</arg>
</arguments>
<kw name="Click Element" library="SeleniumLibrary">
<doc>Click the element identified by ``locator``.</doc>
<arguments>
<arg>xpath=${arg1}</arg>
</arguments>
<msg timestamp="20200721 18:36:41.621" level="INFO">Clicking element 'xpath=(//input[contains(@type,'submit')])[2]'.</msg>
<status status="PASS" starttime="20200721 18:36:41.620" endtime="20200721 18:36:42.241"></status>
</kw>
<status status="PASS" starttime="20200721 18:36:41.620" endtime="20200721 18:36:42.241"></status>
</kw>
<kw name="Dormir" library="recursos">
<arguments>
<arg>1</arg>
</arguments>
<kw name="Sleep" library="BuiltIn">
<doc>Pauses the test executed for the given time.</doc>
<arguments>
<arg>${arg1}</arg>
</arguments>
<msg timestamp="20200721 18:36:43.244" level="INFO">Slept 1 second</msg>
<status status="PASS" starttime="20200721 18:36:42.242" endtime="20200721 18:36:43.244"></status>
</kw>
<status status="PASS" starttime="20200721 18:36:42.241" endtime="20200721 18:36:43.244"></status>
</kw>
<kw name="Click" library="recursos">
<arguments>
<arg>//input[contains(@id,'sinamope:btnImprimir')]</arg>
</arguments>
<kw name="Click Element" library="SeleniumLibrary">
<doc>Click the element identified by ``locator``.</doc>
<arguments>
<arg>xpath=${arg1}</arg>
</arguments>
<msg timestamp="20200721 18:36:43.245" level="INFO">Clicking element 'xpath=//input[contains(@id,'sinamope:btnImprimir')]'.</msg>
<status status="PASS" starttime="20200721 18:36:43.245" endtime="20200721 18:36:44.257"></status>
</kw>
<status status="PASS" starttime="20200721 18:36:43.244" endtime="20200721 18:36:44.257"></status>
</kw>
<kw name="Dormir" library="recursos">
<arguments>
<arg>2</arg>
</arguments>
<kw name="Sleep" library="BuiltIn">
<doc>Pauses the test executed for the given time.</doc>
<arguments>
<arg>${arg1}</arg>
</arguments>
<msg timestamp="20200721 18:36:46.259" level="INFO">Slept 2 seconds</msg>
<status status="PASS" starttime="20200721 18:36:44.258" endtime="20200721 18:36:46.259"></status>
</kw>
<status status="PASS" starttime="20200721 18:36:44.257" endtime="20200721 18:36:46.259"></status>
</kw>
<kw name="Click" library="recursos">
<arguments>
<arg>(//a[@data-advertencia='no'][contains(.,'Movilización')])[1]</arg>
</arguments>
<kw name="Click Element" library="SeleniumLibrary">
<doc>Click the element identified by ``locator``.</doc>
<arguments>
<arg>xpath=${arg1}</arg>
</arguments>
<msg timestamp="20200721 18:36:46.259" level="INFO">Clicking element 'xpath=(//a[@data-advertencia='no'][contains(.,'Movilización')])[1]'.</msg>
<status status="PASS" starttime="20200721 18:36:46.259" endtime="20200721 18:36:46.523"></status>
</kw>
<status status="PASS" starttime="20200721 18:36:46.259" endtime="20200721 18:36:46.523"></status>
</kw>
<kw name="Dormir" library="recursos">
<arguments>
<arg>1</arg>
</arguments>
<kw name="Sleep" library="BuiltIn">
<doc>Pauses the test executed for the given time.</doc>
<arguments>
<arg>${arg1}</arg>
</arguments>
<msg timestamp="20200721 18:36:47.525" level="INFO">Slept 1 second</msg>
<status status="PASS" starttime="20200721 18:36:46.523" endtime="20200721 18:36:47.525"></status>
</kw>
<status status="PASS" starttime="20200721 18:36:46.523" endtime="20200721 18:36:47.525"></status>
</kw>
<kw name="Click" library="recursos">
<arguments>
<arg>//*[@id="Movilizacion_animales"]/a</arg>
</arguments>
<kw name="Click Element" library="SeleniumLibrary">
<doc>Click the element identified by ``locator``.</doc>
<arguments>
<arg>xpath=${arg1}</arg>
</arguments>
<msg timestamp="20200721 18:36:47.526" level="INFO">Clicking element 'xpath=//*[@id="Movilizacion_animales"]/a'.</msg>
<status status="PASS" starttime="20200721 18:36:47.526" endtime="20200721 18:36:47.811"></status>
</kw>
<status status="PASS" starttime="20200721 18:36:47.525" endtime="20200721 18:36:47.811"></status>
</kw>
<kw name="Dormir" library="recursos">
[...]
<status status="PASS" starttime="20200721 18:38:59.745" endtime="20200721 18:39:00.015"></status>
</kw>
<status status="PASS" starttime="20200721 18:38:59.745" endtime="20200721 18:39:00.015"></status>
</kw>
<kw name="Dormir" library="recursos">
<arguments>
<arg>1</arg>
</arguments>
<kw name="Sleep" library="BuiltIn">
<doc>Pauses the test executed for the given time.</doc>
<arguments>
<arg>${arg1}</arg>
</arguments>
<msg timestamp="20200721 18:39:01.019" level="INFO">Slept 1 second</msg>
<status status="PASS" starttime="20200721 18:39:00.016" endtime="20200721 18:39:01.019"></status>
</kw>
<status status="PASS" starttime="20200721 18:39:00.015" endtime="20200721 18:39:01.019"></status>
</kw>
<kw name="SLI" library="recursos">
<arguments>
<arg>(//select[contains(@class,'form-control')])[4]</arg>
<arg>5</arg>
</arguments>
<kw name="Select From List By Index" library="SeleniumLibrary">
<doc>Selects options from selection list ``locator`` by ``indexes``.</doc>
<arguments>
<arg>${arg1}</arg>
<arg>${arg2}</arg>
</arguments>
<msg timestamp="20200721 18:39:01.020" level="INFO">Selecting options from selection list '(//select[contains(@class,'form-control')])[4]' by index 5.</msg>
<status status="PASS" starttime="20200721 18:39:01.020" endtime="20200721 18:39:02.481"></status>
</kw>
<status status="PASS" starttime="20200721 18:39:01.019" endtime="20200721 18:39:02.481"></status>
</kw>
<kw name="Click" library="recursos">
<arguments>
<arg>(//input[contains(@value,'4')])[2]</arg>
</arguments>
<kw name="Click Element" library="SeleniumLibrary">
<doc>Click the element identified by ``locator``.</doc>
<arguments>
<arg>xpath=${arg1}</arg>
</arguments>
<msg timestamp="20200721 18:39:02.483" level="INFO">Clicking element 'xpath=(//input[contains(@value,'4')])[2]'.</msg>
<status status="PASS" starttime="20200721 18:39:02.482" endtime="20200721 18:39:03.027"></status>
</kw>
<status status="PASS" starttime="20200721 18:39:02.481" endtime="20200721 18:39:03.027"></status>
</kw>
<kw name="Dormir" library="recursos">
<arguments>
<arg>1</arg>
</arguments>
<kw name="Sleep" library="BuiltIn">
<doc>Pauses the test executed for the given time.</doc>
<arguments>
<arg>${arg1}</arg>
</arguments>
<msg timestamp="20200721 18:39:04.028" level="INFO">Slept 1 second</msg>
<status status="PASS" starttime="20200721 18:39:03.028" endtime="20200721 18:39:04.028"></status>
</kw>
<status status="PASS" starttime="20200721 18:39:03.027" endtime="20200721 18:39:04.028"></status>
</kw>
<kw name="Texto" library="recursos">
<arguments>
<arg>(//input[contains(@type,'text')])[7]</arg>
<arg>NISSAN</arg>
</arguments>
<kw name="Input Text" library="SeleniumLibrary">
<doc>Types the given ``text`` into the text field identified by ``locator``.</doc>
<arguments>
<arg>xpath=${arg1}</arg>
<arg>${arg2}</arg>
</arguments>
<msg timestamp="20200721 18:39:04.030" level="INFO">Typing text 'NISSAN' into text field 'xpath=(//input[contains(@type,'text')])[7]'.</msg>
<status status="PASS" starttime="20200721 18:39:04.029" endtime="20200721 18:39:04.608"></status>
</kw>
<status status="PASS" starttime="20200721 18:39:04.029" endtime="20200721 18:39:04.608"></status>
</kw>
<kw name="Texto" library="recursos">
<arguments>
<arg>(//input[contains(@type,'text')])[8]</arg>
<arg>HTRG-345</arg>
</arguments>
<kw name="Input Text" library="SeleniumLibrary">
<doc>Types the given ``text`` into the text field identified by ``locator``.</doc>
<arguments>
<arg>xpath=${arg1}</arg>
<arg>${arg2}</arg>
</arguments>
<msg timestamp="20200721 18:39:04.609" level="INFO">Typing text 'HTRG-345' into text field 'xpath=(//input[contains(@type,'text')])[8]'.</msg>
<status status="PASS" starttime="20200721 18:39:04.608" endtime="20200721 18:39:05.391"></status>
</kw>
<status status="PASS" starttime="20200721 18:39:04.608" endtime="20200721 18:39:05.391"></status>
</kw>
<kw name="Dormir" library="recursos">
<arguments>
<arg>1</arg>
</arguments>
<kw name="Sleep" library="BuiltIn">
<doc>Pauses the test executed for the given time.</doc>
<arguments>
<arg>${arg1}</arg>
</arguments>
<msg timestamp="20200721 18:39:06.394" level="INFO">Slept 1 second</msg>
<status status="PASS" starttime="20200721 18:39:05.392" endtime="20200721 18:39:06.394"></status>
</kw>
<status status="PASS" starttime="20200721 18:39:05.391" endtime="20200721 18:39:06.394"></status>
</kw>
<kw name="Scroll" library="recursos">
<arguments>
<arg>0</arg>
<arg>1700</arg>
</arguments>
<kw name="Execute Javascript" library="SeleniumLibrary">
<doc>Executes the given JavaScript code with possible arguments.</doc>
<arguments>
<arg>window.scrollTo(${arg1},${arg2})</arg>
</arguments>
<msg timestamp="20200721 18:39:06.395" level="INFO">Executing JavaScript:
window.scrollTo(0,1700)
Without any arguments.</msg>
<status status="PASS" starttime="20200721 18:39:06.395" endtime="20200721 18:39:06.504"></status>
</kw>
<status status="PASS" starttime="20200721 18:39:06.394" endtime="20200721 18:39:06.504"></status>
</kw>
<kw name="Dormir" library="recursos">
<arguments>
<arg>1</arg>
</arguments>
<kw name="Sleep" library="BuiltIn">
<doc>Pauses the test executed for the given time.</doc>
<arguments>
<arg>${arg1}</arg>
</arguments>
<msg timestamp="20200721 18:39:07.506" level="INFO">Slept 1 second</msg>
<status status="PASS" starttime="20200721 18:39:06.505" endtime="20200721 18:39:07.506"></status>
</kw>
<status status="PASS" starttime="20200721 18:39:06.504" endtime="20200721 18:39:07.506"></status>
</kw>
<kw name="Texto" library="recursos">
<arguments>
<arg>(//input[contains(@type,'text')])[11]</arg>
<arg>ok</arg>
</arguments>
<kw name="Input Text" library="SeleniumLibrary">
<doc>Types the given ``text`` into the text field identified by ``locator``.</doc>
<arguments>
<arg>xpath=${arg1}</arg>
<arg>${arg2}</arg>
</arguments>
<msg timestamp="20200721 18:39:07.507" level="INFO">Typing text 'ok' into text field 'xpath=(//input[contains(@type,'text')])[11]'.</msg>
<status status="PASS" starttime="20200721 18:39:07.506" endtime="20200721 18:39:07.925"></status>
</kw>
<status status="PASS" starttime="20200721 18:39:07.506" endtime="20200721 18:39:07.925"></status>
</kw>
<kw name="Texto" library="recursos">
<arguments>
<arg>(//input[contains(@type,'text')])[12]</arg>
<arg>X173126</arg>
</arguments>
<kw name="Input Text" library="SeleniumLibrary">
<doc>Types the given ``text`` into the text field identified by ``locator``.</doc>
<arguments>
<arg>xpath=${arg1}</arg>
<arg>${arg2}</arg>
</arguments>
<msg timestamp="20200721 18:39:07.926" level="INFO">Typing text 'X173126' into text field 'xpath=(//input[contains(@type,'text')])[12]'.</msg>
<status status="PASS" starttime="20200721 18:39:07.925" endtime="20200721 18:39:08.369"></status>
</kw>
<status status="PASS" starttime="20200721 18:39:07.925" endtime="20200721 18:39:08.369"></status>
</kw>
<kw name="Dormir" library="recursos">
<arguments>
<arg>1</arg>
</arguments>
<kw name="Sleep" library="BuiltIn">
<doc>Pauses the test executed for the given time.</doc>
<arguments>
<arg>${arg1}</arg>
</arguments>
<msg timestamp="20200721 18:39:09.371" level="INFO">Slept 1 second</msg>
<status status="PASS" starttime="20200721 18:39:08.369" endtime="20200721 18:39:09.371"></status>
</kw>
<status status="PASS" starttime="20200721 18:39:08.369" endtime="20200721 18:39:09.371"></status>
</kw>
<kw name="Scroll" library="recursos">
<arguments>
<arg>0</arg>
<arg>2000</arg>
</arguments>
<kw name="Execute Javascript" library="SeleniumLibrary">
<doc>Executes the given JavaScript code with possible arguments.</doc>
<arguments>
<arg>window.scrollTo(${arg1},${arg2})</arg>
</arguments>
<msg timestamp="20200721 18:39:09.372" level="INFO">Executing JavaScript:
window.scrollTo(0,2000)
Without any arguments.</msg>
<status status="PASS" starttime="20200721 18:39:09.372" endtime="20200721 18:39:09.480"></status>
</kw>
<status status="PASS" starttime="20200721 18:39:09.371" endtime="20200721 18:39:09.480"></status>
</kw>
<kw name="Dormir" library="recursos">
<arguments>
<arg>1</arg>
</arguments>
<kw name="Sleep" library="BuiltIn">
<doc>Pauses the test executed for the given time.</doc>
<arguments>
<arg>${arg1}</arg>
</arguments>
<msg timestamp="20200721 18:39:10.483" level="INFO">Slept 1 second</msg>
<status status="PASS" starttime="20200721 18:39:09.481" endtime="20200721 18:39:10.483"></status>
</kw>
<status status="PASS" starttime="20200721 18:39:09.480" endtime="20200721 18:39:10.483"></status>
</kw>
<kw name="Click" library="recursos">
<arguments>
<arg>(//input[contains(@type,'submit')])[1]</arg>
</arguments>
<kw name="Click Element" library="SeleniumLibrary">
<doc>Click the element identified by ``locator``.</doc>
<arguments>
<arg>xpath=${arg1}</arg>
</arguments>
<msg timestamp="20200721 18:39:10.484" level="INFO">Clicking element 'xpath=(//input[contains(@type,'submit')])[1]'.</msg>
<status status="PASS" starttime="20200721 18:39:10.484" endtime="20200721 18:39:11.102"></status>
</kw>
<status status="PASS" starttime="20200721 18:39:10.483" endtime="20200721 18:39:11.102"></status>
</kw>
<kw name="Dormir" library="recursos">
<arguments>
<arg>1</arg>
</arguments>
<kw name="Sleep" library="BuiltIn">
<doc>Pauses the test executed for the given time.</doc>
<arguments>
<arg>${arg1}</arg>
</arguments>
<msg timestamp="20200721 18:39:12.104" level="INFO">Slept 1 second</msg>
<status status="PASS" starttime="20200721 18:39:11.102" endtime="20200721 18:39:12.104"></status>
</kw>
<status status="PASS" starttime="20200721 18:39:11.102" endtime="20200721 18:39:12.104"></status>
</kw>
<kw name="Scroll" library="recursos">
<arguments>
<arg>0</arg>
<arg>250</arg>
</arguments>
<kw name="Execute Javascript" library="SeleniumLibrary">
<doc>Executes the given JavaScript code with possible arguments.</doc>
<arguments>
<arg>window.scrollTo(${arg1},${arg2})</arg>
</arguments>
<msg timestamp="20200721 18:39:12.105" level="INFO">Executing JavaScript:
window.scrollTo(0,250)
Without any arguments.</msg>
<status status="PASS" starttime="20200721 18:39:12.105" endtime="20200721 18:39:12.212"></status>
</kw>
<status status="PASS" starttime="20200721 18:39:12.104" endtime="20200721 18:39:12.212"></status>
</kw>
<kw name="Click" library="recursos">
<arguments>
<arg>(//input[contains(@type,'submit')])[2]</arg>
</arguments>
<kw name="Click Element" library="SeleniumLibrary">
<doc>Click the element identified by ``locator``.</doc>
<arguments>
<arg>xpath=${arg1}</arg>
</arguments>
<msg timestamp="20200721 18:39:12.213" level="INFO">Clicking element 'xpath=(//input[contains(@type,'submit')])[2]'.</msg>
<status status="PASS" starttime="20200721 18:39:12.213" endtime="20200721 18:39:13.347"></status>
</kw>
<status status="PASS" starttime="20200721 18:39:12.212" endtime="20200721 18:39:13.347"></status>
</kw>
<kw name="Dormir" library="recursos">
<arguments>
<arg>3</arg>
</arguments>
<kw name="Sleep" library="BuiltIn">
<doc>Pauses the test executed for the given time.</doc>
<arguments>
<arg>${arg1}</arg>
</arguments>
<msg timestamp="20200721 18:39:16.350" level="INFO">Slept 3 seconds</msg>
<status status="PASS" starttime="20200721 18:39:13.348" endtime="20200721 18:39:16.350"></status>
</kw>
<status status="PASS" starttime="20200721 18:39:13.347" endtime="20200721 18:39:16.350"></status>
</kw>
<kw name="Scroll" library="recursos">
<arguments>
<arg>0</arg>
<arg>900</arg>
</arguments>
<kw name="Execute Javascript" library="SeleniumLibrary">
<doc>Executes the given JavaScript code with possible arguments.</doc>
<arguments>
<arg>window.scrollTo(${arg1},${arg2})</arg>
</arguments>
<msg timestamp="20200721 18:39:16.351" level="INFO">Executing JavaScript:
window.scrollTo(0,900)
Without any arguments.</msg>
<status status="PASS" starttime="20200721 18:39:16.350" endtime="20200721 18:39:16.458"></status>
</kw>
<status status="PASS" starttime="20200721 18:39:16.350" endtime="20200721 18:39:16.458"></status>
</kw>
<kw name="Dormir" library="recursos">
<arguments>
<arg>1</arg>
</arguments>
<kw name="Sleep" library="BuiltIn">
<doc>Pauses the test executed for the given time.</doc>
<arguments>
<arg>${arg1}</arg>
</arguments>
<msg timestamp="20200721 18:39:17.460" level="INFO">Slept 1 second</msg>
<status status="PASS" starttime="20200721 18:39:16.459" endtime="20200721 18:39:17.460"></status>
</kw>
<status status="PASS" starttime="20200721 18:39:16.458" endtime="20200721 18:39:17.460"></status>
</kw>
<kw name="Click" library="recursos">
<arguments>
<arg>(//input[contains(@type,'submit')])[2]</arg>
</arguments>
<kw name="Click Element" library="SeleniumLibrary">
<doc>Click the element identified by ``locator``.</doc>
<arguments>
<arg>xpath=${arg1}</arg>
</arguments>
<msg timestamp="20200721 18:39:17.462" level="INFO">Clicking element 'xpath=(//input[contains(@type,'submit')])[2]'.</msg>
<status status="PASS" starttime="20200721 18:39:17.461" endtime="20200721 18:39:18.075"></status>
</kw>
<status status="PASS" starttime="20200721 18:39:17.460" endtime="20200721 18:39:18.075"></status>
</kw>
<kw name="Dormir" library="recursos">
<arguments>
<arg>1</arg>
</arguments>
<kw name="Sleep" library="BuiltIn">
<doc>Pauses the test executed for the given time.</doc>
<arguments>
<arg>${arg1}</arg>
</arguments>
<msg timestamp="20200721 18:39:19.079" level="INFO">Slept 1 second</msg>
<status status="PASS" starttime="20200721 18:39:18.077" endtime="20200721 18:39:19.079"></status>
</kw>
<status status="PASS" starttime="20200721 18:39:18.075" endtime="20200721 18:39:19.079"></status>
</kw>
<kw name="Click" library="recursos">
<arguments>
<arg>//input[contains(@id,'sinamope:btnImprimir')]</arg>
</arguments>
<kw name="Click Element" library="SeleniumLibrary">
<doc>Click the element identified by ``locator``.</doc>
<arguments>
<arg>xpath=${arg1}</arg>
</arguments>
<msg timestamp="20200721 18:39:19.080" level="INFO">Clicking element 'xpath=//input[contains(@id,'sinamope:btnImprimir')]'.</msg>
<status status="PASS" starttime="20200721 18:39:19.080" endtime="20200721 18:39:19.998"></status>
</kw>
<status status="PASS" starttime="20200721 18:39:19.080" endtime="20200721 18:39:19.998"></status>
</kw>
<kw name="Dormir" library="recursos">
<arguments>
<arg>2</arg>
</arguments>
<kw name="Sleep" library="BuiltIn">
<doc>Pauses the test executed for the given time.</doc>
<arguments>
<arg>${arg1}</arg>
</arguments>
<msg timestamp="20200721 18:39:21.999" level="INFO">Slept 2 seconds</msg>
<status status="PASS" starttime="20200721 18:39:19.998" endtime="20200721 18:39:21.999"></status>
</kw>
<status status="PASS" starttime="20200721 18:39:19.998" endtime="20200721 18:39:21.999"></status>
</kw>
<kw name="Click" library="recursos">
<arguments>
<arg>(//a[@data-advertencia='no'][contains(.,'Movilización')])[1]</arg>
</arguments>
<kw name="Click Element" library="SeleniumLibrary">
<doc>Click the element identified by ``locator``.</doc>
<arguments>
<arg>xpath=${arg1}</arg>
</arguments>
<msg timestamp="20200721 18:39:22.000" level="INFO">Clicking element 'xpath=(//a[@data-advertencia='no'][contains(.,'Movilización')])[1]'.</msg>
<status status="PASS" starttime="20200721 18:39:22.000" endtime="20200721 18:39:22.256"></status>
</kw>
<status status="PASS" starttime="20200721 18:39:21.999" endtime="20200721 18:39:22.256"></status>
</kw>
<kw name="Dormir" library="recursos">
<arguments>
<arg>1</arg>
</arguments>
<kw name="Sleep" library="BuiltIn">
<doc>Pauses the test executed for the given time.</doc>
<arguments>
<arg>${arg1}</arg>
</arguments>
<msg timestamp="20200721 18:39:23.258" level="INFO">Slept 1 second</msg>
<status status="PASS" starttime="20200721 18:39:22.256" endtime="20200721 18:39:23.258"></status>
</kw>
<status status="PASS" starttime="20200721 18:39:22.256" endtime="20200721 18:39:23.258"></status>
</kw>
<kw name="Click" library="recursos">
<arguments>
<arg>//*[@id="Movilizacion_animales"]/a</arg>
</arguments>
<kw name="Click Element" library="SeleniumLibrary">
<doc>Click the element identified by ``locator``.</doc>
<arguments>
<arg>xpath=${arg1}</arg>
</arguments>
<msg timestamp="20200721 18:39:23.260" level="INFO">Clicking element 'xpath=//*[@id="Movilizacion_animales"]/a'.</msg>
<status status="PASS" starttime="20200721 18:39:23.259" endtime="20200721 18:39:23.527"></status>
</kw>
<status status="PASS" starttime="20200721 18:39:23.259" endtime="20200721 18:39:23.527"></status>
</kw>
<kw name="Dormir" library="recursos">
<arguments>
<arg>2</arg>
</arguments>
<kw name="Sleep" library="BuiltIn">
<doc>Pauses the test executed for the given time.</doc>
<arguments>
<arg>${arg1}</arg>
</arguments>
<msg timestamp="20200721 18:39:25.529" level="INFO">Slept 2 seconds</msg>
<status status="PASS" starttime="20200721 18:39:23.527" endtime="20200721 18:39:25.529"></status>
</kw>
<status status="PASS" starttime="20200721 18:39:23.527" endtime="20200721 18:39:25.529"></status>
</kw>
<kw name="Click" library="recursos">
<arguments>
<arg>(//input[contains(@type,'submit')])[6]</arg>
</arguments>
<kw name="Click Element" library="SeleniumLibrary">
<doc>Click the element identified by ``locator``.</doc>
<arguments>
<arg>xpath=${arg1}</arg>
</arguments>
<msg timestamp="20200721 18:39:25.530" level="INFO">Clicking element 'xpath=(//input[contains(@type,'submit')])[6]'.</msg>
<status status="PASS" starttime="20200721 18:39:25.529" endtime="20200721 18:39:27.355"></status>
</kw>
<status status="PASS" starttime="20200721 18:39:25.529" endtime="20200721 18:39:27.355"></status>
</kw>
<kw name="Dormir" library="recursos">
<arguments>
<arg>2</arg>
</arguments>
<kw name="Sleep" library="BuiltIn">
<doc>Pauses the test executed for the given time.</doc>
<arguments>
<arg>${arg1}</arg>
</arguments>
<msg timestamp="20200721 18:39:29.358" level="INFO">Slept 2 seconds</msg>
<status status="PASS" starttime="20200721 18:39:27.355" endtime="20200721 18:39:29.358"></status>
</kw>
<status status="PASS" starttime="20200721 18:39:27.355" endtime="20200721 18:39:29.358"></status>
</kw>
<kw name="Run Keyword If" library="BuiltIn">
<doc>Runs the given keyword with the given arguments, if ``condition`` is true.</doc>
<arguments>
<arg>'${i}'=='${reg}'</arg>
<arg>Exit For Loop</arg>
</arguments>
<kw name="Exit For Loop" library="BuiltIn">
<doc>Stops executing the enclosing for loop.</doc>
<msg timestamp="20200721 18:39:29.359" level="INFO">Exiting for loop altogether.</msg>
<status status="PASS" starttime="20200721 18:39:29.358" endtime="20200721 18:39:29.359"></status>
</kw>
<status status="PASS" starttime="20200721 18:39:29.358" endtime="20200721 18:39:29.359"></status>
</kw>
<status status="PASS" starttime="20200721 18:38:37.927" endtime="20200721 18:39:29.359"></status>
</kw>
<status status="PASS" starttime="20200721 18:35:10.036" endtime="20200721 18:39:29.359"></status>
</kw>
<kw name="Cerrar" library="recursos">
<kw name="Close Browser" library="SeleniumLibrary">
<doc>Closes the current browser.</doc>
<status status="PASS" starttime="20200721 18:39:29.359" endtime="20200721 18:39:31.528"></status>
</kw>
<status status="PASS" starttime="20200721 18:39:29.359" endtime="20200721 18:39:31.528"></status>
</kw>
<status status="PASS" starttime="20200721 18:34:46.214" endtime="20200721 18:39:31.528"></status>
</kw>
<doc>PRUEBA SINAMOPE 001 (DESCARGAR REPORTE PDF)</doc>
<tags>
<tag>s001</tag>
</tags>
<status status="PASS" starttime="20200721 18:34:46.212" endtime="20200721 18:39:31.528" critical="yes"></status>
</test>
<doc>Casos de Prueba Proyecto SINAMOPE</doc>
<status status="PASS" starttime="20200721 18:34:44.152" endtime="20200721 18:39:31.530"></status>
</suite>
<status status="PASS" starttime="20200721 18:34:44.120" endtime="20200721 18:39:31.536"></status>
</suite>
<statistics>
<total>
<stat pass="1" fail="0">Critical Tests</stat>
<stat pass="1" fail="0">All Tests</stat>
</total>
<tag>
<stat pass="1" fail="0">s001</stat>
</tag>
<suite>
<stat pass="1" fail="0" id="s1" name="Suites">Suites</stat>
<stat pass="1" fail="0" id="s1-s1" name="Sinamope6">Suites.Sinamope6</stat>
</suite>
</statistics>
<errors>
</errors>
</robot>
